[0.011s] Invoking command in '/home/havard/git/vaffelgutta/camera/camera_ws/build/aruco_interfaces': CMAKE_PREFIX_PATH=${CMAKE_PREFIX_PATH}:/home/havard/interbotix_ws/install/interbotix_xs_modules:/home/havard/interbotix_ws/install/interbotix_perception_modules:/home/havard/interbotix_ws/install/interbotix_common_modules:/opt/ros/humble /usr/bin/cmake --build /home/havard/git/vaffelgutta/camera/camera_ws/build/aruco_interfaces -- -j12 -l12
[0.040s] [35m[1mConsolidate compiler generated dependencies of target aruco_interfaces__rosidl_generator_c[0m
[0.050s] [  3%] Built target aruco_interfaces__cpp
[0.050s] [ 12%] Built target aruco_interfaces__rosidl_generator_c
[0.051s] [ 12%] Built target ament_cmake_python_symlink_aruco_interfaces
[0.057s] [35m[1mConsolidate compiler generated dependencies of target aruco_interfaces__rosidl_typesupport_cpp[0m
[0.058s] [35m[1mConsolidate compiler generated dependencies of target aruco_interfaces__rosidl_typesupport_fastrtps_c[0m
[0.059s] [35m[1mConsolidate compiler generated dependencies of target aruco_interfaces__rosidl_typesupport_fastrtps_cpp[0m
[0.059s] [35m[1mConsolidate compiler generated dependencies of target aruco_interfaces__rosidl_typesupport_c[0m
[0.060s] [35m[1mConsolidate compiler generated dependencies of target aruco_interfaces__rosidl_typesupport_introspection_c[0m
[0.060s] [35m[1mConsolidate compiler generated dependencies of target aruco_interfaces__rosidl_typesupport_introspection_cpp[0m
[0.066s] [ 22%] Built target aruco_interfaces__rosidl_typesupport_cpp
[0.067s] [ 32%] Built target aruco_interfaces__rosidl_typesupport_fastrtps_c
[0.070s] [ 51%] Built target aruco_interfaces__rosidl_typesupport_fastrtps_cpp
[0.070s] [ 51%] Built target aruco_interfaces__rosidl_typesupport_c
[0.071s] [ 61%] Built target aruco_interfaces__rosidl_typesupport_introspection_cpp
[0.071s] [ 70%] Built target aruco_interfaces__rosidl_typesupport_introspection_c
[0.088s] [ 70%] Built target aruco_interfaces
[0.107s] [ 74%] Built target aruco_interfaces__py
[0.116s] [35m[1mConsolidate compiler generated dependencies of target aruco_interfaces__rosidl_generator_py[0m
[0.126s] [ 80%] Built target aruco_interfaces__rosidl_generator_py
[0.133s] [35m[1mConsolidate compiler generated dependencies of target aruco_interfaces__rosidl_typesupport_fastrtps_c__pyext[0m
[0.136s] [35m[1mConsolidate compiler generated dependencies of target aruco_interfaces__rosidl_typesupport_introspection_c__pyext[0m
[0.136s] [35m[1mConsolidate compiler generated dependencies of target aruco_interfaces__rosidl_typesupport_c__pyext[0m
[0.144s] [ 87%] Built target aruco_interfaces__rosidl_typesupport_fastrtps_c__pyext
[0.145s] [ 93%] Built target aruco_interfaces__rosidl_typesupport_c__pyext
[0.147s] [100%] Built target aruco_interfaces__rosidl_typesupport_introspection_c__pyext
[0.206s] running egg_info
[0.206s] writing aruco_interfaces.egg-info/PKG-INFO
[0.206s] writing dependency_links to aruco_interfaces.egg-info/dependency_links.txt
[0.206s] writing top-level names to aruco_interfaces.egg-info/top_level.txt
[0.207s] reading manifest file 'aruco_interfaces.egg-info/SOURCES.txt'
[0.208s] writing manifest file 'aruco_interfaces.egg-info/SOURCES.txt'
[0.228s] [100%] Built target ament_cmake_python_build_aruco_interfaces_egg
[0.235s] Invoked command in '/home/havard/git/vaffelgutta/camera/camera_ws/build/aruco_interfaces' returned '0': CMAKE_PREFIX_PATH=${CMAKE_PREFIX_PATH}:/home/havard/interbotix_ws/install/interbotix_xs_modules:/home/havard/interbotix_ws/install/interbotix_perception_modules:/home/havard/interbotix_ws/install/interbotix_common_modules:/opt/ros/humble /usr/bin/cmake --build /home/havard/git/vaffelgutta/camera/camera_ws/build/aruco_interfaces -- -j12 -l12
[0.242s] Invoking command in '/home/havard/git/vaffelgutta/camera/camera_ws/build/aruco_interfaces': CMAKE_PREFIX_PATH=${CMAKE_PREFIX_PATH}:/home/havard/interbotix_ws/install/interbotix_xs_modules:/home/havard/interbotix_ws/install/interbotix_perception_modules:/home/havard/interbotix_ws/install/interbotix_common_modules:/opt/ros/humble /usr/bin/cmake --install /home/havard/git/vaffelgutta/camera/camera_ws/build/aruco_interfaces
[0.249s] -- Install configuration: ""
[0.249s] -- Execute custom install script
[0.249s] -- Up-to-date symlink: /home/havard/git/vaffelgutta/camera/camera_ws/install/aruco_interfaces/share/ament_index/resource_index/rosidl_interfaces/aruco_interfaces
[0.249s] -- Up-to-date symlink: /home/havard/git/vaffelgutta/camera/camera_ws/install/aruco_interfaces/include/aruco_interfaces/aruco_interfaces/msg/aruco_markers.h
[0.249s] -- Up-to-date symlink: /home/havard/git/vaffelgutta/camera/camera_ws/install/aruco_interfaces/include/aruco_interfaces/aruco_interfaces/msg/detail/aruco_markers__functions.h
[0.249s] -- Up-to-date symlink: /home/havard/git/vaffelgutta/camera/camera_ws/install/aruco_interfaces/include/aruco_interfaces/aruco_interfaces/msg/detail/aruco_markers__struct.h
[0.250s] -- Up-to-date symlink: /home/havard/git/vaffelgutta/camera/camera_ws/install/aruco_interfaces/include/aruco_interfaces/aruco_interfaces/msg/detail/aruco_markers__type_support.h
[0.250s] -- Up-to-date symlink: /home/havard/git/vaffelgutta/camera/camera_ws/install/aruco_interfaces/include/aruco_interfaces/aruco_interfaces/msg/rosidl_generator_c__visibility_control.h
[0.250s] -- Up-to-date symlink: /home/havard/git/vaffelgutta/camera/camera_ws/install/aruco_interfaces/share/aruco_interfaces/environment/library_path.sh
[0.250s] -- Up-to-date symlink: /home/havard/git/vaffelgutta/camera/camera_ws/install/aruco_interfaces/share/aruco_interfaces/environment/library_path.dsv
[0.250s] -- Up-to-date symlink: /home/havard/git/vaffelgutta/camera/camera_ws/install/aruco_interfaces/include/aruco_interfaces/aruco_interfaces/msg/detail/aruco_markers__rosidl_typesupport_fastrtps_c.h
[0.250s] -- Up-to-date symlink: /home/havard/git/vaffelgutta/camera/camera_ws/install/aruco_interfaces/include/aruco_interfaces/aruco_interfaces/msg/rosidl_typesupport_fastrtps_c__visibility_control.h
[0.250s] -- Up-to-date symlink: /home/havard/git/vaffelgutta/camera/camera_ws/install/aruco_interfaces/include/aruco_interfaces/aruco_interfaces/msg/aruco_markers.hpp
[0.250s] -- Up-to-date symlink: /home/havard/git/vaffelgutta/camera/camera_ws/install/aruco_interfaces/include/aruco_interfaces/aruco_interfaces/msg/detail/aruco_markers__builder.hpp
[0.250s] -- Up-to-date symlink: /home/havard/git/vaffelgutta/camera/camera_ws/install/aruco_interfaces/include/aruco_interfaces/aruco_interfaces/msg/detail/aruco_markers__struct.hpp
[0.251s] -- Up-to-date symlink: /home/havard/git/vaffelgutta/camera/camera_ws/install/aruco_interfaces/include/aruco_interfaces/aruco_interfaces/msg/detail/aruco_markers__traits.hpp
[0.251s] -- Up-to-date symlink: /home/havard/git/vaffelgutta/camera/camera_ws/install/aruco_interfaces/include/aruco_interfaces/aruco_interfaces/msg/detail/aruco_markers__type_support.hpp
[0.251s] -- Up-to-date symlink: /home/havard/git/vaffelgutta/camera/camera_ws/install/aruco_interfaces/include/aruco_interfaces/aruco_interfaces/msg/rosidl_generator_cpp__visibility_control.hpp
[0.251s] -- Up-to-date symlink: /home/havard/git/vaffelgutta/camera/camera_ws/install/aruco_interfaces/include/aruco_interfaces/aruco_interfaces/msg/detail/aruco_markers__rosidl_typesupport_fastrtps_cpp.hpp
[0.251s] -- Up-to-date symlink: /home/havard/git/vaffelgutta/camera/camera_ws/install/aruco_interfaces/include/aruco_interfaces/aruco_interfaces/msg/rosidl_typesupport_fastrtps_cpp__visibility_control.h
[0.251s] -- Up-to-date symlink: /home/havard/git/vaffelgutta/camera/camera_ws/install/aruco_interfaces/include/aruco_interfaces/aruco_interfaces/msg/detail/aruco_markers__rosidl_typesupport_introspection_c.h
[0.251s] -- Up-to-date symlink: /home/havard/git/vaffelgutta/camera/camera_ws/install/aruco_interfaces/include/aruco_interfaces/aruco_interfaces/msg/rosidl_typesupport_introspection_c__visibility_control.h
[0.251s] -- Up-to-date symlink: /home/havard/git/vaffelgutta/camera/camera_ws/install/aruco_interfaces/include/aruco_interfaces/aruco_interfaces/msg/detail/aruco_markers__rosidl_typesupport_introspection_cpp.hpp
[0.251s] -- Up-to-date symlink: /home/havard/git/vaffelgutta/camera/camera_ws/install/aruco_interfaces/share/aruco_interfaces/environment/pythonpath.sh
[0.251s] -- Up-to-date symlink: /home/havard/git/vaffelgutta/camera/camera_ws/install/aruco_interfaces/share/aruco_interfaces/environment/pythonpath.dsv
[0.251s] -- Up-to-date symlink: /home/havard/git/vaffelgutta/camera/camera_ws/install/aruco_interfaces/local/lib/python3.10/dist-packages/aruco_interfaces-0.1.0-py3.10.egg-info/PKG-INFO
[0.251s] -- Up-to-date symlink: /home/havard/git/vaffelgutta/camera/camera_ws/install/aruco_interfaces/local/lib/python3.10/dist-packages/aruco_interfaces-0.1.0-py3.10.egg-info/SOURCES.txt
[0.252s] -- Up-to-date symlink: /home/havard/git/vaffelgutta/camera/camera_ws/install/aruco_interfaces/local/lib/python3.10/dist-packages/aruco_interfaces-0.1.0-py3.10.egg-info/dependency_links.txt
[0.252s] -- Up-to-date symlink: /home/havard/git/vaffelgutta/camera/camera_ws/install/aruco_interfaces/local/lib/python3.10/dist-packages/aruco_interfaces-0.1.0-py3.10.egg-info/top_level.txt
[0.252s] -- Up-to-date symlink: /home/havard/git/vaffelgutta/camera/camera_ws/install/aruco_interfaces/local/lib/python3.10/dist-packages/aruco_interfaces/__init__.py
[0.252s] -- Up-to-date symlink: /home/havard/git/vaffelgutta/camera/camera_ws/install/aruco_interfaces/local/lib/python3.10/dist-packages/aruco_interfaces/_aruco_interfaces_s.ep.rosidl_typesupport_c.c
[0.252s] -- Up-to-date symlink: /home/havard/git/vaffelgutta/camera/camera_ws/install/aruco_interfaces/local/lib/python3.10/dist-packages/aruco_interfaces/_aruco_interfaces_s.ep.rosidl_typesupport_fastrtps_c.c
[0.252s] -- Up-to-date symlink: /home/havard/git/vaffelgutta/camera/camera_ws/install/aruco_interfaces/local/lib/python3.10/dist-packages/aruco_interfaces/_aruco_interfaces_s.ep.rosidl_typesupport_introspection_c.c
[0.252s] -- Up-to-date symlink: /home/havard/git/vaffelgutta/camera/camera_ws/install/aruco_interfaces/local/lib/python3.10/dist-packages/aruco_interfaces/aruco_interfaces_s__rosidl_typesupport_c.cpython-310-x86_64-linux-gnu.so
[0.252s] -- Up-to-date symlink: /home/havard/git/vaffelgutta/camera/camera_ws/install/aruco_interfaces/local/lib/python3.10/dist-packages/aruco_interfaces/aruco_interfaces_s__rosidl_typesupport_fastrtps_c.cpython-310-x86_64-linux-gnu.so
[0.252s] -- Up-to-date symlink: /home/havard/git/vaffelgutta/camera/camera_ws/install/aruco_interfaces/local/lib/python3.10/dist-packages/aruco_interfaces/aruco_interfaces_s__rosidl_typesupport_introspection_c.cpython-310-x86_64-linux-gnu.so
[0.252s] -- Up-to-date symlink: /home/havard/git/vaffelgutta/camera/camera_ws/install/aruco_interfaces/local/lib/python3.10/dist-packages/aruco_interfaces/libaruco_interfaces__rosidl_generator_py.so
[0.252s] -- Up-to-date symlink: /home/havard/git/vaffelgutta/camera/camera_ws/install/aruco_interfaces/local/lib/python3.10/dist-packages/aruco_interfaces/msg/__init__.py
[0.253s] -- Up-to-date symlink: /home/havard/git/vaffelgutta/camera/camera_ws/install/aruco_interfaces/local/lib/python3.10/dist-packages/aruco_interfaces/msg/_aruco_markers.py
[0.253s] -- Up-to-date symlink: /home/havard/git/vaffelgutta/camera/camera_ws/install/aruco_interfaces/local/lib/python3.10/dist-packages/aruco_interfaces/msg/_aruco_markers_s.c
[0.253s] -- Up-to-date symlink: /home/havard/git/vaffelgutta/camera/camera_ws/install/aruco_interfaces/local/lib/python3.10/dist-packages/aruco_interfaces/aruco_interfaces_s__rosidl_typesupport_fastrtps_c.cpython-310-x86_64-linux-gnu.so
[0.253s] -- Up-to-date symlink: /home/havard/git/vaffelgutta/camera/camera_ws/install/aruco_interfaces/local/lib/python3.10/dist-packages/aruco_interfaces/aruco_interfaces_s__rosidl_typesupport_introspection_c.cpython-310-x86_64-linux-gnu.so
[0.253s] -- Up-to-date symlink: /home/havard/git/vaffelgutta/camera/camera_ws/install/aruco_interfaces/local/lib/python3.10/dist-packages/aruco_interfaces/aruco_interfaces_s__rosidl_typesupport_c.cpython-310-x86_64-linux-gnu.so
[0.253s] -- Up-to-date symlink: /home/havard/git/vaffelgutta/camera/camera_ws/install/aruco_interfaces/share/aruco_interfaces/msg/ArucoMarkers.idl
[0.253s] -- Up-to-date symlink: /home/havard/git/vaffelgutta/camera/camera_ws/install/aruco_interfaces/share/aruco_interfaces/msg/ArucoMarkers.msg
[0.253s] -- Up-to-date symlink: /home/havard/git/vaffelgutta/camera/camera_ws/install/aruco_interfaces/share/ament_index/resource_index/package_run_dependencies/aruco_interfaces
[0.253s] -- Up-to-date symlink: /home/havard/git/vaffelgutta/camera/camera_ws/install/aruco_interfaces/share/ament_index/resource_index/parent_prefix_path/aruco_interfaces
[0.253s] -- Up-to-date symlink: /home/havard/git/vaffelgutta/camera/camera_ws/install/aruco_interfaces/share/aruco_interfaces/environment/ament_prefix_path.sh
[0.253s] -- Up-to-date symlink: /home/havard/git/vaffelgutta/camera/camera_ws/install/aruco_interfaces/share/aruco_interfaces/environment/ament_prefix_path.dsv
[0.253s] -- Up-to-date symlink: /home/havard/git/vaffelgutta/camera/camera_ws/install/aruco_interfaces/share/aruco_interfaces/environment/path.sh
[0.253s] -- Up-to-date symlink: /home/havard/git/vaffelgutta/camera/camera_ws/install/aruco_interfaces/share/aruco_interfaces/environment/path.dsv
[0.254s] -- Up-to-date symlink: /home/havard/git/vaffelgutta/camera/camera_ws/install/aruco_interfaces/share/aruco_interfaces/local_setup.bash
[0.254s] -- Up-to-date symlink: /home/havard/git/vaffelgutta/camera/camera_ws/install/aruco_interfaces/share/aruco_interfaces/local_setup.sh
[0.254s] -- Up-to-date symlink: /home/havard/git/vaffelgutta/camera/camera_ws/install/aruco_interfaces/share/aruco_interfaces/local_setup.zsh
[0.254s] -- Up-to-date symlink: /home/havard/git/vaffelgutta/camera/camera_ws/install/aruco_interfaces/share/aruco_interfaces/local_setup.dsv
[0.254s] -- Symlinking: /home/havard/git/vaffelgutta/camera/camera_ws/install/aruco_interfaces/share/aruco_interfaces/package.dsv
[0.260s] -- Up-to-date symlink: /home/havard/git/vaffelgutta/camera/camera_ws/install/aruco_interfaces/share/ament_index/resource_index/packages/aruco_interfaces
[0.260s] -- Up-to-date symlink: /home/havard/git/vaffelgutta/camera/camera_ws/install/aruco_interfaces/share/aruco_interfaces/cmake/rosidl_cmake-extras.cmake
[0.260s] -- Up-to-date symlink: /home/havard/git/vaffelgutta/camera/camera_ws/install/aruco_interfaces/share/aruco_interfaces/cmake/ament_cmake_export_dependencies-extras.cmake
[0.260s] -- Up-to-date symlink: /home/havard/git/vaffelgutta/camera/camera_ws/install/aruco_interfaces/share/aruco_interfaces/cmake/ament_cmake_export_include_directories-extras.cmake
[0.260s] -- Up-to-date symlink: /home/havard/git/vaffelgutta/camera/camera_ws/install/aruco_interfaces/share/aruco_interfaces/cmake/ament_cmake_export_libraries-extras.cmake
[0.261s] -- Up-to-date symlink: /home/havard/git/vaffelgutta/camera/camera_ws/install/aruco_interfaces/share/aruco_interfaces/cmake/ament_cmake_export_targets-extras.cmake
[0.261s] -- Up-to-date symlink: /home/havard/git/vaffelgutta/camera/camera_ws/install/aruco_interfaces/share/aruco_interfaces/cmake/rosidl_cmake_export_typesupport_targets-extras.cmake
[0.261s] -- Up-to-date symlink: /home/havard/git/vaffelgutta/camera/camera_ws/install/aruco_interfaces/share/aruco_interfaces/cmake/rosidl_cmake_export_typesupport_libraries-extras.cmake
[0.261s] -- Up-to-date symlink: /home/havard/git/vaffelgutta/camera/camera_ws/install/aruco_interfaces/share/aruco_interfaces/cmake/aruco_interfacesConfig.cmake
[0.261s] -- Up-to-date symlink: /home/havard/git/vaffelgutta/camera/camera_ws/install/aruco_interfaces/share/aruco_interfaces/cmake/aruco_interfacesConfig-version.cmake
[0.261s] -- Up-to-date symlink: /home/havard/git/vaffelgutta/camera/camera_ws/install/aruco_interfaces/share/aruco_interfaces/package.xml
[0.261s] -- Up-to-date: /home/havard/git/vaffelgutta/camera/camera_ws/install/aruco_interfaces/lib/libaruco_interfaces__rosidl_generator_c.so
[0.261s] -- Up-to-date: /home/havard/git/vaffelgutta/camera/camera_ws/install/aruco_interfaces/lib/libaruco_interfaces__rosidl_typesupport_fastrtps_c.so
[0.261s] -- Up-to-date: /home/havard/git/vaffelgutta/camera/camera_ws/install/aruco_interfaces/lib/libaruco_interfaces__rosidl_typesupport_fastrtps_cpp.so
[0.261s] -- Up-to-date: /home/havard/git/vaffelgutta/camera/camera_ws/install/aruco_interfaces/lib/libaruco_interfaces__rosidl_typesupport_introspection_c.so
[0.261s] -- Up-to-date: /home/havard/git/vaffelgutta/camera/camera_ws/install/aruco_interfaces/lib/libaruco_interfaces__rosidl_typesupport_c.so
[0.261s] -- Up-to-date: /home/havard/git/vaffelgutta/camera/camera_ws/install/aruco_interfaces/lib/libaruco_interfaces__rosidl_typesupport_introspection_cpp.so
[0.262s] -- Up-to-date: /home/havard/git/vaffelgutta/camera/camera_ws/install/aruco_interfaces/lib/libaruco_interfaces__rosidl_typesupport_cpp.so
[0.283s] Listing '/home/havard/git/vaffelgutta/camera/camera_ws/install/aruco_interfaces/local/lib/python3.10/dist-packages/aruco_interfaces'...
[0.283s] Listing '/home/havard/git/vaffelgutta/camera/camera_ws/install/aruco_interfaces/local/lib/python3.10/dist-packages/aruco_interfaces/msg'...
[0.286s] -- Up-to-date: /home/havard/git/vaffelgutta/camera/camera_ws/install/aruco_interfaces/lib/libaruco_interfaces__rosidl_generator_py.so
[0.286s] -- Up-to-date: /home/havard/git/vaffelgutta/camera/camera_ws/install/aruco_interfaces/share/aruco_interfaces/cmake/export_aruco_interfaces__rosidl_generator_cExport.cmake
[0.286s] -- Up-to-date: /home/havard/git/vaffelgutta/camera/camera_ws/install/aruco_interfaces/share/aruco_interfaces/cmake/export_aruco_interfaces__rosidl_generator_cExport-noconfig.cmake
[0.286s] -- Up-to-date: /home/havard/git/vaffelgutta/camera/camera_ws/install/aruco_interfaces/share/aruco_interfaces/cmake/export_aruco_interfaces__rosidl_typesupport_fastrtps_cExport.cmake
[0.286s] -- Up-to-date: /home/havard/git/vaffelgutta/camera/camera_ws/install/aruco_interfaces/share/aruco_interfaces/cmake/export_aruco_interfaces__rosidl_typesupport_fastrtps_cExport-noconfig.cmake
[0.287s] -- Up-to-date: /home/havard/git/vaffelgutta/camera/camera_ws/install/aruco_interfaces/share/aruco_interfaces/cmake/export_aruco_interfaces__rosidl_generator_cppExport.cmake
[0.287s] -- Up-to-date: /home/havard/git/vaffelgutta/camera/camera_ws/install/aruco_interfaces/share/aruco_interfaces/cmake/export_aruco_interfaces__rosidl_typesupport_fastrtps_cppExport.cmake
[0.287s] -- Up-to-date: /home/havard/git/vaffelgutta/camera/camera_ws/install/aruco_interfaces/share/aruco_interfaces/cmake/export_aruco_interfaces__rosidl_typesupport_fastrtps_cppExport-noconfig.cmake
[0.287s] -- Up-to-date: /home/havard/git/vaffelgutta/camera/camera_ws/install/aruco_interfaces/share/aruco_interfaces/cmake/aruco_interfaces__rosidl_typesupport_introspection_cExport.cmake
[0.287s] -- Up-to-date: /home/havard/git/vaffelgutta/camera/camera_ws/install/aruco_interfaces/share/aruco_interfaces/cmake/aruco_interfaces__rosidl_typesupport_introspection_cExport-noconfig.cmake
[0.287s] -- Up-to-date: /home/havard/git/vaffelgutta/camera/camera_ws/install/aruco_interfaces/share/aruco_interfaces/cmake/aruco_interfaces__rosidl_typesupport_cExport.cmake
[0.287s] -- Up-to-date: /home/havard/git/vaffelgutta/camera/camera_ws/install/aruco_interfaces/share/aruco_interfaces/cmake/aruco_interfaces__rosidl_typesupport_cExport-noconfig.cmake
[0.287s] -- Up-to-date: /home/havard/git/vaffelgutta/camera/camera_ws/install/aruco_interfaces/share/aruco_interfaces/cmake/aruco_interfaces__rosidl_typesupport_introspection_cppExport.cmake
[0.287s] -- Up-to-date: /home/havard/git/vaffelgutta/camera/camera_ws/install/aruco_interfaces/share/aruco_interfaces/cmake/aruco_interfaces__rosidl_typesupport_introspection_cppExport-noconfig.cmake
[0.287s] -- Up-to-date: /home/havard/git/vaffelgutta/camera/camera_ws/install/aruco_interfaces/share/aruco_interfaces/cmake/aruco_interfaces__rosidl_typesupport_cppExport.cmake
[0.287s] -- Up-to-date: /home/havard/git/vaffelgutta/camera/camera_ws/install/aruco_interfaces/share/aruco_interfaces/cmake/aruco_interfaces__rosidl_typesupport_cppExport-noconfig.cmake
[0.287s] -- Up-to-date: /home/havard/git/vaffelgutta/camera/camera_ws/install/aruco_interfaces/share/aruco_interfaces/cmake/export_aruco_interfaces__rosidl_generator_pyExport.cmake
[0.287s] -- Up-to-date: /home/havard/git/vaffelgutta/camera/camera_ws/install/aruco_interfaces/share/aruco_interfaces/cmake/export_aruco_interfaces__rosidl_generator_pyExport-noconfig.cmake
[0.289s] Invoked command in '/home/havard/git/vaffelgutta/camera/camera_ws/build/aruco_interfaces' returned '0': CMAKE_PREFIX_PATH=${CMAKE_PREFIX_PATH}:/home/havard/interbotix_ws/install/interbotix_xs_modules:/home/havard/interbotix_ws/install/interbotix_perception_modules:/home/havard/interbotix_ws/install/interbotix_common_modules:/opt/ros/humble /usr/bin/cmake --install /home/havard/git/vaffelgutta/camera/camera_ws/build/aruco_interfaces
