[0.183s] DEBUG:colcon:Command line arguments: ['/usr/bin/colcon', 'build', '--symlink-install']
[0.183s] DEBUG:colcon:Parsed command line arguments: Namespace(log_base=None, log_level=None, verb_name='build', build_base='build', install_base='install', merge_install=False, symlink_install=True, test_result_base=None, continue_on_error=False, executor='parallel', parallel_workers=12, event_handlers=None, ignore_user_meta=False, metas=['./colcon.meta'], base_paths=['.'], packages_ignore=None, packages_ignore_regex=None, paths=None, packages_up_to=None, packages_up_to_regex=None, packages_above=None, packages_above_and_dependencies=None, packages_above_depth=None, packages_select_by_dep=None, packages_skip_by_dep=None, packages_skip_up_to=None, packages_select_build_failed=False, packages_skip_build_finished=False, packages_select_test_failures=False, packages_skip_test_passed=False, packages_select=None, packages_skip=None, packages_select_regex=None, packages_skip_regex=None, packages_start=None, packages_end=None, allow_overriding=[], cmake_args=None, cmake_target=None, cmake_target_skip_unavailable=False, cmake_clean_cache=False, cmake_clean_first=False, cmake_force_configure=False, ament_cmake_args=None, catkin_cmake_args=None, catkin_skip_building_tests=False, verb_parser=<colcon_defaults.argument_parser.defaults.DefaultArgumentsDecorator object at 0x7f9fa7715060>, verb_extension=<colcon_core.verb.build.BuildVerb object at 0x7f9fa7714b50>, main=<bound method BuildVerb.main of <colcon_core.verb.build.BuildVerb object at 0x7f9fa7714b50>>)
[0.328s] Level 1:colcon.colcon_core.package_discovery:discover_packages(colcon_meta) check parameters
[0.328s] Level 1:colcon.colcon_core.package_discovery:discover_packages(recursive) check parameters
[0.328s] Level 1:colcon.colcon_core.package_discovery:discover_packages(ignore) check parameters
[0.328s] Level 1:colcon.colcon_core.package_discovery:discover_packages(path) check parameters
[0.328s] Level 1:colcon.colcon_core.package_discovery:discover_packages(colcon_meta) discover
[0.328s] Level 1:colcon.colcon_core.package_discovery:discover_packages(recursive) discover
[0.328s] INFO:colcon.colcon_core.package_discovery:Crawling recursively for packages in '/home/havard/git/vaffelgutta/camera/camera_ws'
[0.328s] Level 1:colcon.colcon_core.package_identification:_identify(.) by extensions ['ignore', 'ignore_ament_install']
[0.328s] Level 1:colcon.colcon_core.package_identification:_identify(.) by extension 'ignore'
[0.328s] Level 1:colcon.colcon_core.package_identification:_identify(.) by extension 'ignore_ament_install'
[0.328s] Level 1:colcon.colcon_core.package_identification:_identify(.) by extensions ['colcon_pkg']
[0.328s] Level 1:colcon.colcon_core.package_identification:_identify(.) by extension 'colcon_pkg'
[0.328s] Level 1:colcon.colcon_core.package_identification:_identify(.) by extensions ['colcon_meta']
[0.328s] Level 1:colcon.colcon_core.package_identification:_identify(.) by extension 'colcon_meta'
[0.328s] Level 1:colcon.colcon_core.package_identification:_identify(.) by extensions ['ros']
[0.328s] Level 1:colcon.colcon_core.package_identification:_identify(.) by extension 'ros'
[0.336s] Level 1:colcon.colcon_core.package_identification:_identify(.) by extensions ['cmake', 'python']
[0.336s] Level 1:colcon.colcon_core.package_identification:_identify(.) by extension 'cmake'
[0.336s] Level 1:colcon.colcon_core.package_identification:_identify(.) by extension 'python'
[0.336s] Level 1:colcon.colcon_core.package_identification:_identify(.) by extensions ['python_setup_py']
[0.336s] Level 1:colcon.colcon_core.package_identification:_identify(.) by extension 'python_setup_py'
[0.336s] Level 1:colcon.colcon_core.package_identification:_identify(build) by extensions ['ignore', 'ignore_ament_install']
[0.336s] Level 1:colcon.colcon_core.package_identification:_identify(build) by extension 'ignore'
[0.336s] Level 1:colcon.colcon_core.package_identification:_identify(build) ignored
[0.336s] Level 1:colcon.colcon_core.package_identification:_identify(install) by extensions ['ignore', 'ignore_ament_install']
[0.336s] Level 1:colcon.colcon_core.package_identification:_identify(install) by extension 'ignore'
[0.336s] Level 1:colcon.colcon_core.package_identification:_identify(install) ignored
[0.336s] Level 1:colcon.colcon_core.package_identification:_identify(log) by extensions ['ignore', 'ignore_ament_install']
[0.336s] Level 1:colcon.colcon_core.package_identification:_identify(log) by extension 'ignore'
[0.336s] Level 1:colcon.colcon_core.package_identification:_identify(log) ignored
[0.336s] Level 1:colcon.colcon_core.package_identification:_identify(src) by extensions ['ignore', 'ignore_ament_install']
[0.336s] Level 1:colcon.colcon_core.package_identification:_identify(src) by extension 'ignore'
[0.336s] Level 1:colcon.colcon_core.package_identification:_identify(src) by extension 'ignore_ament_install'
[0.336s] Level 1:colcon.colcon_core.package_identification:_identify(src) by extensions ['colcon_pkg']
[0.336s] Level 1:colcon.colcon_core.package_identification:_identify(src) by extension 'colcon_pkg'
[0.336s] Level 1:colcon.colcon_core.package_identification:_identify(src) by extensions ['colcon_meta']
[0.336s] Level 1:colcon.colcon_core.package_identification:_identify(src) by extension 'colcon_meta'
[0.336s] Level 1:colcon.colcon_core.package_identification:_identify(src) by extensions ['ros']
[0.336s] Level 1:colcon.colcon_core.package_identification:_identify(src) by extension 'ros'
[0.337s] Level 1:colcon.colcon_core.package_identification:_identify(src) by extensions ['cmake', 'python']
[0.337s] Level 1:colcon.colcon_core.package_identification:_identify(src) by extension 'cmake'
[0.337s] Level 1:colcon.colcon_core.package_identification:_identify(src) by extension 'python'
[0.337s] Level 1:colcon.colcon_core.package_identification:_identify(src) by extensions ['python_setup_py']
[0.337s] Level 1:colcon.colcon_core.package_identification:_identify(src) by extension 'python_setup_py'
[0.337s] Level 1:colcon.colcon_core.package_identification:_identify(src/ros2-aruco-pose-estimation) by extensions ['ignore', 'ignore_ament_install']
[0.337s] Level 1:colcon.colcon_core.package_identification:_identify(src/ros2-aruco-pose-estimation) by extension 'ignore'
[0.337s] Level 1:colcon.colcon_core.package_identification:_identify(src/ros2-aruco-pose-estimation) by extension 'ignore_ament_install'
[0.337s] Level 1:colcon.colcon_core.package_identification:_identify(src/ros2-aruco-pose-estimation) by extensions ['colcon_pkg']
[0.337s] Level 1:colcon.colcon_core.package_identification:_identify(src/ros2-aruco-pose-estimation) by extension 'colcon_pkg'
[0.337s] Level 1:colcon.colcon_core.package_identification:_identify(src/ros2-aruco-pose-estimation) by extensions ['colcon_meta']
[0.337s] Level 1:colcon.colcon_core.package_identification:_identify(src/ros2-aruco-pose-estimation) by extension 'colcon_meta'
[0.337s] Level 1:colcon.colcon_core.package_identification:_identify(src/ros2-aruco-pose-estimation) by extensions ['ros']
[0.337s] Level 1:colcon.colcon_core.package_identification:_identify(src/ros2-aruco-pose-estimation) by extension 'ros'
[0.337s] Level 1:colcon.colcon_core.package_identification:_identify(src/ros2-aruco-pose-estimation) by extensions ['cmake', 'python']
[0.337s] Level 1:colcon.colcon_core.package_identification:_identify(src/ros2-aruco-pose-estimation) by extension 'cmake'
[0.337s] Level 1:colcon.colcon_core.package_identification:_identify(src/ros2-aruco-pose-estimation) by extension 'python'
[0.337s] Level 1:colcon.colcon_core.package_identification:_identify(src/ros2-aruco-pose-estimation) by extensions ['python_setup_py']
[0.337s] Level 1:colcon.colcon_core.package_identification:_identify(src/ros2-aruco-pose-estimation) by extension 'python_setup_py'
[0.337s] Level 1:colcon.colcon_core.package_identification:_identify(src/ros2-aruco-pose-estimation/aruco_interfaces) by extensions ['ignore', 'ignore_ament_install']
[0.337s] Level 1:colcon.colcon_core.package_identification:_identify(src/ros2-aruco-pose-estimation/aruco_interfaces) by extension 'ignore'
[0.337s] Level 1:colcon.colcon_core.package_identification:_identify(src/ros2-aruco-pose-estimation/aruco_interfaces) by extension 'ignore_ament_install'
[0.337s] Level 1:colcon.colcon_core.package_identification:_identify(src/ros2-aruco-pose-estimation/aruco_interfaces) by extensions ['colcon_pkg']
[0.337s] Level 1:colcon.colcon_core.package_identification:_identify(src/ros2-aruco-pose-estimation/aruco_interfaces) by extension 'colcon_pkg'
[0.337s] Level 1:colcon.colcon_core.package_identification:_identify(src/ros2-aruco-pose-estimation/aruco_interfaces) by extensions ['colcon_meta']
[0.337s] Level 1:colcon.colcon_core.package_identification:_identify(src/ros2-aruco-pose-estimation/aruco_interfaces) by extension 'colcon_meta'
[0.337s] Level 1:colcon.colcon_core.package_identification:_identify(src/ros2-aruco-pose-estimation/aruco_interfaces) by extensions ['ros']
[0.337s] Level 1:colcon.colcon_core.package_identification:_identify(src/ros2-aruco-pose-estimation/aruco_interfaces) by extension 'ros'
[0.340s] DEBUG:colcon.colcon_core.package_identification:Package 'src/ros2-aruco-pose-estimation/aruco_interfaces' with type 'ros.ament_cmake' and name 'aruco_interfaces'
[0.340s] Level 1:colcon.colcon_core.package_identification:_identify(src/ros2-aruco-pose-estimation/aruco_pose_estimation) by extensions ['ignore', 'ignore_ament_install']
[0.340s] Level 1:colcon.colcon_core.package_identification:_identify(src/ros2-aruco-pose-estimation/aruco_pose_estimation) by extension 'ignore'
[0.340s] Level 1:colcon.colcon_core.package_identification:_identify(src/ros2-aruco-pose-estimation/aruco_pose_estimation) by extension 'ignore_ament_install'
[0.340s] Level 1:colcon.colcon_core.package_identification:_identify(src/ros2-aruco-pose-estimation/aruco_pose_estimation) by extensions ['colcon_pkg']
[0.340s] Level 1:colcon.colcon_core.package_identification:_identify(src/ros2-aruco-pose-estimation/aruco_pose_estimation) by extension 'colcon_pkg'
[0.340s] Level 1:colcon.colcon_core.package_identification:_identify(src/ros2-aruco-pose-estimation/aruco_pose_estimation) by extensions ['colcon_meta']
[0.340s] Level 1:colcon.colcon_core.package_identification:_identify(src/ros2-aruco-pose-estimation/aruco_pose_estimation) by extension 'colcon_meta'
[0.340s] Level 1:colcon.colcon_core.package_identification:_identify(src/ros2-aruco-pose-estimation/aruco_pose_estimation) by extensions ['ros']
[0.340s] Level 1:colcon.colcon_core.package_identification:_identify(src/ros2-aruco-pose-estimation/aruco_pose_estimation) by extension 'ros'
[0.341s] DEBUG:colcon.colcon_core.package_identification:Package 'src/ros2-aruco-pose-estimation/aruco_pose_estimation' with type 'ros.ament_cmake' and name 'aruco_pose_estimation'
[0.341s] Level 1:colcon.colcon_core.package_discovery:discover_packages(recursive) using defaults
[0.341s] Level 1:colcon.colcon_core.package_discovery:discover_packages(ignore) discover
[0.341s] Level 1:colcon.colcon_core.package_discovery:discover_packages(ignore) using defaults
[0.341s] Level 1:colcon.colcon_core.package_discovery:discover_packages(path) discover
[0.341s] Level 1:colcon.colcon_core.package_discovery:discover_packages(path) using defaults
[0.370s] Level 1:colcon.colcon_core.package_discovery:discover_packages(prefix_path) check parameters
[0.370s] Level 1:colcon.colcon_core.package_discovery:discover_packages(prefix_path) discover
[0.377s] DEBUG:colcon.colcon_installed_package_information.package_discovery:Found 34 installed packages in /home/havard/interbotix_ws/install
[0.377s] DEBUG:colcon.colcon_installed_package_information.package_discovery:Found 1 installed packages in /home/havard/apriltag_ws/install
[0.378s] DEBUG:colcon.colcon_installed_package_information.package_discovery:Found 357 installed packages in /opt/ros/humble
[0.379s] Level 1:colcon.colcon_core.package_discovery:discover_packages(prefix_path) using defaults
[0.429s] Level 5:colcon.colcon_core.verb:set package 'aruco_interfaces' build argument 'cmake_args' from command line to 'None'
[0.429s] Level 5:colcon.colcon_core.verb:set package 'aruco_interfaces' build argument 'cmake_target' from command line to 'None'
[0.429s] Level 5:colcon.colcon_core.verb:set package 'aruco_interfaces' build argument 'cmake_target_skip_unavailable' from command line to 'False'
[0.429s] Level 5:colcon.colcon_core.verb:set package 'aruco_interfaces' build argument 'cmake_clean_cache' from command line to 'False'
[0.429s] Level 5:colcon.colcon_core.verb:set package 'aruco_interfaces' build argument 'cmake_clean_first' from command line to 'False'
[0.429s] Level 5:colcon.colcon_core.verb:set package 'aruco_interfaces' build argument 'cmake_force_configure' from command line to 'False'
[0.429s] Level 5:colcon.colcon_core.verb:set package 'aruco_interfaces' build argument 'ament_cmake_args' from command line to 'None'
[0.429s] Level 5:colcon.colcon_core.verb:set package 'aruco_interfaces' build argument 'catkin_cmake_args' from command line to 'None'
[0.429s] Level 5:colcon.colcon_core.verb:set package 'aruco_interfaces' build argument 'catkin_skip_building_tests' from command line to 'False'
[0.429s] DEBUG:colcon.colcon_core.verb:Building package 'aruco_interfaces' with the following arguments: {'ament_cmake_args': None, 'build_base': '/home/havard/git/vaffelgutta/camera/camera_ws/build/aruco_interfaces', 'catkin_cmake_args': None, 'catkin_skip_building_tests': False, 'cmake_args': None, 'cmake_clean_cache': False, 'cmake_clean_first': False, 'cmake_force_configure': False, 'cmake_target': None, 'cmake_target_skip_unavailable': False, 'install_base': '/home/havard/git/vaffelgutta/camera/camera_ws/install/aruco_interfaces', 'merge_install': False, 'path': '/home/havard/git/vaffelgutta/camera/camera_ws/src/ros2-aruco-pose-estimation/aruco_interfaces', 'symlink_install': True, 'test_result_base': None}
[0.429s] Level 5:colcon.colcon_core.verb:set package 'aruco_pose_estimation' build argument 'cmake_args' from command line to 'None'
[0.429s] Level 5:colcon.colcon_core.verb:set package 'aruco_pose_estimation' build argument 'cmake_target' from command line to 'None'
[0.429s] Level 5:colcon.colcon_core.verb:set package 'aruco_pose_estimation' build argument 'cmake_target_skip_unavailable' from command line to 'False'
[0.429s] Level 5:colcon.colcon_core.verb:set package 'aruco_pose_estimation' build argument 'cmake_clean_cache' from command line to 'False'
[0.429s] Level 5:colcon.colcon_core.verb:set package 'aruco_pose_estimation' build argument 'cmake_clean_first' from command line to 'False'
[0.429s] Level 5:colcon.colcon_core.verb:set package 'aruco_pose_estimation' build argument 'cmake_force_configure' from command line to 'False'
[0.429s] Level 5:colcon.colcon_core.verb:set package 'aruco_pose_estimation' build argument 'ament_cmake_args' from command line to 'None'
[0.429s] Level 5:colcon.colcon_core.verb:set package 'aruco_pose_estimation' build argument 'catkin_cmake_args' from command line to 'None'
[0.429s] Level 5:colcon.colcon_core.verb:set package 'aruco_pose_estimation' build argument 'catkin_skip_building_tests' from command line to 'False'
[0.429s] DEBUG:colcon.colcon_core.verb:Building package 'aruco_pose_estimation' with the following arguments: {'ament_cmake_args': None, 'build_base': '/home/havard/git/vaffelgutta/camera/camera_ws/build/aruco_pose_estimation', 'catkin_cmake_args': None, 'catkin_skip_building_tests': False, 'cmake_args': None, 'cmake_clean_cache': False, 'cmake_clean_first': False, 'cmake_force_configure': False, 'cmake_target': None, 'cmake_target_skip_unavailable': False, 'install_base': '/home/havard/git/vaffelgutta/camera/camera_ws/install/aruco_pose_estimation', 'merge_install': False, 'path': '/home/havard/git/vaffelgutta/camera/camera_ws/src/ros2-aruco-pose-estimation/aruco_pose_estimation', 'symlink_install': True, 'test_result_base': None}
[0.429s] INFO:colcon.colcon_core.executor:Executing jobs using 'parallel' executor
[0.430s] DEBUG:colcon.colcon_parallel_executor.executor.parallel:run_until_complete
[0.430s] INFO:colcon.colcon_ros.task.ament_cmake.build:Building ROS package in '/home/havard/git/vaffelgutta/camera/camera_ws/src/ros2-aruco-pose-estimation/aruco_interfaces' with build type 'ament_cmake'
[0.430s] INFO:colcon.colcon_cmake.task.cmake.build:Building CMake package in '/home/havard/git/vaffelgutta/camera/camera_ws/src/ros2-aruco-pose-estimation/aruco_interfaces'
[0.435s] INFO:colcon.colcon_core.plugin_system:Skipping extension 'colcon_core.shell.bat': Not used on non-Windows systems
[0.435s] INFO:colcon.colcon_core.shell:Skip shell extension 'powershell' for command environment: Not usable outside of PowerShell
[0.435s] DEBUG:colcon.colcon_core.shell:Skip shell extension 'dsv' for command environment
[0.441s] DEBUG:colcon.colcon_core.event_handler.log_command:Invoking command in '/home/havard/git/vaffelgutta/camera/camera_ws/build/aruco_interfaces': CMAKE_PREFIX_PATH=${CMAKE_PREFIX_PATH}:/home/havard/interbotix_ws/install/interbotix_xs_modules:/home/havard/interbotix_ws/install/interbotix_perception_modules:/home/havard/interbotix_ws/install/interbotix_common_modules:/opt/ros/humble /usr/bin/cmake /home/havard/git/vaffelgutta/camera/camera_ws/src/ros2-aruco-pose-estimation/aruco_interfaces -DAMENT_CMAKE_SYMLINK_INSTALL=1 -DCMAKE_INSTALL_PREFIX=/home/havard/git/vaffelgutta/camera/camera_ws/install/aruco_interfaces
[1.932s] DEBUG:colcon.colcon_core.event_handler.log_command:Invoked command in '/home/havard/git/vaffelgutta/camera/camera_ws/build/aruco_interfaces' returned '0': CMAKE_PREFIX_PATH=${CMAKE_PREFIX_PATH}:/home/havard/interbotix_ws/install/interbotix_xs_modules:/home/havard/interbotix_ws/install/interbotix_perception_modules:/home/havard/interbotix_ws/install/interbotix_common_modules:/opt/ros/humble /usr/bin/cmake /home/havard/git/vaffelgutta/camera/camera_ws/src/ros2-aruco-pose-estimation/aruco_interfaces -DAMENT_CMAKE_SYMLINK_INSTALL=1 -DCMAKE_INSTALL_PREFIX=/home/havard/git/vaffelgutta/camera/camera_ws/install/aruco_interfaces
[1.932s] DEBUG:colcon.colcon_core.event_handler.log_command:Invoking command in '/home/havard/git/vaffelgutta/camera/camera_ws/build/aruco_interfaces': CMAKE_PREFIX_PATH=${CMAKE_PREFIX_PATH}:/home/havard/interbotix_ws/install/interbotix_xs_modules:/home/havard/interbotix_ws/install/interbotix_perception_modules:/home/havard/interbotix_ws/install/interbotix_common_modules:/opt/ros/humble /usr/bin/cmake --build /home/havard/git/vaffelgutta/camera/camera_ws/build/aruco_interfaces -- -j12 -l12
[3.107s] DEBUG:colcon.colcon_core.event_handler.log_command:Invoked command in '/home/havard/git/vaffelgutta/camera/camera_ws/build/aruco_interfaces' returned '0': CMAKE_PREFIX_PATH=${CMAKE_PREFIX_PATH}:/home/havard/interbotix_ws/install/interbotix_xs_modules:/home/havard/interbotix_ws/install/interbotix_perception_modules:/home/havard/interbotix_ws/install/interbotix_common_modules:/opt/ros/humble /usr/bin/cmake --build /home/havard/git/vaffelgutta/camera/camera_ws/build/aruco_interfaces -- -j12 -l12
[3.114s] DEBUG:colcon.colcon_core.event_handler.log_command:Invoking command in '/home/havard/git/vaffelgutta/camera/camera_ws/build/aruco_interfaces': CMAKE_PREFIX_PATH=${CMAKE_PREFIX_PATH}:/home/havard/interbotix_ws/install/interbotix_xs_modules:/home/havard/interbotix_ws/install/interbotix_perception_modules:/home/havard/interbotix_ws/install/interbotix_common_modules:/opt/ros/humble /usr/bin/cmake --install /home/havard/git/vaffelgutta/camera/camera_ws/build/aruco_interfaces
[3.554s] Level 1:colcon.colcon_core.environment:create_environment_scripts_only(aruco_interfaces)
[3.555s] DEBUG:colcon.colcon_core.event_handler.log_command:Invoked command in '/home/havard/git/vaffelgutta/camera/camera_ws/build/aruco_interfaces' returned '0': CMAKE_PREFIX_PATH=${CMAKE_PREFIX_PATH}:/home/havard/interbotix_ws/install/interbotix_xs_modules:/home/havard/interbotix_ws/install/interbotix_perception_modules:/home/havard/interbotix_ws/install/interbotix_common_modules:/opt/ros/humble /usr/bin/cmake --install /home/havard/git/vaffelgutta/camera/camera_ws/build/aruco_interfaces
[3.559s] Level 1:colcon.colcon_core.environment:checking '/home/havard/git/vaffelgutta/camera/camera_ws/install/aruco_interfaces' for CMake module files
[3.560s] Level 1:colcon.colcon_core.environment:checking '/home/havard/git/vaffelgutta/camera/camera_ws/install/aruco_interfaces' for CMake config files
[3.560s] Level 1:colcon.colcon_core.shell:create_environment_hook('aruco_interfaces', 'cmake_prefix_path')
[3.560s] INFO:colcon.colcon_core.shell:Creating environment hook '/home/havard/git/vaffelgutta/camera/camera_ws/install/aruco_interfaces/share/aruco_interfaces/hook/cmake_prefix_path.ps1'
[3.561s] INFO:colcon.colcon_core.shell:Creating environment descriptor '/home/havard/git/vaffelgutta/camera/camera_ws/install/aruco_interfaces/share/aruco_interfaces/hook/cmake_prefix_path.dsv'
[3.561s] INFO:colcon.colcon_core.shell:Creating environment hook '/home/havard/git/vaffelgutta/camera/camera_ws/install/aruco_interfaces/share/aruco_interfaces/hook/cmake_prefix_path.sh'
[3.562s] Level 1:colcon.colcon_core.environment:checking '/home/havard/git/vaffelgutta/camera/camera_ws/install/aruco_interfaces/lib'
[3.562s] Level 1:colcon.colcon_core.shell:create_environment_hook('aruco_interfaces', 'ld_library_path_lib')
[3.562s] INFO:colcon.colcon_core.shell:Creating environment hook '/home/havard/git/vaffelgutta/camera/camera_ws/install/aruco_interfaces/share/aruco_interfaces/hook/ld_library_path_lib.ps1'
[3.562s] INFO:colcon.colcon_core.shell:Creating environment descriptor '/home/havard/git/vaffelgutta/camera/camera_ws/install/aruco_interfaces/share/aruco_interfaces/hook/ld_library_path_lib.dsv'
[3.562s] INFO:colcon.colcon_core.shell:Creating environment hook '/home/havard/git/vaffelgutta/camera/camera_ws/install/aruco_interfaces/share/aruco_interfaces/hook/ld_library_path_lib.sh'
[3.562s] Level 1:colcon.colcon_core.environment:checking '/home/havard/git/vaffelgutta/camera/camera_ws/install/aruco_interfaces/bin'
[3.563s] Level 1:colcon.colcon_core.environment:checking '/home/havard/git/vaffelgutta/camera/camera_ws/install/aruco_interfaces/lib/pkgconfig/aruco_interfaces.pc'
[3.563s] Level 1:colcon.colcon_core.environment:checking '/home/havard/git/vaffelgutta/camera/camera_ws/install/aruco_interfaces/lib/python3.10/site-packages'
[3.563s] Level 1:colcon.colcon_core.environment:checking '/home/havard/git/vaffelgutta/camera/camera_ws/install/aruco_interfaces/bin'
[3.563s] INFO:colcon.colcon_core.shell:Creating package script '/home/havard/git/vaffelgutta/camera/camera_ws/install/aruco_interfaces/share/aruco_interfaces/package.ps1'
[3.564s] INFO:colcon.colcon_core.shell:Creating package descriptor '/home/havard/git/vaffelgutta/camera/camera_ws/install/aruco_interfaces/share/aruco_interfaces/package.dsv'
[3.564s] INFO:colcon.colcon_core.shell:Creating package script '/home/havard/git/vaffelgutta/camera/camera_ws/install/aruco_interfaces/share/aruco_interfaces/package.sh'
[3.565s] INFO:colcon.colcon_core.shell:Creating package script '/home/havard/git/vaffelgutta/camera/camera_ws/install/aruco_interfaces/share/aruco_interfaces/package.bash'
[3.565s] INFO:colcon.colcon_core.shell:Creating package script '/home/havard/git/vaffelgutta/camera/camera_ws/install/aruco_interfaces/share/aruco_interfaces/package.zsh'
[3.566s] Level 1:colcon.colcon_core.environment:create_file_with_runtime_dependencies(/home/havard/git/vaffelgutta/camera/camera_ws/install/aruco_interfaces/share/colcon-core/packages/aruco_interfaces)
[3.566s] Level 1:colcon.colcon_core.environment:create_environment_scripts_only(aruco_interfaces)
[3.566s] Level 1:colcon.colcon_core.environment:checking '/home/havard/git/vaffelgutta/camera/camera_ws/install/aruco_interfaces' for CMake module files
[3.567s] Level 1:colcon.colcon_core.environment:checking '/home/havard/git/vaffelgutta/camera/camera_ws/install/aruco_interfaces' for CMake config files
[3.567s] Level 1:colcon.colcon_core.shell:create_environment_hook('aruco_interfaces', 'cmake_prefix_path')
[3.567s] INFO:colcon.colcon_core.shell:Creating environment hook '/home/havard/git/vaffelgutta/camera/camera_ws/install/aruco_interfaces/share/aruco_interfaces/hook/cmake_prefix_path.ps1'
[3.567s] INFO:colcon.colcon_core.shell:Creating environment descriptor '/home/havard/git/vaffelgutta/camera/camera_ws/install/aruco_interfaces/share/aruco_interfaces/hook/cmake_prefix_path.dsv'
[3.567s] INFO:colcon.colcon_core.shell:Creating environment hook '/home/havard/git/vaffelgutta/camera/camera_ws/install/aruco_interfaces/share/aruco_interfaces/hook/cmake_prefix_path.sh'
[3.568s] Level 1:colcon.colcon_core.environment:checking '/home/havard/git/vaffelgutta/camera/camera_ws/install/aruco_interfaces/lib'
[3.568s] Level 1:colcon.colcon_core.shell:create_environment_hook('aruco_interfaces', 'ld_library_path_lib')
[3.568s] INFO:colcon.colcon_core.shell:Creating environment hook '/home/havard/git/vaffelgutta/camera/camera_ws/install/aruco_interfaces/share/aruco_interfaces/hook/ld_library_path_lib.ps1'
[3.568s] INFO:colcon.colcon_core.shell:Creating environment descriptor '/home/havard/git/vaffelgutta/camera/camera_ws/install/aruco_interfaces/share/aruco_interfaces/hook/ld_library_path_lib.dsv'
[3.568s] INFO:colcon.colcon_core.shell:Creating environment hook '/home/havard/git/vaffelgutta/camera/camera_ws/install/aruco_interfaces/share/aruco_interfaces/hook/ld_library_path_lib.sh'
[3.568s] Level 1:colcon.colcon_core.environment:checking '/home/havard/git/vaffelgutta/camera/camera_ws/install/aruco_interfaces/bin'
[3.568s] Level 1:colcon.colcon_core.environment:checking '/home/havard/git/vaffelgutta/camera/camera_ws/install/aruco_interfaces/lib/pkgconfig/aruco_interfaces.pc'
[3.569s] Level 1:colcon.colcon_core.environment:checking '/home/havard/git/vaffelgutta/camera/camera_ws/install/aruco_interfaces/lib/python3.10/site-packages'
[3.569s] Level 1:colcon.colcon_core.environment:checking '/home/havard/git/vaffelgutta/camera/camera_ws/install/aruco_interfaces/bin'
[3.569s] INFO:colcon.colcon_core.shell:Creating package script '/home/havard/git/vaffelgutta/camera/camera_ws/install/aruco_interfaces/share/aruco_interfaces/package.ps1'
[3.569s] INFO:colcon.colcon_core.shell:Creating package descriptor '/home/havard/git/vaffelgutta/camera/camera_ws/install/aruco_interfaces/share/aruco_interfaces/package.dsv'
[3.569s] INFO:colcon.colcon_core.shell:Creating package script '/home/havard/git/vaffelgutta/camera/camera_ws/install/aruco_interfaces/share/aruco_interfaces/package.sh'
[3.570s] INFO:colcon.colcon_core.shell:Creating package script '/home/havard/git/vaffelgutta/camera/camera_ws/install/aruco_interfaces/share/aruco_interfaces/package.bash'
[3.570s] INFO:colcon.colcon_core.shell:Creating package script '/home/havard/git/vaffelgutta/camera/camera_ws/install/aruco_interfaces/share/aruco_interfaces/package.zsh'
[3.570s] Level 1:colcon.colcon_core.environment:create_file_with_runtime_dependencies(/home/havard/git/vaffelgutta/camera/camera_ws/install/aruco_interfaces/share/colcon-core/packages/aruco_interfaces)
[3.570s] INFO:colcon.colcon_ros.task.ament_cmake.build:Building ROS package in '/home/havard/git/vaffelgutta/camera/camera_ws/src/ros2-aruco-pose-estimation/aruco_pose_estimation' with build type 'ament_cmake'
[3.570s] INFO:colcon.colcon_cmake.task.cmake.build:Building CMake package in '/home/havard/git/vaffelgutta/camera/camera_ws/src/ros2-aruco-pose-estimation/aruco_pose_estimation'
[3.570s] INFO:colcon.colcon_core.shell:Skip shell extension 'powershell' for command environment: Not usable outside of PowerShell
[3.570s] DEBUG:colcon.colcon_core.shell:Skip shell extension 'dsv' for command environment
[3.578s] DEBUG:colcon.colcon_core.event_handler.log_command:Invoking command in '/home/havard/git/vaffelgutta/camera/camera_ws/build/aruco_pose_estimation': AMENT_PREFIX_PATH=/home/havard/git/vaffelgutta/camera/camera_ws/install/aruco_interfaces:${AMENT_PREFIX_PATH} CMAKE_PREFIX_PATH=/home/havard/git/vaffelgutta/camera/camera_ws/install/aruco_interfaces:/home/havard/interbotix_ws/install/interbotix_ros_xsarms_examples:/home/havard/interbotix_ws/install/interbotix_xsarm_moveit_interface:/home/havard/interbotix_ws/install/interbotix_moveit_interface:/home/havard/interbotix_ws/install/moveit_visual_tools:/home/havard/interbotix_ws/install/interbotix_ros_xsarms:/home/havard/interbotix_ws/install/interbotix_xsarm_moveit:/home/havard/interbotix_ws/install/interbotix_xsarm_sim:/home/havard/interbotix_ws/install/interbotix_xsarm_ros_control:/home/havard/interbotix_ws/install/interbotix_xsarm_puppet:/home/havard/interbotix_ws/install/interbotix_xsarm_perception:/home/havard/interbotix_ws/install/interbotix_xsarm_joy:/home/havard/interbotix_ws/install/interbotix_xsarm_gravity_compensation:/home/havard/interbotix_ws/install/interbotix_xsarm_dual:/home/havard/interbotix_ws/install/interbotix_xsarm_control:/home/havard/interbotix_ws/install/interbotix_xsarm_descriptions:/home/havard/interbotix_ws/install/interbotix_xs_toolbox:/home/havard/interbotix_ws/install/interbotix_xs_rviz:/home/havard/interbotix_ws/install/interbotix_ros_xseries:/home/havard/interbotix_ws/install/interbotix_xs_sdk:/home/havard/interbotix_ws/install/interbotix_xs_ros_control:/home/havard/interbotix_ws/install/interbotix_perception_toolbox:/home/havard/interbotix_ws/install/interbotix_common_toolbox:/home/havard/interbotix_ws/install/interbotix_gravity_compensation:/home/havard/interbotix_ws/install/interbotix_xs_msgs:/home/havard/interbotix_ws/install/interbotix_xs_driver:/home/havard/interbotix_ws/install/interbotix_tf_tools:/home/havard/interbotix_ws/install/interbotix_perception_pipelines:/home/havard/interbotix_ws/install/interbotix_perception_msgs:/home/havard/interbotix_ws/install/interbotix_moveit_interface_msgs:/home/havard/interbotix_ws/install/interbotix_common_sim:/home/havard/interbotix_ws/install/dynamixel_workbench_toolbox:/home/havard/apriltag_ws/install/apriltag_ros:/home/havard/interbotix_ws/install/interbotix_xs_modules:/home/havard/interbotix_ws/install/interbotix_perception_modules:/home/havard/interbotix_ws/install/interbotix_common_modules:/opt/ros/humble LD_LIBRARY_PATH=/home/havard/git/vaffelgutta/camera/camera_ws/install/aruco_interfaces/lib:${LD_LIBRARY_PATH} PYTHONPATH=/home/havard/git/vaffelgutta/camera/camera_ws/install/aruco_interfaces/local/lib/python3.10/dist-packages:${PYTHONPATH} /usr/bin/cmake /home/havard/git/vaffelgutta/camera/camera_ws/src/ros2-aruco-pose-estimation/aruco_pose_estimation -DAMENT_CMAKE_SYMLINK_INSTALL=1 -DCMAKE_INSTALL_PREFIX=/home/havard/git/vaffelgutta/camera/camera_ws/install/aruco_pose_estimation
[4.184s] DEBUG:colcon.colcon_core.event_handler.log_command:Invoked command in '/home/havard/git/vaffelgutta/camera/camera_ws/build/aruco_pose_estimation' returned '0': AMENT_PREFIX_PATH=/home/havard/git/vaffelgutta/camera/camera_ws/install/aruco_interfaces:${AMENT_PREFIX_PATH} CMAKE_PREFIX_PATH=/home/havard/git/vaffelgutta/camera/camera_ws/install/aruco_interfaces:/home/havard/interbotix_ws/install/interbotix_ros_xsarms_examples:/home/havard/interbotix_ws/install/interbotix_xsarm_moveit_interface:/home/havard/interbotix_ws/install/interbotix_moveit_interface:/home/havard/interbotix_ws/install/moveit_visual_tools:/home/havard/interbotix_ws/install/interbotix_ros_xsarms:/home/havard/interbotix_ws/install/interbotix_xsarm_moveit:/home/havard/interbotix_ws/install/interbotix_xsarm_sim:/home/havard/interbotix_ws/install/interbotix_xsarm_ros_control:/home/havard/interbotix_ws/install/interbotix_xsarm_puppet:/home/havard/interbotix_ws/install/interbotix_xsarm_perception:/home/havard/interbotix_ws/install/interbotix_xsarm_joy:/home/havard/interbotix_ws/install/interbotix_xsarm_gravity_compensation:/home/havard/interbotix_ws/install/interbotix_xsarm_dual:/home/havard/interbotix_ws/install/interbotix_xsarm_control:/home/havard/interbotix_ws/install/interbotix_xsarm_descriptions:/home/havard/interbotix_ws/install/interbotix_xs_toolbox:/home/havard/interbotix_ws/install/interbotix_xs_rviz:/home/havard/interbotix_ws/install/interbotix_ros_xseries:/home/havard/interbotix_ws/install/interbotix_xs_sdk:/home/havard/interbotix_ws/install/interbotix_xs_ros_control:/home/havard/interbotix_ws/install/interbotix_perception_toolbox:/home/havard/interbotix_ws/install/interbotix_common_toolbox:/home/havard/interbotix_ws/install/interbotix_gravity_compensation:/home/havard/interbotix_ws/install/interbotix_xs_msgs:/home/havard/interbotix_ws/install/interbotix_xs_driver:/home/havard/interbotix_ws/install/interbotix_tf_tools:/home/havard/interbotix_ws/install/interbotix_perception_pipelines:/home/havard/interbotix_ws/install/interbotix_perception_msgs:/home/havard/interbotix_ws/install/interbotix_moveit_interface_msgs:/home/havard/interbotix_ws/install/interbotix_common_sim:/home/havard/interbotix_ws/install/dynamixel_workbench_toolbox:/home/havard/apriltag_ws/install/apriltag_ros:/home/havard/interbotix_ws/install/interbotix_xs_modules:/home/havard/interbotix_ws/install/interbotix_perception_modules:/home/havard/interbotix_ws/install/interbotix_common_modules:/opt/ros/humble LD_LIBRARY_PATH=/home/havard/git/vaffelgutta/camera/camera_ws/install/aruco_interfaces/lib:${LD_LIBRARY_PATH} PYTHONPATH=/home/havard/git/vaffelgutta/camera/camera_ws/install/aruco_interfaces/local/lib/python3.10/dist-packages:${PYTHONPATH} /usr/bin/cmake /home/havard/git/vaffelgutta/camera/camera_ws/src/ros2-aruco-pose-estimation/aruco_pose_estimation -DAMENT_CMAKE_SYMLINK_INSTALL=1 -DCMAKE_INSTALL_PREFIX=/home/havard/git/vaffelgutta/camera/camera_ws/install/aruco_pose_estimation
[4.185s] DEBUG:colcon.colcon_core.event_handler.log_command:Invoking command in '/home/havard/git/vaffelgutta/camera/camera_ws/build/aruco_pose_estimation': AMENT_PREFIX_PATH=/home/havard/git/vaffelgutta/camera/camera_ws/install/aruco_interfaces:${AMENT_PREFIX_PATH} CMAKE_PREFIX_PATH=/home/havard/git/vaffelgutta/camera/camera_ws/install/aruco_interfaces:/home/havard/interbotix_ws/install/interbotix_ros_xsarms_examples:/home/havard/interbotix_ws/install/interbotix_xsarm_moveit_interface:/home/havard/interbotix_ws/install/interbotix_moveit_interface:/home/havard/interbotix_ws/install/moveit_visual_tools:/home/havard/interbotix_ws/install/interbotix_ros_xsarms:/home/havard/interbotix_ws/install/interbotix_xsarm_moveit:/home/havard/interbotix_ws/install/interbotix_xsarm_sim:/home/havard/interbotix_ws/install/interbotix_xsarm_ros_control:/home/havard/interbotix_ws/install/interbotix_xsarm_puppet:/home/havard/interbotix_ws/install/interbotix_xsarm_perception:/home/havard/interbotix_ws/install/interbotix_xsarm_joy:/home/havard/interbotix_ws/install/interbotix_xsarm_gravity_compensation:/home/havard/interbotix_ws/install/interbotix_xsarm_dual:/home/havard/interbotix_ws/install/interbotix_xsarm_control:/home/havard/interbotix_ws/install/interbotix_xsarm_descriptions:/home/havard/interbotix_ws/install/interbotix_xs_toolbox:/home/havard/interbotix_ws/install/interbotix_xs_rviz:/home/havard/interbotix_ws/install/interbotix_ros_xseries:/home/havard/interbotix_ws/install/interbotix_xs_sdk:/home/havard/interbotix_ws/install/interbotix_xs_ros_control:/home/havard/interbotix_ws/install/interbotix_perception_toolbox:/home/havard/interbotix_ws/install/interbotix_common_toolbox:/home/havard/interbotix_ws/install/interbotix_gravity_compensation:/home/havard/interbotix_ws/install/interbotix_xs_msgs:/home/havard/interbotix_ws/install/interbotix_xs_driver:/home/havard/interbotix_ws/install/interbotix_tf_tools:/home/havard/interbotix_ws/install/interbotix_perception_pipelines:/home/havard/interbotix_ws/install/interbotix_perception_msgs:/home/havard/interbotix_ws/install/interbotix_moveit_interface_msgs:/home/havard/interbotix_ws/install/interbotix_common_sim:/home/havard/interbotix_ws/install/dynamixel_workbench_toolbox:/home/havard/apriltag_ws/install/apriltag_ros:/home/havard/interbotix_ws/install/interbotix_xs_modules:/home/havard/interbotix_ws/install/interbotix_perception_modules:/home/havard/interbotix_ws/install/interbotix_common_modules:/opt/ros/humble LD_LIBRARY_PATH=/home/havard/git/vaffelgutta/camera/camera_ws/install/aruco_interfaces/lib:${LD_LIBRARY_PATH} PYTHONPATH=/home/havard/git/vaffelgutta/camera/camera_ws/install/aruco_interfaces/local/lib/python3.10/dist-packages:${PYTHONPATH} /usr/bin/cmake --build /home/havard/git/vaffelgutta/camera/camera_ws/build/aruco_pose_estimation -- -j12 -l12
[4.405s] DEBUG:colcon.colcon_core.event_handler.log_command:Invoked command in '/home/havard/git/vaffelgutta/camera/camera_ws/build/aruco_pose_estimation' returned '0': AMENT_PREFIX_PATH=/home/havard/git/vaffelgutta/camera/camera_ws/install/aruco_interfaces:${AMENT_PREFIX_PATH} CMAKE_PREFIX_PATH=/home/havard/git/vaffelgutta/camera/camera_ws/install/aruco_interfaces:/home/havard/interbotix_ws/install/interbotix_ros_xsarms_examples:/home/havard/interbotix_ws/install/interbotix_xsarm_moveit_interface:/home/havard/interbotix_ws/install/interbotix_moveit_interface:/home/havard/interbotix_ws/install/moveit_visual_tools:/home/havard/interbotix_ws/install/interbotix_ros_xsarms:/home/havard/interbotix_ws/install/interbotix_xsarm_moveit:/home/havard/interbotix_ws/install/interbotix_xsarm_sim:/home/havard/interbotix_ws/install/interbotix_xsarm_ros_control:/home/havard/interbotix_ws/install/interbotix_xsarm_puppet:/home/havard/interbotix_ws/install/interbotix_xsarm_perception:/home/havard/interbotix_ws/install/interbotix_xsarm_joy:/home/havard/interbotix_ws/install/interbotix_xsarm_gravity_compensation:/home/havard/interbotix_ws/install/interbotix_xsarm_dual:/home/havard/interbotix_ws/install/interbotix_xsarm_control:/home/havard/interbotix_ws/install/interbotix_xsarm_descriptions:/home/havard/interbotix_ws/install/interbotix_xs_toolbox:/home/havard/interbotix_ws/install/interbotix_xs_rviz:/home/havard/interbotix_ws/install/interbotix_ros_xseries:/home/havard/interbotix_ws/install/interbotix_xs_sdk:/home/havard/interbotix_ws/install/interbotix_xs_ros_control:/home/havard/interbotix_ws/install/interbotix_perception_toolbox:/home/havard/interbotix_ws/install/interbotix_common_toolbox:/home/havard/interbotix_ws/install/interbotix_gravity_compensation:/home/havard/interbotix_ws/install/interbotix_xs_msgs:/home/havard/interbotix_ws/install/interbotix_xs_driver:/home/havard/interbotix_ws/install/interbotix_tf_tools:/home/havard/interbotix_ws/install/interbotix_perception_pipelines:/home/havard/interbotix_ws/install/interbotix_perception_msgs:/home/havard/interbotix_ws/install/interbotix_moveit_interface_msgs:/home/havard/interbotix_ws/install/interbotix_common_sim:/home/havard/interbotix_ws/install/dynamixel_workbench_toolbox:/home/havard/apriltag_ws/install/apriltag_ros:/home/havard/interbotix_ws/install/interbotix_xs_modules:/home/havard/interbotix_ws/install/interbotix_perception_modules:/home/havard/interbotix_ws/install/interbotix_common_modules:/opt/ros/humble LD_LIBRARY_PATH=/home/havard/git/vaffelgutta/camera/camera_ws/install/aruco_interfaces/lib:${LD_LIBRARY_PATH} PYTHONPATH=/home/havard/git/vaffelgutta/camera/camera_ws/install/aruco_interfaces/local/lib/python3.10/dist-packages:${PYTHONPATH} /usr/bin/cmake --build /home/havard/git/vaffelgutta/camera/camera_ws/build/aruco_pose_estimation -- -j12 -l12
[4.406s] DEBUG:colcon.colcon_core.event_handler.log_command:Invoking command in '/home/havard/git/vaffelgutta/camera/camera_ws/build/aruco_pose_estimation': AMENT_PREFIX_PATH=/home/havard/git/vaffelgutta/camera/camera_ws/install/aruco_interfaces:${AMENT_PREFIX_PATH} CMAKE_PREFIX_PATH=/home/havard/git/vaffelgutta/camera/camera_ws/install/aruco_interfaces:/home/havard/interbotix_ws/install/interbotix_ros_xsarms_examples:/home/havard/interbotix_ws/install/interbotix_xsarm_moveit_interface:/home/havard/interbotix_ws/install/interbotix_moveit_interface:/home/havard/interbotix_ws/install/moveit_visual_tools:/home/havard/interbotix_ws/install/interbotix_ros_xsarms:/home/havard/interbotix_ws/install/interbotix_xsarm_moveit:/home/havard/interbotix_ws/install/interbotix_xsarm_sim:/home/havard/interbotix_ws/install/interbotix_xsarm_ros_control:/home/havard/interbotix_ws/install/interbotix_xsarm_puppet:/home/havard/interbotix_ws/install/interbotix_xsarm_perception:/home/havard/interbotix_ws/install/interbotix_xsarm_joy:/home/havard/interbotix_ws/install/interbotix_xsarm_gravity_compensation:/home/havard/interbotix_ws/install/interbotix_xsarm_dual:/home/havard/interbotix_ws/install/interbotix_xsarm_control:/home/havard/interbotix_ws/install/interbotix_xsarm_descriptions:/home/havard/interbotix_ws/install/interbotix_xs_toolbox:/home/havard/interbotix_ws/install/interbotix_xs_rviz:/home/havard/interbotix_ws/install/interbotix_ros_xseries:/home/havard/interbotix_ws/install/interbotix_xs_sdk:/home/havard/interbotix_ws/install/interbotix_xs_ros_control:/home/havard/interbotix_ws/install/interbotix_perception_toolbox:/home/havard/interbotix_ws/install/interbotix_common_toolbox:/home/havard/interbotix_ws/install/interbotix_gravity_compensation:/home/havard/interbotix_ws/install/interbotix_xs_msgs:/home/havard/interbotix_ws/install/interbotix_xs_driver:/home/havard/interbotix_ws/install/interbotix_tf_tools:/home/havard/interbotix_ws/install/interbotix_perception_pipelines:/home/havard/interbotix_ws/install/interbotix_perception_msgs:/home/havard/interbotix_ws/install/interbotix_moveit_interface_msgs:/home/havard/interbotix_ws/install/interbotix_common_sim:/home/havard/interbotix_ws/install/dynamixel_workbench_toolbox:/home/havard/apriltag_ws/install/apriltag_ros:/home/havard/interbotix_ws/install/interbotix_xs_modules:/home/havard/interbotix_ws/install/interbotix_perception_modules:/home/havard/interbotix_ws/install/interbotix_common_modules:/opt/ros/humble LD_LIBRARY_PATH=/home/havard/git/vaffelgutta/camera/camera_ws/install/aruco_interfaces/lib:${LD_LIBRARY_PATH} PYTHONPATH=/home/havard/git/vaffelgutta/camera/camera_ws/install/aruco_interfaces/local/lib/python3.10/dist-packages:${PYTHONPATH} /usr/bin/cmake --install /home/havard/git/vaffelgutta/camera/camera_ws/build/aruco_pose_estimation
[4.625s] Level 1:colcon.colcon_core.environment:create_environment_scripts_only(aruco_pose_estimation)
[4.626s] Level 1:colcon.colcon_core.environment:checking '/home/havard/git/vaffelgutta/camera/camera_ws/install/aruco_pose_estimation' for CMake module files
[4.626s] DEBUG:colcon.colcon_core.event_handler.log_command:Invoked command in '/home/havard/git/vaffelgutta/camera/camera_ws/build/aruco_pose_estimation' returned '0': AMENT_PREFIX_PATH=/home/havard/git/vaffelgutta/camera/camera_ws/install/aruco_interfaces:${AMENT_PREFIX_PATH} CMAKE_PREFIX_PATH=/home/havard/git/vaffelgutta/camera/camera_ws/install/aruco_interfaces:/home/havard/interbotix_ws/install/interbotix_ros_xsarms_examples:/home/havard/interbotix_ws/install/interbotix_xsarm_moveit_interface:/home/havard/interbotix_ws/install/interbotix_moveit_interface:/home/havard/interbotix_ws/install/moveit_visual_tools:/home/havard/interbotix_ws/install/interbotix_ros_xsarms:/home/havard/interbotix_ws/install/interbotix_xsarm_moveit:/home/havard/interbotix_ws/install/interbotix_xsarm_sim:/home/havard/interbotix_ws/install/interbotix_xsarm_ros_control:/home/havard/interbotix_ws/install/interbotix_xsarm_puppet:/home/havard/interbotix_ws/install/interbotix_xsarm_perception:/home/havard/interbotix_ws/install/interbotix_xsarm_joy:/home/havard/interbotix_ws/install/interbotix_xsarm_gravity_compensation:/home/havard/interbotix_ws/install/interbotix_xsarm_dual:/home/havard/interbotix_ws/install/interbotix_xsarm_control:/home/havard/interbotix_ws/install/interbotix_xsarm_descriptions:/home/havard/interbotix_ws/install/interbotix_xs_toolbox:/home/havard/interbotix_ws/install/interbotix_xs_rviz:/home/havard/interbotix_ws/install/interbotix_ros_xseries:/home/havard/interbotix_ws/install/interbotix_xs_sdk:/home/havard/interbotix_ws/install/interbotix_xs_ros_control:/home/havard/interbotix_ws/install/interbotix_perception_toolbox:/home/havard/interbotix_ws/install/interbotix_common_toolbox:/home/havard/interbotix_ws/install/interbotix_gravity_compensation:/home/havard/interbotix_ws/install/interbotix_xs_msgs:/home/havard/interbotix_ws/install/interbotix_xs_driver:/home/havard/interbotix_ws/install/interbotix_tf_tools:/home/havard/interbotix_ws/install/interbotix_perception_pipelines:/home/havard/interbotix_ws/install/interbotix_perception_msgs:/home/havard/interbotix_ws/install/interbotix_moveit_interface_msgs:/home/havard/interbotix_ws/install/interbotix_common_sim:/home/havard/interbotix_ws/install/dynamixel_workbench_toolbox:/home/havard/apriltag_ws/install/apriltag_ros:/home/havard/interbotix_ws/install/interbotix_xs_modules:/home/havard/interbotix_ws/install/interbotix_perception_modules:/home/havard/interbotix_ws/install/interbotix_common_modules:/opt/ros/humble LD_LIBRARY_PATH=/home/havard/git/vaffelgutta/camera/camera_ws/install/aruco_interfaces/lib:${LD_LIBRARY_PATH} PYTHONPATH=/home/havard/git/vaffelgutta/camera/camera_ws/install/aruco_interfaces/local/lib/python3.10/dist-packages:${PYTHONPATH} /usr/bin/cmake --install /home/havard/git/vaffelgutta/camera/camera_ws/build/aruco_pose_estimation
[4.626s] Level 1:colcon.colcon_core.environment:checking '/home/havard/git/vaffelgutta/camera/camera_ws/install/aruco_pose_estimation' for CMake config files
[4.626s] Level 1:colcon.colcon_core.shell:create_environment_hook('aruco_pose_estimation', 'cmake_prefix_path')
[4.627s] INFO:colcon.colcon_core.shell:Creating environment hook '/home/havard/git/vaffelgutta/camera/camera_ws/install/aruco_pose_estimation/share/aruco_pose_estimation/hook/cmake_prefix_path.ps1'
[4.627s] INFO:colcon.colcon_core.shell:Creating environment descriptor '/home/havard/git/vaffelgutta/camera/camera_ws/install/aruco_pose_estimation/share/aruco_pose_estimation/hook/cmake_prefix_path.dsv'
[4.627s] INFO:colcon.colcon_core.shell:Creating environment hook '/home/havard/git/vaffelgutta/camera/camera_ws/install/aruco_pose_estimation/share/aruco_pose_estimation/hook/cmake_prefix_path.sh'
[4.627s] Level 1:colcon.colcon_core.environment:checking '/home/havard/git/vaffelgutta/camera/camera_ws/install/aruco_pose_estimation/lib'
[4.627s] Level 1:colcon.colcon_core.environment:checking '/home/havard/git/vaffelgutta/camera/camera_ws/install/aruco_pose_estimation/bin'
[4.627s] Level 1:colcon.colcon_core.environment:checking '/home/havard/git/vaffelgutta/camera/camera_ws/install/aruco_pose_estimation/lib/pkgconfig/aruco_pose_estimation.pc'
[4.627s] Level 1:colcon.colcon_core.environment:checking '/home/havard/git/vaffelgutta/camera/camera_ws/install/aruco_pose_estimation/lib/python3.10/site-packages'
[4.628s] Level 1:colcon.colcon_core.environment:checking '/home/havard/git/vaffelgutta/camera/camera_ws/install/aruco_pose_estimation/bin'
[4.628s] INFO:colcon.colcon_core.shell:Creating package script '/home/havard/git/vaffelgutta/camera/camera_ws/install/aruco_pose_estimation/share/aruco_pose_estimation/package.ps1'
[4.628s] INFO:colcon.colcon_core.shell:Creating package descriptor '/home/havard/git/vaffelgutta/camera/camera_ws/install/aruco_pose_estimation/share/aruco_pose_estimation/package.dsv'
[4.628s] INFO:colcon.colcon_core.shell:Creating package script '/home/havard/git/vaffelgutta/camera/camera_ws/install/aruco_pose_estimation/share/aruco_pose_estimation/package.sh'
[4.628s] INFO:colcon.colcon_core.shell:Creating package script '/home/havard/git/vaffelgutta/camera/camera_ws/install/aruco_pose_estimation/share/aruco_pose_estimation/package.bash'
[4.629s] INFO:colcon.colcon_core.shell:Creating package script '/home/havard/git/vaffelgutta/camera/camera_ws/install/aruco_pose_estimation/share/aruco_pose_estimation/package.zsh'
[4.629s] Level 1:colcon.colcon_core.environment:create_file_with_runtime_dependencies(/home/havard/git/vaffelgutta/camera/camera_ws/install/aruco_pose_estimation/share/colcon-core/packages/aruco_pose_estimation)
[4.629s] Level 1:colcon.colcon_core.environment:create_environment_scripts_only(aruco_pose_estimation)
[4.629s] Level 1:colcon.colcon_core.environment:checking '/home/havard/git/vaffelgutta/camera/camera_ws/install/aruco_pose_estimation' for CMake module files
[4.629s] Level 1:colcon.colcon_core.environment:checking '/home/havard/git/vaffelgutta/camera/camera_ws/install/aruco_pose_estimation' for CMake config files
[4.629s] Level 1:colcon.colcon_core.shell:create_environment_hook('aruco_pose_estimation', 'cmake_prefix_path')
[4.630s] INFO:colcon.colcon_core.shell:Creating environment hook '/home/havard/git/vaffelgutta/camera/camera_ws/install/aruco_pose_estimation/share/aruco_pose_estimation/hook/cmake_prefix_path.ps1'
[4.630s] INFO:colcon.colcon_core.shell:Creating environment descriptor '/home/havard/git/vaffelgutta/camera/camera_ws/install/aruco_pose_estimation/share/aruco_pose_estimation/hook/cmake_prefix_path.dsv'
[4.630s] INFO:colcon.colcon_core.shell:Creating environment hook '/home/havard/git/vaffelgutta/camera/camera_ws/install/aruco_pose_estimation/share/aruco_pose_estimation/hook/cmake_prefix_path.sh'
[4.630s] Level 1:colcon.colcon_core.environment:checking '/home/havard/git/vaffelgutta/camera/camera_ws/install/aruco_pose_estimation/lib'
[4.630s] Level 1:colcon.colcon_core.environment:checking '/home/havard/git/vaffelgutta/camera/camera_ws/install/aruco_pose_estimation/bin'
[4.630s] Level 1:colcon.colcon_core.environment:checking '/home/havard/git/vaffelgutta/camera/camera_ws/install/aruco_pose_estimation/lib/pkgconfig/aruco_pose_estimation.pc'
[4.630s] Level 1:colcon.colcon_core.environment:checking '/home/havard/git/vaffelgutta/camera/camera_ws/install/aruco_pose_estimation/lib/python3.10/site-packages'
[4.630s] Level 1:colcon.colcon_core.environment:checking '/home/havard/git/vaffelgutta/camera/camera_ws/install/aruco_pose_estimation/bin'
[4.631s] INFO:colcon.colcon_core.shell:Creating package script '/home/havard/git/vaffelgutta/camera/camera_ws/install/aruco_pose_estimation/share/aruco_pose_estimation/package.ps1'
[4.631s] INFO:colcon.colcon_core.shell:Creating package descriptor '/home/havard/git/vaffelgutta/camera/camera_ws/install/aruco_pose_estimation/share/aruco_pose_estimation/package.dsv'
[4.631s] INFO:colcon.colcon_core.shell:Creating package script '/home/havard/git/vaffelgutta/camera/camera_ws/install/aruco_pose_estimation/share/aruco_pose_estimation/package.sh'
[4.631s] INFO:colcon.colcon_core.shell:Creating package script '/home/havard/git/vaffelgutta/camera/camera_ws/install/aruco_pose_estimation/share/aruco_pose_estimation/package.bash'
[4.631s] INFO:colcon.colcon_core.shell:Creating package script '/home/havard/git/vaffelgutta/camera/camera_ws/install/aruco_pose_estimation/share/aruco_pose_estimation/package.zsh'
[4.632s] Level 1:colcon.colcon_core.environment:create_file_with_runtime_dependencies(/home/havard/git/vaffelgutta/camera/camera_ws/install/aruco_pose_estimation/share/colcon-core/packages/aruco_pose_estimation)
[4.632s] DEBUG:colcon.colcon_parallel_executor.executor.parallel:closing loop
[4.632s] DEBUG:colcon.colcon_parallel_executor.executor.parallel:loop closed
[4.632s] DEBUG:colcon.colcon_parallel_executor.executor.parallel:run_until_complete finished with '0'
[4.632s] DEBUG:colcon.colcon_core.event_reactor:joining thread
[4.636s] INFO:colcon.colcon_core.plugin_system:Skipping extension 'colcon_notification.desktop_notification.terminal_notifier': Not used on non-Darwin systems
[4.636s] INFO:colcon.colcon_core.plugin_system:Skipping extension 'colcon_notification.desktop_notification.win32': Not used on non-Windows systems
[4.636s] INFO:colcon.colcon_notification.desktop_notification:Sending desktop notification using 'notify2'
[4.652s] DEBUG:colcon.colcon_core.event_reactor:joined thread
[4.652s] INFO:colcon.colcon_core.shell:Creating prefix script '/home/havard/git/vaffelgutta/camera/camera_ws/install/local_setup.ps1'
[4.653s] INFO:colcon.colcon_core.shell:Creating prefix util module '/home/havard/git/vaffelgutta/camera/camera_ws/install/_local_setup_util_ps1.py'
[4.654s] INFO:colcon.colcon_core.shell:Creating prefix chain script '/home/havard/git/vaffelgutta/camera/camera_ws/install/setup.ps1'
[4.656s] INFO:colcon.colcon_core.shell:Creating prefix script '/home/havard/git/vaffelgutta/camera/camera_ws/install/local_setup.sh'
[4.656s] INFO:colcon.colcon_core.shell:Creating prefix util module '/home/havard/git/vaffelgutta/camera/camera_ws/install/_local_setup_util_sh.py'
[4.657s] INFO:colcon.colcon_core.shell:Creating prefix chain script '/home/havard/git/vaffelgutta/camera/camera_ws/install/setup.sh'
[4.658s] INFO:colcon.colcon_core.shell:Creating prefix script '/home/havard/git/vaffelgutta/camera/camera_ws/install/local_setup.bash'
[4.659s] INFO:colcon.colcon_core.shell:Creating prefix chain script '/home/havard/git/vaffelgutta/camera/camera_ws/install/setup.bash'
[4.660s] INFO:colcon.colcon_core.shell:Creating prefix script '/home/havard/git/vaffelgutta/camera/camera_ws/install/local_setup.zsh'
[4.660s] INFO:colcon.colcon_core.shell:Creating prefix chain script '/home/havard/git/vaffelgutta/camera/camera_ws/install/setup.zsh'
