[0.016s] Invoking command in '/home/havard/git/vaffelgutta/collision_detection_demo/build/env_collision_checker': CMAKE_PREFIX_PATH=${CMAKE_PREFIX_PATH}:/home/havard/ws_moveit/install/moveit_configs_utils:/home/havard/ws_moveit/install/launch_param_builder:/home/havard/interbotix_ws/install/interbotix_xs_modules:/home/havard/interbotix_ws/install/interbotix_perception_modules:/home/havard/interbotix_ws/install/interbotix_common_modules:/opt/ros/humble /usr/bin/cmake /home/havard/git/vaffelgutta/collision_detection_demo/src/env_collision_checker -DAMENT_CMAKE_SYMLINK_INSTALL=1 -DCMAKE_INSTALL_PREFIX=/home/havard/git/vaffelgutta/collision_detection_demo/install/env_collision_checker
[0.159s] -- Found Python3: /usr/include/python3.10 (found version "3.10.12") found components: Development Development.Module Development.Embed 
[0.159s] -- Found ament_cmake: 1.3.11 (/opt/ros/humble/share/ament_cmake/cmake)
[0.207s] -- Found Python3: /usr/bin/python3 (found version "3.10.12") found components: Interpreter 
[0.251s] -- Override CMake install command with custom implementation using symlinks instead of copying resources
[0.255s] -- Found rclcpp: 16.0.12 (/opt/ros/humble/share/rclcpp/cmake)
[0.273s] -- Found rosidl_generator_c: 3.1.6 (/opt/ros/humble/share/rosidl_generator_c/cmake)
[0.275s] -- Found rosidl_adapter: 3.1.6 (/opt/ros/humble/share/rosidl_adapter/cmake)
[0.278s] -- Found rosidl_generator_cpp: 3.1.6 (/opt/ros/humble/share/rosidl_generator_cpp/cmake)
[0.285s] -- Using all available rosidl_typesupport_c: rosidl_typesupport_fastrtps_c;rosidl_typesupport_introspection_c
[0.294s] -- Using all available rosidl_typesupport_cpp: rosidl_typesupport_fastrtps_cpp;rosidl_typesupport_introspection_cpp
[0.315s] -- Found rmw_implementation_cmake: 6.1.2 (/opt/ros/humble/share/rmw_implementation_cmake/cmake)
[0.318s] -- Found rmw_fastrtps_cpp: 6.2.7 (/opt/ros/humble/share/rmw_fastrtps_cpp/cmake)
[0.398s] -- Using RMW implementation 'rmw_fastrtps_cpp' as default
[0.425s] -- Found moveit_ros_planning_interface: 2.5.8 (/home/havard/ws_moveit/install/moveit_ros_planning_interface/share/moveit_ros_planning_interface/cmake)
[0.432s] -- Found Boost: /usr/lib/x86_64-linux-gnu/cmake/Boost-1.74.0/BoostConfig.cmake (found version "1.74.0") found components: date_time filesystem program_options system thread 
[0.524s] -- Found Boost: /usr/lib/x86_64-linux-gnu/cmake/Boost-1.74.0/BoostConfig.cmake (found version "1.74.0") found components: chrono date_time filesystem iostreams program_options regex serialization system thread 
[0.544s] -- Found parameter_traits: 0.4.0 (/opt/ros/humble/share/parameter_traits/cmake)
[0.550s] -- Found rclcpp_lifecycle: 16.0.12 (/opt/ros/humble/share/rclcpp_lifecycle/cmake)
[0.563s] -- Found Boost: /usr/lib/x86_64-linux-gnu/cmake/Boost-1.74.0/BoostConfig.cmake (found version "1.74.0") found components: filesystem 
[0.594s] -- library: /usr/lib/x86_64-linux-gnu/libcurl.so
[0.611s] -- Ensuring Eigen3 include directory is part of orocos-kdl CMake target
[0.677s] -- Found Boost: /usr/lib/x86_64-linux-gnu/cmake/Boost-1.74.0/BoostConfig.cmake (found version "1.74.0") found components: system filesystem date_time program_options thread chrono 
[0.695s] -- Found Boost: /usr/lib/x86_64-linux-gnu/cmake/Boost-1.74.0/BoostConfig.cmake (found version "1.74.0") found components: thread system filesystem regex date_time program_options 
[0.707s] -- Found Boost: /usr/lib/x86_64-linux-gnu/cmake/Boost-1.74.0/BoostConfig.cmake (found version "1.74.0") found components: system filesystem date_time program_options thread 
[0.723s] -- Found moveit_visual_tools: 4.1.2 (/home/havard/ws_moveit/install/moveit_visual_tools/share/moveit_visual_tools/cmake)
[0.777s] -- Setting assimp_DIR to: '/opt/ros/humble/share/rviz_assimp_vendor/cmake/../../../opt/rviz_assimp_vendor/lib/cmake/assimp-4.1'
[0.789s] -- Setting OGRE_DIR to: '/opt/ros/humble/share/rviz_ogre_vendor/cmake/../../../opt/rviz_ogre_vendor/lib/OGRE/cmake'
[0.790s] -- Found OGRE
[0.790s] --   static     : OFF
[0.790s] --   components : HLMS;MeshLodGenerator;Overlay;Paging;Property;RTShaderSystem;Terrain;Volume
[0.790s] --   plugins    : Plugin_BSPSceneManager;Plugin_OctreeSceneManager;Plugin_PCZSceneManager;Plugin_ParticleFX;RenderSystem_GL;RenderSystem_GL3Plus;Codec_STBI
[0.790s] --   media      : /opt/ros/humble/opt/rviz_ogre_vendor/share/OGRE/Media
[0.790s] -- OGRE_LIBRARIES: OgreHLMS;OgreMeshLodGenerator;OgreOverlay;OgrePaging;OgreProperty;OgreRTShaderSystem;OgreTerrain;OgreVolume;OgreMain
[0.790s] -- OGRE_LIBRARY_DIRS: /opt/ros/humble/opt/rviz_ogre_vendor/lib
[0.790s] -- OGRE_PLUGINS: Plugin_BSPSceneManager;Plugin_OctreeSceneManager;Plugin_PCZSceneManager;Plugin_ParticleFX;RenderSystem_GL;RenderSystem_GL3Plus;Codec_STBI
[0.791s] -- OGRE_PLUGIN_DIR: /opt/ros/humble/opt/rviz_ogre_vendor/lib/OGRE
[0.791s] -- rviz_ogre_vendor::OgreOverlay for IMPORTED_LOCATION_RELEASE: /opt/ros/humble/opt/rviz_ogre_vendor/lib/libOgreOverlay.so
[0.791s] -- rviz_ogre_vendor::OgreOverlay for IMPORTED_LOCATION_DEBUG: /opt/ros/humble/opt/rviz_ogre_vendor/lib/libOgreOverlay.so
[0.791s] -- rviz_ogre_vendor::OgreMain for IMPORTED_LOCATION_RELEASE: /opt/ros/humble/opt/rviz_ogre_vendor/lib/libOgreMain.so
[0.791s] -- rviz_ogre_vendor::OgreMain for IMPORTED_LOCATION_DEBUG: /opt/ros/humble/opt/rviz_ogre_vendor/lib/libOgreMain.so
[0.809s] -- Found ZLIB: /usr/lib/x86_64-linux-gnu/libz.so (found version "1.2.11") 
[0.815s] -- Found OpenGL: /usr/lib/x86_64-linux-gnu/libOpenGL.so   
[0.936s] -- Found X11: /usr/include   
[0.936s] -- Looking for XOpenDisplay in /usr/lib/x86_64-linux-gnu/libX11.so;/usr/lib/x86_64-linux-gnu/libXext.so
[1.007s] -- Looking for XOpenDisplay in /usr/lib/x86_64-linux-gnu/libX11.so;/usr/lib/x86_64-linux-gnu/libXext.so - found
[1.007s] -- Looking for gethostbyname
[1.093s] -- Looking for gethostbyname - found
[1.093s] -- Looking for connect
[1.160s] -- Looking for connect - found
[1.160s] -- Looking for remove
[1.219s] -- Looking for remove - found
[1.219s] -- Looking for shmat
[1.284s] -- Looking for shmat - found
[1.284s] -- Looking for IceConnectionNumber in ICE
[1.351s] -- Looking for IceConnectionNumber in ICE - found
[1.426s] -- Found pybind11: /usr/include (found version "2.9.1")
[1.426s] -- MoveIt ROS Planning Interface Found: 1
[1.426s] -- MoveIt Core Found: 1
[1.431s] -- Found ament_lint_auto: 0.12.12 (/opt/ros/humble/share/ament_lint_auto/cmake)
[1.478s] -- Added test 'copyright' to check source files copyright and LICENSE
[1.479s] -- Added test 'cppcheck' to perform static code analysis on C / C++ code
[1.479s] -- Configured cppcheck include dirs: 
[1.479s] -- Configured cppcheck exclude dirs and/or files: 
[1.479s] -- Added test 'cpplint' to check C / C++ code against the Google style
[1.479s] -- Configured cpplint exclude dirs and/or files: 
[1.480s] -- Added test 'lint_cmake' to check CMake code style
[1.480s] -- Added test 'uncrustify' to check C / C++ code style
[1.480s] -- Configured uncrustify additional arguments: 
[1.480s] -- Added test 'xmllint' to check XML markup files
[1.481s] -- Configuring done
[1.503s] -- Generating done
[1.508s] -- Build files have been written to: /home/havard/git/vaffelgutta/collision_detection_demo/build/env_collision_checker
[1.518s] Invoked command in '/home/havard/git/vaffelgutta/collision_detection_demo/build/env_collision_checker' returned '0': CMAKE_PREFIX_PATH=${CMAKE_PREFIX_PATH}:/home/havard/ws_moveit/install/moveit_configs_utils:/home/havard/ws_moveit/install/launch_param_builder:/home/havard/interbotix_ws/install/interbotix_xs_modules:/home/havard/interbotix_ws/install/interbotix_perception_modules:/home/havard/interbotix_ws/install/interbotix_common_modules:/opt/ros/humble /usr/bin/cmake /home/havard/git/vaffelgutta/collision_detection_demo/src/env_collision_checker -DAMENT_CMAKE_SYMLINK_INSTALL=1 -DCMAKE_INSTALL_PREFIX=/home/havard/git/vaffelgutta/collision_detection_demo/install/env_collision_checker
[1.518s] Invoking command in '/home/havard/git/vaffelgutta/collision_detection_demo/build/env_collision_checker': CMAKE_PREFIX_PATH=${CMAKE_PREFIX_PATH}:/home/havard/ws_moveit/install/moveit_configs_utils:/home/havard/ws_moveit/install/launch_param_builder:/home/havard/interbotix_ws/install/interbotix_xs_modules:/home/havard/interbotix_ws/install/interbotix_perception_modules:/home/havard/interbotix_ws/install/interbotix_common_modules:/opt/ros/humble /usr/bin/cmake --build /home/havard/git/vaffelgutta/collision_detection_demo/build/env_collision_checker -- -j12 -l12
[1.569s] gmake[2]: *** No rule to make target '/home/havard/ws_moveit/install/moveit_core/lib/libmoveit_core.so', needed by 'moveit_python_binding.cpython-310-x86_64-linux-gnu.so'.  Stop.
[1.569s] gmake[2]: *** Waiting for unfinished jobs....
[1.577s] [ 25%] [32mBuilding CXX object CMakeFiles/collision_checker_node.dir/src/collision_checker_node.cpp.o[0m
[1.579s] [ 50%] [32mBuilding CXX object CMakeFiles/moveit_python_binding.dir/src/moveit_python_binding.cpp.o[0m
[1.710s] In file included from [01m[K/home/havard/ws_moveit/install/moveit_core/include/moveit/robot_state/robot_state.h:40[m[K,
[1.710s]                  from [01m[K/home/havard/ws_moveit/install/moveit_ros_planning_interface/include/moveit/move_group_interface/move_group_interface.h:41[m[K,
[1.710s]                  from [01m[K/home/havard/git/vaffelgutta/collision_detection_demo/src/env_collision_checker/src/moveit_python_binding.cpp:10[m[K:
[1.710s] [01m[K/home/havard/ws_moveit/install/moveit_core/include/moveit/robot_model/robot_model.h:42:10:[m[K [01;31m[Kfatal error: [m[Ksrdfdom/model.h: No such file or directory
[1.710s]    42 | #include [01;31m[K<srdfdom/model.h>[m[K
[1.710s]       |          [01;31m[K^~~~~~~~~~~~~~~~~[m[K
[1.710s] compilation terminated.
[1.720s] gmake[2]: *** [CMakeFiles/moveit_python_binding.dir/build.make:76: CMakeFiles/moveit_python_binding.dir/src/moveit_python_binding.cpp.o] Error 1
[1.720s] gmake[1]: *** [CMakeFiles/Makefile2:165: CMakeFiles/moveit_python_binding.dir/all] Error 2
[1.720s] gmake[1]: *** Waiting for unfinished jobs....
[5.637s] [ 75%] [32m[1mLinking CXX executable collision_checker_node[0m
[6.352s] /usr/bin/ld: /usr/lib/gcc/x86_64-linux-gnu/11/../../../x86_64-linux-gnu/Scrt1.o: in function `_start':
[6.352s] (.text+0x1b): undefined reference to `main'
[6.371s] collect2: error: ld returned 1 exit status
[6.373s] gmake[2]: *** [CMakeFiles/collision_checker_node.dir/build.make:421: collision_checker_node] Error 1
[6.373s] gmake[1]: *** [CMakeFiles/Makefile2:139: CMakeFiles/collision_checker_node.dir/all] Error 2
[6.373s] gmake: *** [Makefile:146: all] Error 2
[6.375s] Invoked command in '/home/havard/git/vaffelgutta/collision_detection_demo/build/env_collision_checker' returned '2': CMAKE_PREFIX_PATH=${CMAKE_PREFIX_PATH}:/home/havard/ws_moveit/install/moveit_configs_utils:/home/havard/ws_moveit/install/launch_param_builder:/home/havard/interbotix_ws/install/interbotix_xs_modules:/home/havard/interbotix_ws/install/interbotix_perception_modules:/home/havard/interbotix_ws/install/interbotix_common_modules:/opt/ros/humble /usr/bin/cmake --build /home/havard/git/vaffelgutta/collision_detection_demo/build/env_collision_checker -- -j12 -l12
