[0.074s] DEBUG:colcon:Command line arguments: ['/usr/bin/colcon', 'build']
[0.074s] DEBUG:colcon:Parsed command line arguments: Namespace(log_base=None, log_level=None, verb_name='build', build_base='build', install_base='install', merge_install=False, symlink_install=False, test_result_base=None, continue_on_error=False, executor='parallel', parallel_workers=12, event_handlers=None, ignore_user_meta=False, metas=['./colcon.meta'], base_paths=['.'], packages_ignore=None, packages_ignore_regex=None, paths=None, packages_up_to=None, packages_up_to_regex=None, packages_above=None, packages_above_and_dependencies=None, packages_above_depth=None, packages_select_by_dep=None, packages_skip_by_dep=None, packages_skip_up_to=None, packages_select_build_failed=False, packages_skip_build_finished=False, packages_select_test_failures=False, packages_skip_test_passed=False, packages_select=None, packages_skip=None, packages_select_regex=None, packages_skip_regex=None, packages_start=None, packages_end=None, allow_overriding=[], cmake_args=None, cmake_target=None, cmake_target_skip_unavailable=False, cmake_clean_cache=False, cmake_clean_first=False, cmake_force_configure=False, ament_cmake_args=None, catkin_cmake_args=None, catkin_skip_building_tests=False, mixin_files=None, mixin=None, verb_parser=<colcon_mixin.mixin.mixin_argument.MixinArgumentDecorator object at 0x709f764999c0>, verb_extension=<colcon_core.verb.build.BuildVerb object at 0x709f76498f40>, main=<bound method BuildVerb.main of <colcon_core.verb.build.BuildVerb object at 0x709f76498f40>>, mixin_verb=('build',))
[0.100s] Level 1:colcon.colcon_core.package_discovery:discover_packages(colcon_meta) check parameters
[0.100s] Level 1:colcon.colcon_core.package_discovery:discover_packages(recursive) check parameters
[0.100s] Level 1:colcon.colcon_core.package_discovery:discover_packages(ignore) check parameters
[0.100s] Level 1:colcon.colcon_core.package_discovery:discover_packages(path) check parameters
[0.100s] Level 1:colcon.colcon_core.package_discovery:discover_packages(colcon_meta) discover
[0.100s] Level 1:colcon.colcon_core.package_discovery:discover_packages(recursive) discover
[0.100s] INFO:colcon.colcon_core.package_discovery:Crawling recursively for packages in '/home/havard/git/vaffelgutta/collision_detection_demo'
[0.100s] Level 1:colcon.colcon_core.package_identification:_identify(.) by extensions ['ignore', 'ignore_ament_install']
[0.100s] Level 1:colcon.colcon_core.package_identification:_identify(.) by extension 'ignore'
[0.100s] Level 1:colcon.colcon_core.package_identification:_identify(.) by extension 'ignore_ament_install'
[0.100s] Level 1:colcon.colcon_core.package_identification:_identify(.) by extensions ['colcon_pkg']
[0.100s] Level 1:colcon.colcon_core.package_identification:_identify(.) by extension 'colcon_pkg'
[0.100s] Level 1:colcon.colcon_core.package_identification:_identify(.) by extensions ['colcon_meta']
[0.100s] Level 1:colcon.colcon_core.package_identification:_identify(.) by extension 'colcon_meta'
[0.100s] Level 1:colcon.colcon_core.package_identification:_identify(.) by extensions ['ros']
[0.100s] Level 1:colcon.colcon_core.package_identification:_identify(.) by extension 'ros'
[0.109s] Level 1:colcon.colcon_core.package_identification:_identify(.) by extensions ['cmake', 'python']
[0.109s] Level 1:colcon.colcon_core.package_identification:_identify(.) by extension 'cmake'
[0.110s] Level 1:colcon.colcon_core.package_identification:_identify(.) by extension 'python'
[0.110s] Level 1:colcon.colcon_core.package_identification:_identify(.) by extensions ['python_setup_py']
[0.110s] Level 1:colcon.colcon_core.package_identification:_identify(.) by extension 'python_setup_py'
[0.110s] Level 1:colcon.colcon_core.package_identification:_identify(build) by extensions ['ignore', 'ignore_ament_install']
[0.110s] Level 1:colcon.colcon_core.package_identification:_identify(build) by extension 'ignore'
[0.110s] Level 1:colcon.colcon_core.package_identification:_identify(build) ignored
[0.110s] Level 1:colcon.colcon_core.package_identification:_identify(install) by extensions ['ignore', 'ignore_ament_install']
[0.110s] Level 1:colcon.colcon_core.package_identification:_identify(install) by extension 'ignore'
[0.110s] Level 1:colcon.colcon_core.package_identification:_identify(install) ignored
[0.110s] Level 1:colcon.colcon_core.package_identification:_identify(log) by extensions ['ignore', 'ignore_ament_install']
[0.110s] Level 1:colcon.colcon_core.package_identification:_identify(log) by extension 'ignore'
[0.110s] Level 1:colcon.colcon_core.package_identification:_identify(log) ignored
[0.110s] Level 1:colcon.colcon_core.package_identification:_identify(src) by extensions ['ignore', 'ignore_ament_install']
[0.110s] Level 1:colcon.colcon_core.package_identification:_identify(src) by extension 'ignore'
[0.110s] Level 1:colcon.colcon_core.package_identification:_identify(src) by extension 'ignore_ament_install'
[0.110s] Level 1:colcon.colcon_core.package_identification:_identify(src) by extensions ['colcon_pkg']
[0.110s] Level 1:colcon.colcon_core.package_identification:_identify(src) by extension 'colcon_pkg'
[0.110s] Level 1:colcon.colcon_core.package_identification:_identify(src) by extensions ['colcon_meta']
[0.110s] Level 1:colcon.colcon_core.package_identification:_identify(src) by extension 'colcon_meta'
[0.110s] Level 1:colcon.colcon_core.package_identification:_identify(src) by extensions ['ros']
[0.110s] Level 1:colcon.colcon_core.package_identification:_identify(src) by extension 'ros'
[0.110s] Level 1:colcon.colcon_core.package_identification:_identify(src) by extensions ['cmake', 'python']
[0.110s] Level 1:colcon.colcon_core.package_identification:_identify(src) by extension 'cmake'
[0.110s] Level 1:colcon.colcon_core.package_identification:_identify(src) by extension 'python'
[0.110s] Level 1:colcon.colcon_core.package_identification:_identify(src) by extensions ['python_setup_py']
[0.110s] Level 1:colcon.colcon_core.package_identification:_identify(src) by extension 'python_setup_py'
[0.110s] Level 1:colcon.colcon_core.package_identification:_identify(src/env_collision_checker) by extensions ['ignore', 'ignore_ament_install']
[0.110s] Level 1:colcon.colcon_core.package_identification:_identify(src/env_collision_checker) by extension 'ignore'
[0.110s] Level 1:colcon.colcon_core.package_identification:_identify(src/env_collision_checker) by extension 'ignore_ament_install'
[0.110s] Level 1:colcon.colcon_core.package_identification:_identify(src/env_collision_checker) by extensions ['colcon_pkg']
[0.110s] Level 1:colcon.colcon_core.package_identification:_identify(src/env_collision_checker) by extension 'colcon_pkg'
[0.110s] Level 1:colcon.colcon_core.package_identification:_identify(src/env_collision_checker) by extensions ['colcon_meta']
[0.110s] Level 1:colcon.colcon_core.package_identification:_identify(src/env_collision_checker) by extension 'colcon_meta'
[0.110s] Level 1:colcon.colcon_core.package_identification:_identify(src/env_collision_checker) by extensions ['ros']
[0.111s] Level 1:colcon.colcon_core.package_identification:_identify(src/env_collision_checker) by extension 'ros'
[0.112s] DEBUG:colcon.colcon_core.package_identification:Package 'src/env_collision_checker' with type 'ros.ament_cmake' and name 'env_collision_checker'
[0.112s] Level 1:colcon.colcon_core.package_discovery:discover_packages(recursive) using defaults
[0.112s] Level 1:colcon.colcon_core.package_discovery:discover_packages(ignore) discover
[0.112s] Level 1:colcon.colcon_core.package_discovery:discover_packages(ignore) using defaults
[0.112s] Level 1:colcon.colcon_core.package_discovery:discover_packages(path) discover
[0.112s] Level 1:colcon.colcon_core.package_discovery:discover_packages(path) using defaults
[0.125s] Level 1:colcon.colcon_core.package_discovery:discover_packages(prefix_path) check parameters
[0.125s] Level 1:colcon.colcon_core.package_discovery:discover_packages(prefix_path) discover
[0.126s] WARNING:colcon.colcon_ros.prefix_path.ament:The path '/home/havard/git/vaffelgutta/collision_detection_demo/install/env_collision_checker' in the environment variable AMENT_PREFIX_PATH doesn't exist
[0.127s] WARNING:colcon.colcon_ros.prefix_path.catkin:The path '/home/havard/git/vaffelgutta/collision_detection_demo/install/env_collision_checker' in the environment variable CMAKE_PREFIX_PATH doesn't exist
[0.128s] DEBUG:colcon.colcon_installed_package_information.package_discovery:Found 0 installed packages in /home/havard/git/vaffelgutta/collision_detection_demo/install
[0.129s] DEBUG:colcon.colcon_installed_package_information.package_discovery:Found 57 installed packages in /home/havard/ws_moveit/install
[0.129s] DEBUG:colcon.colcon_installed_package_information.package_discovery:Found 0 installed packages in /home/havard/filesforrobot/launch/install
[0.129s] DEBUG:colcon.colcon_installed_package_information.package_discovery:Found 1 installed packages in /home/havard/apriltag_ws/install
[0.130s] DEBUG:colcon.colcon_installed_package_information.package_discovery:Found 34 installed packages in /home/havard/interbotix_ws/install
[0.131s] DEBUG:colcon.colcon_installed_package_information.package_discovery:Found 357 installed packages in /opt/ros/humble
[0.132s] Level 1:colcon.colcon_core.package_discovery:discover_packages(prefix_path) using defaults
[0.160s] Level 5:colcon.colcon_core.verb:set package 'env_collision_checker' build argument 'cmake_args' from command line to 'None'
[0.160s] Level 5:colcon.colcon_core.verb:set package 'env_collision_checker' build argument 'cmake_target' from command line to 'None'
[0.160s] Level 5:colcon.colcon_core.verb:set package 'env_collision_checker' build argument 'cmake_target_skip_unavailable' from command line to 'False'
[0.160s] Level 5:colcon.colcon_core.verb:set package 'env_collision_checker' build argument 'cmake_clean_cache' from command line to 'False'
[0.160s] Level 5:colcon.colcon_core.verb:set package 'env_collision_checker' build argument 'cmake_clean_first' from command line to 'False'
[0.160s] Level 5:colcon.colcon_core.verb:set package 'env_collision_checker' build argument 'cmake_force_configure' from command line to 'False'
[0.160s] Level 5:colcon.colcon_core.verb:set package 'env_collision_checker' build argument 'ament_cmake_args' from command line to 'None'
[0.160s] Level 5:colcon.colcon_core.verb:set package 'env_collision_checker' build argument 'catkin_cmake_args' from command line to 'None'
[0.160s] Level 5:colcon.colcon_core.verb:set package 'env_collision_checker' build argument 'catkin_skip_building_tests' from command line to 'False'
[0.160s] DEBUG:colcon.colcon_core.verb:Building package 'env_collision_checker' with the following arguments: {'ament_cmake_args': None, 'build_base': '/home/havard/git/vaffelgutta/collision_detection_demo/build/env_collision_checker', 'catkin_cmake_args': None, 'catkin_skip_building_tests': False, 'cmake_args': None, 'cmake_clean_cache': False, 'cmake_clean_first': False, 'cmake_force_configure': False, 'cmake_target': None, 'cmake_target_skip_unavailable': False, 'install_base': '/home/havard/git/vaffelgutta/collision_detection_demo/install/env_collision_checker', 'merge_install': False, 'path': '/home/havard/git/vaffelgutta/collision_detection_demo/src/env_collision_checker', 'symlink_install': False, 'test_result_base': None}
[0.160s] INFO:colcon.colcon_core.executor:Executing jobs using 'parallel' executor
[0.161s] DEBUG:colcon.colcon_parallel_executor.executor.parallel:run_until_complete
[0.161s] INFO:colcon.colcon_ros.task.ament_cmake.build:Building ROS package in '/home/havard/git/vaffelgutta/collision_detection_demo/src/env_collision_checker' with build type 'ament_cmake'
[0.161s] INFO:colcon.colcon_cmake.task.cmake.build:Building CMake package in '/home/havard/git/vaffelgutta/collision_detection_demo/src/env_collision_checker'
[0.163s] INFO:colcon.colcon_core.plugin_system:Skipping extension 'colcon_core.shell.bat': Not used on non-Windows systems
[0.163s] INFO:colcon.colcon_core.shell:Skip shell extension 'powershell' for command environment: Not usable outside of PowerShell
[0.163s] DEBUG:colcon.colcon_core.shell:Skip shell extension 'dsv' for command environment
[0.176s] DEBUG:colcon.colcon_core.event_handler.log_command:Invoking command in '/home/havard/git/vaffelgutta/collision_detection_demo/build/env_collision_checker': CMAKE_PREFIX_PATH=${CMAKE_PREFIX_PATH}:/home/havard/ws_moveit/install/moveit_configs_utils:/home/havard/ws_moveit/install/launch_param_builder:/home/havard/interbotix_ws/install/interbotix_xs_modules:/home/havard/interbotix_ws/install/interbotix_perception_modules:/home/havard/interbotix_ws/install/interbotix_common_modules:/opt/ros/humble /usr/bin/cmake /home/havard/git/vaffelgutta/collision_detection_demo/src/env_collision_checker -DCMAKE_INSTALL_PREFIX=/home/havard/git/vaffelgutta/collision_detection_demo/install/env_collision_checker
[2.856s] DEBUG:colcon.colcon_core.event_handler.log_command:Invoked command in '/home/havard/git/vaffelgutta/collision_detection_demo/build/env_collision_checker' returned '0': CMAKE_PREFIX_PATH=${CMAKE_PREFIX_PATH}:/home/havard/ws_moveit/install/moveit_configs_utils:/home/havard/ws_moveit/install/launch_param_builder:/home/havard/interbotix_ws/install/interbotix_xs_modules:/home/havard/interbotix_ws/install/interbotix_perception_modules:/home/havard/interbotix_ws/install/interbotix_common_modules:/opt/ros/humble /usr/bin/cmake /home/havard/git/vaffelgutta/collision_detection_demo/src/env_collision_checker -DCMAKE_INSTALL_PREFIX=/home/havard/git/vaffelgutta/collision_detection_demo/install/env_collision_checker
[2.857s] DEBUG:colcon.colcon_core.event_handler.log_command:Invoking command in '/home/havard/git/vaffelgutta/collision_detection_demo/build/env_collision_checker': CMAKE_PREFIX_PATH=${CMAKE_PREFIX_PATH}:/home/havard/ws_moveit/install/moveit_configs_utils:/home/havard/ws_moveit/install/launch_param_builder:/home/havard/interbotix_ws/install/interbotix_xs_modules:/home/havard/interbotix_ws/install/interbotix_perception_modules:/home/havard/interbotix_ws/install/interbotix_common_modules:/opt/ros/humble /usr/bin/cmake --build /home/havard/git/vaffelgutta/collision_detection_demo/build/env_collision_checker -- -j12 -l12
[8.040s] DEBUG:colcon.colcon_core.event_handler.log_command:Invoked command in '/home/havard/git/vaffelgutta/collision_detection_demo/build/env_collision_checker' returned '0': CMAKE_PREFIX_PATH=${CMAKE_PREFIX_PATH}:/home/havard/ws_moveit/install/moveit_configs_utils:/home/havard/ws_moveit/install/launch_param_builder:/home/havard/interbotix_ws/install/interbotix_xs_modules:/home/havard/interbotix_ws/install/interbotix_perception_modules:/home/havard/interbotix_ws/install/interbotix_common_modules:/opt/ros/humble /usr/bin/cmake --build /home/havard/git/vaffelgutta/collision_detection_demo/build/env_collision_checker -- -j12 -l12
[8.051s] DEBUG:colcon.colcon_core.event_handler.log_command:Invoking command in '/home/havard/git/vaffelgutta/collision_detection_demo/build/env_collision_checker': CMAKE_PREFIX_PATH=${CMAKE_PREFIX_PATH}:/home/havard/ws_moveit/install/moveit_configs_utils:/home/havard/ws_moveit/install/launch_param_builder:/home/havard/interbotix_ws/install/interbotix_xs_modules:/home/havard/interbotix_ws/install/interbotix_perception_modules:/home/havard/interbotix_ws/install/interbotix_common_modules:/opt/ros/humble /usr/bin/cmake --install /home/havard/git/vaffelgutta/collision_detection_demo/build/env_collision_checker
[8.061s] Level 1:colcon.colcon_core.environment:create_environment_scripts_only(env_collision_checker)
[8.062s] DEBUG:colcon.colcon_core.event_handler.log_command:Invoked command in '/home/havard/git/vaffelgutta/collision_detection_demo/build/env_collision_checker' returned '0': CMAKE_PREFIX_PATH=${CMAKE_PREFIX_PATH}:/home/havard/ws_moveit/install/moveit_configs_utils:/home/havard/ws_moveit/install/launch_param_builder:/home/havard/interbotix_ws/install/interbotix_xs_modules:/home/havard/interbotix_ws/install/interbotix_perception_modules:/home/havard/interbotix_ws/install/interbotix_common_modules:/opt/ros/humble /usr/bin/cmake --install /home/havard/git/vaffelgutta/collision_detection_demo/build/env_collision_checker
[8.063s] Level 1:colcon.colcon_core.environment:checking '/home/havard/git/vaffelgutta/collision_detection_demo/install/env_collision_checker' for CMake module files
[8.063s] Level 1:colcon.colcon_core.environment:checking '/home/havard/git/vaffelgutta/collision_detection_demo/install/env_collision_checker' for CMake config files
[8.064s] Level 1:colcon.colcon_core.shell:create_environment_hook('env_collision_checker', 'cmake_prefix_path')
[8.064s] INFO:colcon.colcon_core.shell:Creating environment hook '/home/havard/git/vaffelgutta/collision_detection_demo/install/env_collision_checker/share/env_collision_checker/hook/cmake_prefix_path.ps1'
[8.064s] INFO:colcon.colcon_core.shell:Creating environment descriptor '/home/havard/git/vaffelgutta/collision_detection_demo/install/env_collision_checker/share/env_collision_checker/hook/cmake_prefix_path.dsv'
[8.064s] INFO:colcon.colcon_core.shell:Creating environment hook '/home/havard/git/vaffelgutta/collision_detection_demo/install/env_collision_checker/share/env_collision_checker/hook/cmake_prefix_path.sh'
[8.065s] Level 1:colcon.colcon_core.environment:checking '/home/havard/git/vaffelgutta/collision_detection_demo/install/env_collision_checker/lib'
[8.065s] Level 1:colcon.colcon_core.environment:checking '/home/havard/git/vaffelgutta/collision_detection_demo/install/env_collision_checker/bin'
[8.065s] Level 1:colcon.colcon_core.environment:checking '/home/havard/git/vaffelgutta/collision_detection_demo/install/env_collision_checker/lib/pkgconfig/env_collision_checker.pc'
[8.065s] Level 1:colcon.colcon_core.environment:checking '/home/havard/git/vaffelgutta/collision_detection_demo/install/env_collision_checker/lib/python3.10/site-packages'
[8.065s] Level 1:colcon.colcon_core.environment:checking '/home/havard/git/vaffelgutta/collision_detection_demo/install/env_collision_checker/bin'
[8.065s] INFO:colcon.colcon_core.shell:Creating package script '/home/havard/git/vaffelgutta/collision_detection_demo/install/env_collision_checker/share/env_collision_checker/package.ps1'
[8.066s] INFO:colcon.colcon_core.shell:Creating package descriptor '/home/havard/git/vaffelgutta/collision_detection_demo/install/env_collision_checker/share/env_collision_checker/package.dsv'
[8.066s] INFO:colcon.colcon_core.shell:Creating package script '/home/havard/git/vaffelgutta/collision_detection_demo/install/env_collision_checker/share/env_collision_checker/package.sh'
[8.066s] INFO:colcon.colcon_core.shell:Creating package script '/home/havard/git/vaffelgutta/collision_detection_demo/install/env_collision_checker/share/env_collision_checker/package.bash'
[8.067s] INFO:colcon.colcon_core.shell:Creating package script '/home/havard/git/vaffelgutta/collision_detection_demo/install/env_collision_checker/share/env_collision_checker/package.zsh'
[8.067s] Level 1:colcon.colcon_core.environment:create_file_with_runtime_dependencies(/home/havard/git/vaffelgutta/collision_detection_demo/install/env_collision_checker/share/colcon-core/packages/env_collision_checker)
[8.067s] Level 1:colcon.colcon_core.environment:create_environment_scripts_only(env_collision_checker)
[8.067s] Level 1:colcon.colcon_core.environment:checking '/home/havard/git/vaffelgutta/collision_detection_demo/install/env_collision_checker' for CMake module files
[8.068s] Level 1:colcon.colcon_core.environment:checking '/home/havard/git/vaffelgutta/collision_detection_demo/install/env_collision_checker' for CMake config files
[8.068s] Level 1:colcon.colcon_core.shell:create_environment_hook('env_collision_checker', 'cmake_prefix_path')
[8.068s] INFO:colcon.colcon_core.shell:Creating environment hook '/home/havard/git/vaffelgutta/collision_detection_demo/install/env_collision_checker/share/env_collision_checker/hook/cmake_prefix_path.ps1'
[8.068s] INFO:colcon.colcon_core.shell:Creating environment descriptor '/home/havard/git/vaffelgutta/collision_detection_demo/install/env_collision_checker/share/env_collision_checker/hook/cmake_prefix_path.dsv'
[8.068s] INFO:colcon.colcon_core.shell:Creating environment hook '/home/havard/git/vaffelgutta/collision_detection_demo/install/env_collision_checker/share/env_collision_checker/hook/cmake_prefix_path.sh'
[8.069s] Level 1:colcon.colcon_core.environment:checking '/home/havard/git/vaffelgutta/collision_detection_demo/install/env_collision_checker/lib'
[8.069s] Level 1:colcon.colcon_core.environment:checking '/home/havard/git/vaffelgutta/collision_detection_demo/install/env_collision_checker/bin'
[8.069s] Level 1:colcon.colcon_core.environment:checking '/home/havard/git/vaffelgutta/collision_detection_demo/install/env_collision_checker/lib/pkgconfig/env_collision_checker.pc'
[8.069s] Level 1:colcon.colcon_core.environment:checking '/home/havard/git/vaffelgutta/collision_detection_demo/install/env_collision_checker/lib/python3.10/site-packages'
[8.069s] Level 1:colcon.colcon_core.environment:checking '/home/havard/git/vaffelgutta/collision_detection_demo/install/env_collision_checker/bin'
[8.069s] INFO:colcon.colcon_core.shell:Creating package script '/home/havard/git/vaffelgutta/collision_detection_demo/install/env_collision_checker/share/env_collision_checker/package.ps1'
[8.069s] INFO:colcon.colcon_core.shell:Creating package descriptor '/home/havard/git/vaffelgutta/collision_detection_demo/install/env_collision_checker/share/env_collision_checker/package.dsv'
[8.070s] INFO:colcon.colcon_core.shell:Creating package script '/home/havard/git/vaffelgutta/collision_detection_demo/install/env_collision_checker/share/env_collision_checker/package.sh'
[8.070s] INFO:colcon.colcon_core.shell:Creating package script '/home/havard/git/vaffelgutta/collision_detection_demo/install/env_collision_checker/share/env_collision_checker/package.bash'
[8.070s] INFO:colcon.colcon_core.shell:Creating package script '/home/havard/git/vaffelgutta/collision_detection_demo/install/env_collision_checker/share/env_collision_checker/package.zsh'
[8.070s] Level 1:colcon.colcon_core.environment:create_file_with_runtime_dependencies(/home/havard/git/vaffelgutta/collision_detection_demo/install/env_collision_checker/share/colcon-core/packages/env_collision_checker)
[8.070s] DEBUG:colcon.colcon_parallel_executor.executor.parallel:closing loop
[8.071s] DEBUG:colcon.colcon_parallel_executor.executor.parallel:loop closed
[8.071s] DEBUG:colcon.colcon_parallel_executor.executor.parallel:run_until_complete finished with '0'
[8.071s] DEBUG:colcon.colcon_core.event_reactor:joining thread
[8.074s] INFO:colcon.colcon_core.plugin_system:Skipping extension 'colcon_notification.desktop_notification.terminal_notifier': Not used on non-Darwin systems
[8.074s] INFO:colcon.colcon_core.plugin_system:Skipping extension 'colcon_notification.desktop_notification.win32': Not used on non-Windows systems
[8.074s] INFO:colcon.colcon_notification.desktop_notification:Sending desktop notification using 'notify2'
[8.076s] DEBUG:colcon.colcon_core.event_reactor:joined thread
[8.076s] INFO:colcon.colcon_core.shell:Creating prefix script '/home/havard/git/vaffelgutta/collision_detection_demo/install/local_setup.ps1'
[8.076s] INFO:colcon.colcon_core.shell:Creating prefix util module '/home/havard/git/vaffelgutta/collision_detection_demo/install/_local_setup_util_ps1.py'
[8.077s] INFO:colcon.colcon_core.shell:Creating prefix chain script '/home/havard/git/vaffelgutta/collision_detection_demo/install/setup.ps1'
[8.079s] INFO:colcon.colcon_core.shell:Creating prefix script '/home/havard/git/vaffelgutta/collision_detection_demo/install/local_setup.sh'
[8.079s] INFO:colcon.colcon_core.shell:Creating prefix util module '/home/havard/git/vaffelgutta/collision_detection_demo/install/_local_setup_util_sh.py'
[8.080s] INFO:colcon.colcon_core.shell:Creating prefix chain script '/home/havard/git/vaffelgutta/collision_detection_demo/install/setup.sh'
[8.082s] INFO:colcon.colcon_core.shell:Creating prefix script '/home/havard/git/vaffelgutta/collision_detection_demo/install/local_setup.bash'
[8.082s] INFO:colcon.colcon_core.shell:Creating prefix chain script '/home/havard/git/vaffelgutta/collision_detection_demo/install/setup.bash'
[8.084s] INFO:colcon.colcon_core.shell:Creating prefix script '/home/havard/git/vaffelgutta/collision_detection_demo/install/local_setup.zsh'
[8.084s] INFO:colcon.colcon_core.shell:Creating prefix chain script '/home/havard/git/vaffelgutta/collision_detection_demo/install/setup.zsh'
