[0.014s] Invoking command in '/home/havard/git/vaffelgutta/robot/robot_controllers/Wafflebot/moveit/cpp_ws/build/collision_publisher': CMAKE_PREFIX_PATH=${CMAKE_PREFIX_PATH}:/home/havard/ws_moveit/install/moveit_configs_utils:/home/havard/ws_moveit/install/launch_param_builder:/home/havard/interbotix_ws/install/interbotix_xs_modules:/home/havard/interbotix_ws/install/interbotix_perception_modules:/home/havard/interbotix_ws/install/interbotix_common_modules:/opt/ros/humble /usr/bin/cmake /home/havard/git/vaffelgutta/robot/robot_controllers/Wafflebot/moveit/cpp_ws -DCMAKE_INSTALL_PREFIX=/home/havard/git/vaffelgutta/robot/robot_controllers/Wafflebot/moveit/cpp_ws/install/collision_publisher
[0.068s] -- The C compiler identification is GNU 11.4.0
[0.110s] -- The CXX compiler identification is GNU 11.4.0
[0.115s] -- Detecting C compiler ABI info
[0.186s] -- Detecting C compiler ABI info - done
[0.193s] -- Check for working C compiler: /usr/bin/cc - skipped
[0.193s] -- Detecting C compile features
[0.193s] -- Detecting C compile features - done
[0.195s] -- Detecting CXX compiler ABI info
[0.263s] -- Detecting CXX compiler ABI info - done
[0.269s] -- Check for working CXX compiler: /usr/bin/c++ - skipped
[0.269s] -- Detecting CXX compile features
[0.269s] -- Detecting CXX compile features - done
[0.274s] -- Found ament_cmake: 1.3.11 (/opt/ros/humble/share/ament_cmake/cmake)
[0.533s] -- Found Python3: /usr/bin/python3 (found version "3.10.12") found components: Interpreter 
[0.640s] -- Found rclcpp: 16.0.12 (/opt/ros/humble/share/rclcpp/cmake)
[0.700s] -- Found rosidl_generator_c: 3.1.6 (/opt/ros/humble/share/rosidl_generator_c/cmake)
[0.710s] -- Found rosidl_adapter: 3.1.6 (/opt/ros/humble/share/rosidl_adapter/cmake)
[0.721s] -- Found rosidl_generator_cpp: 3.1.6 (/opt/ros/humble/share/rosidl_generator_cpp/cmake)
[0.737s] -- Using all available rosidl_typesupport_c: rosidl_typesupport_fastrtps_c;rosidl_typesupport_introspection_c
[0.758s] -- Using all available rosidl_typesupport_cpp: rosidl_typesupport_fastrtps_cpp;rosidl_typesupport_introspection_cpp
[0.817s] -- Found rmw_implementation_cmake: 6.1.2 (/opt/ros/humble/share/rmw_implementation_cmake/cmake)
[0.824s] -- Found rmw_fastrtps_cpp: 6.2.7 (/opt/ros/humble/share/rmw_fastrtps_cpp/cmake)
[0.937s] -- Found OpenSSL: /usr/lib/x86_64-linux-gnu/libcrypto.so (found version "3.0.2")  
[0.961s] -- Found FastRTPS: /opt/ros/humble/include  
[0.998s] -- Using RMW implementation 'rmw_fastrtps_cpp' as default
[1.012s] -- Looking for pthread.h
[1.078s] -- Looking for pthread.h - found
[1.078s] -- Performing Test CMAKE_HAVE_LIBC_PTHREAD
[1.154s] -- Performing Test CMAKE_HAVE_LIBC_PTHREAD - Success
[1.155s] -- Found Threads: TRUE  
[1.200s] -- Found moveit_ros_planning_interface: 2.5.8 (/home/havard/ws_moveit/install/moveit_ros_planning_interface/share/moveit_ros_planning_interface/cmake)
[1.238s] -- Found Boost: /usr/lib/x86_64-linux-gnu/cmake/Boost-1.74.0/BoostConfig.cmake (found version "1.74.0") found components: date_time filesystem program_options system thread 
[1.380s] -- Found Boost: /usr/lib/x86_64-linux-gnu/cmake/Boost-1.74.0/BoostConfig.cmake (found version "1.74.0") found components: chrono date_time filesystem iostreams program_options regex serialization system thread 
[1.441s] -- Found parameter_traits: 0.4.0 (/opt/ros/humble/share/parameter_traits/cmake)
[1.456s] -- Found Eigen3: TRUE (found version "3.4.0") 
[1.461s] -- Found rclcpp_lifecycle: 16.0.12 (/opt/ros/humble/share/rclcpp_lifecycle/cmake)
[1.484s] -- Found Boost: /usr/lib/x86_64-linux-gnu/cmake/Boost-1.74.0/BoostConfig.cmake (found version "1.74.0") found components: filesystem 
[1.597s] -- library: /usr/lib/x86_64-linux-gnu/libcurl.so
[1.629s] -- Ensuring Eigen3 include directory is part of orocos-kdl CMake target
[1.772s] -- Found Boost: /usr/lib/x86_64-linux-gnu/cmake/Boost-1.74.0/BoostConfig.cmake (found version "1.74.0") found components: system filesystem date_time program_options thread chrono 
[1.793s] -- Found Boost: /usr/lib/x86_64-linux-gnu/cmake/Boost-1.74.0/BoostConfig.cmake (found version "1.74.0") found components: thread system filesystem regex date_time program_options 
[1.810s] -- Found Boost: /usr/lib/x86_64-linux-gnu/cmake/Boost-1.74.0/BoostConfig.cmake (found version "1.74.0") found components: system filesystem date_time program_options thread 
[1.830s] -- Found moveit_visual_tools: 4.1.2 (/home/havard/ws_moveit/install/moveit_visual_tools/share/moveit_visual_tools/cmake)
[1.884s] -- Setting assimp_DIR to: '/opt/ros/humble/share/rviz_assimp_vendor/cmake/../../../opt/rviz_assimp_vendor/lib/cmake/assimp-4.1'
[1.896s] -- Setting OGRE_DIR to: '/opt/ros/humble/share/rviz_ogre_vendor/cmake/../../../opt/rviz_ogre_vendor/lib/OGRE/cmake'
[1.897s] -- Found OGRE
[1.897s] --   static     : OFF
[1.897s] --   components : HLMS;MeshLodGenerator;Overlay;Paging;Property;RTShaderSystem;Terrain;Volume
[1.897s] --   plugins    : Plugin_BSPSceneManager;Plugin_OctreeSceneManager;Plugin_PCZSceneManager;Plugin_ParticleFX;RenderSystem_GL;RenderSystem_GL3Plus;Codec_STBI
[1.897s] --   media      : /opt/ros/humble/opt/rviz_ogre_vendor/share/OGRE/Media
[1.897s] -- OGRE_LIBRARIES: OgreHLMS;OgreMeshLodGenerator;OgreOverlay;OgrePaging;OgreProperty;OgreRTShaderSystem;OgreTerrain;OgreVolume;OgreMain
[1.897s] -- OGRE_LIBRARY_DIRS: /opt/ros/humble/opt/rviz_ogre_vendor/lib
[1.898s] -- OGRE_PLUGINS: Plugin_BSPSceneManager;Plugin_OctreeSceneManager;Plugin_PCZSceneManager;Plugin_ParticleFX;RenderSystem_GL;RenderSystem_GL3Plus;Codec_STBI
[1.898s] -- OGRE_PLUGIN_DIR: /opt/ros/humble/opt/rviz_ogre_vendor/lib/OGRE
[1.898s] -- rviz_ogre_vendor::OgreOverlay for IMPORTED_LOCATION_RELEASE: /opt/ros/humble/opt/rviz_ogre_vendor/lib/libOgreOverlay.so
[1.898s] -- rviz_ogre_vendor::OgreOverlay for IMPORTED_LOCATION_DEBUG: /opt/ros/humble/opt/rviz_ogre_vendor/lib/libOgreOverlay.so
[1.898s] -- rviz_ogre_vendor::OgreMain for IMPORTED_LOCATION_RELEASE: /opt/ros/humble/opt/rviz_ogre_vendor/lib/libOgreMain.so
[1.898s] -- rviz_ogre_vendor::OgreMain for IMPORTED_LOCATION_DEBUG: /opt/ros/humble/opt/rviz_ogre_vendor/lib/libOgreMain.so
[1.916s] -- Found ZLIB: /usr/lib/x86_64-linux-gnu/libz.so (found version "1.2.11") 
[1.922s] -- Found OpenGL: /usr/lib/x86_64-linux-gnu/libOpenGL.so   
[2.051s] -- Found X11: /usr/include   
[2.052s] -- Looking for XOpenDisplay in /usr/lib/x86_64-linux-gnu/libX11.so;/usr/lib/x86_64-linux-gnu/libXext.so
[2.118s] -- Looking for XOpenDisplay in /usr/lib/x86_64-linux-gnu/libX11.so;/usr/lib/x86_64-linux-gnu/libXext.so - found
[2.118s] -- Looking for gethostbyname
[2.192s] -- Looking for gethostbyname - found
[2.192s] -- Looking for connect
[2.256s] -- Looking for connect - found
[2.256s] -- Looking for remove
[2.322s] -- Looking for remove - found
[2.322s] -- Looking for shmat
[2.387s] -- Looking for shmat - found
[2.387s] -- Looking for IceConnectionNumber in ICE
[2.459s] -- Looking for IceConnectionNumber in ICE - found
[2.545s] -- Found ament_lint_auto: 0.12.12 (/opt/ros/humble/share/ament_lint_auto/cmake)
[2.620s] -- Added test 'cppcheck' to perform static code analysis on C / C++ code
[2.620s] -- Configured cppcheck include dirs: 
[2.621s] -- Configured cppcheck exclude dirs and/or files: 
[2.622s] -- Added test 'lint_cmake' to check CMake code style
[2.625s] -- Added test 'uncrustify' to check C / C++ code style
[2.625s] -- Configured uncrustify additional arguments: 
[2.626s] -- Added test 'xmllint' to check XML markup files
[2.628s] -- Configuring done
[2.658s] -- Generating done
[2.664s] -- Build files have been written to: /home/havard/git/vaffelgutta/robot/robot_controllers/Wafflebot/moveit/cpp_ws/build/collision_publisher
[2.675s] Invoked command in '/home/havard/git/vaffelgutta/robot/robot_controllers/Wafflebot/moveit/cpp_ws/build/collision_publisher' returned '0': CMAKE_PREFIX_PATH=${CMAKE_PREFIX_PATH}:/home/havard/ws_moveit/install/moveit_configs_utils:/home/havard/ws_moveit/install/launch_param_builder:/home/havard/interbotix_ws/install/interbotix_xs_modules:/home/havard/interbotix_ws/install/interbotix_perception_modules:/home/havard/interbotix_ws/install/interbotix_common_modules:/opt/ros/humble /usr/bin/cmake /home/havard/git/vaffelgutta/robot/robot_controllers/Wafflebot/moveit/cpp_ws -DCMAKE_INSTALL_PREFIX=/home/havard/git/vaffelgutta/robot/robot_controllers/Wafflebot/moveit/cpp_ws/install/collision_publisher
[2.676s] Invoking command in '/home/havard/git/vaffelgutta/robot/robot_controllers/Wafflebot/moveit/cpp_ws/build/collision_publisher': CMAKE_PREFIX_PATH=${CMAKE_PREFIX_PATH}:/home/havard/ws_moveit/install/moveit_configs_utils:/home/havard/ws_moveit/install/launch_param_builder:/home/havard/interbotix_ws/install/interbotix_xs_modules:/home/havard/interbotix_ws/install/interbotix_perception_modules:/home/havard/interbotix_ws/install/interbotix_common_modules:/opt/ros/humble /usr/bin/cmake --build /home/havard/git/vaffelgutta/robot/robot_controllers/Wafflebot/moveit/cpp_ws/build/collision_publisher -- -j12 -l12
[2.730s] [ 50%] [32mBuilding CXX object CMakeFiles/collision_publisher.dir/src/collision_publisher.cpp.o[0m
[7.805s] [100%] [32m[1mLinking CXX executable collision_publisher[0m
[8.586s] [100%] Built target collision_publisher
[8.597s] Invoked command in '/home/havard/git/vaffelgutta/robot/robot_controllers/Wafflebot/moveit/cpp_ws/build/collision_publisher' returned '0': CMAKE_PREFIX_PATH=${CMAKE_PREFIX_PATH}:/home/havard/ws_moveit/install/moveit_configs_utils:/home/havard/ws_moveit/install/launch_param_builder:/home/havard/interbotix_ws/install/interbotix_xs_modules:/home/havard/interbotix_ws/install/interbotix_perception_modules:/home/havard/interbotix_ws/install/interbotix_common_modules:/opt/ros/humble /usr/bin/cmake --build /home/havard/git/vaffelgutta/robot/robot_controllers/Wafflebot/moveit/cpp_ws/build/collision_publisher -- -j12 -l12
[8.608s] Invoking command in '/home/havard/git/vaffelgutta/robot/robot_controllers/Wafflebot/moveit/cpp_ws/build/collision_publisher': CMAKE_PREFIX_PATH=${CMAKE_PREFIX_PATH}:/home/havard/ws_moveit/install/moveit_configs_utils:/home/havard/ws_moveit/install/launch_param_builder:/home/havard/interbotix_ws/install/interbotix_xs_modules:/home/havard/interbotix_ws/install/interbotix_perception_modules:/home/havard/interbotix_ws/install/interbotix_common_modules:/opt/ros/humble /usr/bin/cmake --install /home/havard/git/vaffelgutta/robot/robot_controllers/Wafflebot/moveit/cpp_ws/build/collision_publisher
[8.618s] -- Install configuration: ""
[8.618s] -- Installing: /home/havard/git/vaffelgutta/robot/robot_controllers/Wafflebot/moveit/cpp_ws/install/collision_publisher/lib/collision_publisher/collision_publisher
[8.619s] -- Set runtime path of "/home/havard/git/vaffelgutta/robot/robot_controllers/Wafflebot/moveit/cpp_ws/install/collision_publisher/lib/collision_publisher/collision_publisher" to ""
[8.619s] -- Installing: /home/havard/git/vaffelgutta/robot/robot_controllers/Wafflebot/moveit/cpp_ws/install/collision_publisher/share/ament_index/resource_index/package_run_dependencies/collision_publisher
[8.619s] -- Installing: /home/havard/git/vaffelgutta/robot/robot_controllers/Wafflebot/moveit/cpp_ws/install/collision_publisher/share/ament_index/resource_index/parent_prefix_path/collision_publisher
[8.619s] -- Installing: /home/havard/git/vaffelgutta/robot/robot_controllers/Wafflebot/moveit/cpp_ws/install/collision_publisher/share/collision_publisher/environment/ament_prefix_path.sh
[8.619s] -- Installing: /home/havard/git/vaffelgutta/robot/robot_controllers/Wafflebot/moveit/cpp_ws/install/collision_publisher/share/collision_publisher/environment/ament_prefix_path.dsv
[8.619s] -- Installing: /home/havard/git/vaffelgutta/robot/robot_controllers/Wafflebot/moveit/cpp_ws/install/collision_publisher/share/collision_publisher/environment/path.sh
[8.619s] -- Installing: /home/havard/git/vaffelgutta/robot/robot_controllers/Wafflebot/moveit/cpp_ws/install/collision_publisher/share/collision_publisher/environment/path.dsv
[8.620s] -- Installing: /home/havard/git/vaffelgutta/robot/robot_controllers/Wafflebot/moveit/cpp_ws/install/collision_publisher/share/collision_publisher/local_setup.bash
[8.620s] -- Installing: /home/havard/git/vaffelgutta/robot/robot_controllers/Wafflebot/moveit/cpp_ws/install/collision_publisher/share/collision_publisher/local_setup.sh
[8.620s] -- Installing: /home/havard/git/vaffelgutta/robot/robot_controllers/Wafflebot/moveit/cpp_ws/install/collision_publisher/share/collision_publisher/local_setup.zsh
[8.620s] -- Installing: /home/havard/git/vaffelgutta/robot/robot_controllers/Wafflebot/moveit/cpp_ws/install/collision_publisher/share/collision_publisher/local_setup.dsv
[8.620s] -- Installing: /home/havard/git/vaffelgutta/robot/robot_controllers/Wafflebot/moveit/cpp_ws/install/collision_publisher/share/collision_publisher/package.dsv
[8.620s] -- Installing: /home/havard/git/vaffelgutta/robot/robot_controllers/Wafflebot/moveit/cpp_ws/install/collision_publisher/share/ament_index/resource_index/packages/collision_publisher
[8.620s] -- Installing: /home/havard/git/vaffelgutta/robot/robot_controllers/Wafflebot/moveit/cpp_ws/install/collision_publisher/share/collision_publisher/cmake/collision_publisherConfig.cmake
[8.620s] -- Installing: /home/havard/git/vaffelgutta/robot/robot_controllers/Wafflebot/moveit/cpp_ws/install/collision_publisher/share/collision_publisher/cmake/collision_publisherConfig-version.cmake
[8.621s] -- Installing: /home/havard/git/vaffelgutta/robot/robot_controllers/Wafflebot/moveit/cpp_ws/install/collision_publisher/share/collision_publisher/package.xml
[8.622s] Invoked command in '/home/havard/git/vaffelgutta/robot/robot_controllers/Wafflebot/moveit/cpp_ws/build/collision_publisher' returned '0': CMAKE_PREFIX_PATH=${CMAKE_PREFIX_PATH}:/home/havard/ws_moveit/install/moveit_configs_utils:/home/havard/ws_moveit/install/launch_param_builder:/home/havard/interbotix_ws/install/interbotix_xs_modules:/home/havard/interbotix_ws/install/interbotix_perception_modules:/home/havard/interbotix_ws/install/interbotix_common_modules:/opt/ros/humble /usr/bin/cmake --install /home/havard/git/vaffelgutta/robot/robot_controllers/Wafflebot/moveit/cpp_ws/build/collision_publisher
