[0.014s] Invoking command in '/home/havard/git/vaffelgutta/collision_detection_demo/build/env_collision_checker': CMAKE_PREFIX_PATH=${CMAKE_PREFIX_PATH}:/home/havard/ws_moveit/install/moveit_configs_utils:/home/havard/ws_moveit/install/launch_param_builder:/home/havard/interbotix_ws/install/interbotix_xs_modules:/home/havard/interbotix_ws/install/interbotix_perception_modules:/home/havard/interbotix_ws/install/interbotix_common_modules:/opt/ros/humble /usr/bin/cmake /home/havard/git/vaffelgutta/collision_detection_demo/src/env_collision_checker -DCMAKE_INSTALL_PREFIX=/home/havard/git/vaffelgutta/collision_detection_demo/install/env_collision_checker
[0.060s] -- The C compiler identification is GNU 11.4.0
[0.099s] -- The CXX compiler identification is GNU 11.4.0
[0.105s] -- Detecting C compiler ABI info
[0.163s] -- Detecting C compiler ABI info - done
[0.168s] -- Check for working C compiler: /usr/bin/cc - skipped
[0.168s] -- Detecting C compile features
[0.168s] -- Detecting C compile features - done
[0.170s] -- Detecting CXX compiler ABI info
[0.244s] -- Detecting CXX compiler ABI info - done
[0.249s] -- Check for working CXX compiler: /usr/bin/c++ - skipped
[0.249s] -- Detecting CXX compile features
[0.249s] -- Detecting CXX compile features - done
[0.254s] -- Found ament_cmake: 1.3.11 (/opt/ros/humble/share/ament_cmake/cmake)
[0.527s] -- Found Python3: /usr/bin/python3 (found version "3.10.12") found components: Interpreter 
[0.638s] -- Found rclcpp: 16.0.12 (/opt/ros/humble/share/rclcpp/cmake)
[0.709s] -- Found rosidl_generator_c: 3.1.6 (/opt/ros/humble/share/rosidl_generator_c/cmake)
[0.710s] -- Found rosidl_adapter: 3.1.6 (/opt/ros/humble/share/rosidl_adapter/cmake)
[0.722s] -- Found rosidl_generator_cpp: 3.1.6 (/opt/ros/humble/share/rosidl_generator_cpp/cmake)
[0.738s] -- Using all available rosidl_typesupport_c: rosidl_typesupport_fastrtps_c;rosidl_typesupport_introspection_c
[0.760s] -- Using all available rosidl_typesupport_cpp: rosidl_typesupport_fastrtps_cpp;rosidl_typesupport_introspection_cpp
[0.822s] -- Found rmw_implementation_cmake: 6.1.2 (/opt/ros/humble/share/rmw_implementation_cmake/cmake)
[0.830s] -- Found rmw_fastrtps_cpp: 6.2.7 (/opt/ros/humble/share/rmw_fastrtps_cpp/cmake)
[0.950s] -- Found OpenSSL: /usr/lib/x86_64-linux-gnu/libcrypto.so (found version "3.0.2")  
[0.974s] -- Found FastRTPS: /opt/ros/humble/include  
[1.012s] -- Using RMW implementation 'rmw_fastrtps_cpp' as default
[1.027s] -- Looking for pthread.h
[1.090s] -- Looking for pthread.h - found
[1.090s] -- Performing Test CMAKE_HAVE_LIBC_PTHREAD
[1.154s] -- Performing Test CMAKE_HAVE_LIBC_PTHREAD - Success
[1.156s] -- Found Threads: TRUE  
[1.201s] -- Found moveit_ros_planning_interface: 2.5.8 (/home/havard/ws_moveit/install/moveit_ros_planning_interface/share/moveit_ros_planning_interface/cmake)
[1.242s] -- Found Boost: /usr/lib/x86_64-linux-gnu/cmake/Boost-1.74.0/BoostConfig.cmake (found version "1.74.0") found components: date_time filesystem program_options system thread 
[1.393s] -- Found Boost: /usr/lib/x86_64-linux-gnu/cmake/Boost-1.74.0/BoostConfig.cmake (found version "1.74.0") found components: chrono date_time filesystem iostreams program_options regex serialization system thread 
[1.458s] -- Found parameter_traits: 0.4.0 (/opt/ros/humble/share/parameter_traits/cmake)
[1.475s] -- Found Eigen3: TRUE (found version "3.4.0") 
[1.479s] -- Found rclcpp_lifecycle: 16.0.12 (/opt/ros/humble/share/rclcpp_lifecycle/cmake)
[1.504s] -- Found Boost: /usr/lib/x86_64-linux-gnu/cmake/Boost-1.74.0/BoostConfig.cmake (found version "1.74.0") found components: filesystem 
[1.617s] -- library: /usr/lib/x86_64-linux-gnu/libcurl.so
[1.651s] -- Ensuring Eigen3 include directory is part of orocos-kdl CMake target
[1.806s] -- Found Boost: /usr/lib/x86_64-linux-gnu/cmake/Boost-1.74.0/BoostConfig.cmake (found version "1.74.0") found components: system filesystem date_time program_options thread chrono 
[1.828s] -- Found Boost: /usr/lib/x86_64-linux-gnu/cmake/Boost-1.74.0/BoostConfig.cmake (found version "1.74.0") found components: thread system filesystem regex date_time program_options 
[1.847s] -- Found Boost: /usr/lib/x86_64-linux-gnu/cmake/Boost-1.74.0/BoostConfig.cmake (found version "1.74.0") found components: system filesystem date_time program_options thread 
[1.869s] -- Found moveit_visual_tools: 4.1.2 (/home/havard/ws_moveit/install/moveit_visual_tools/share/moveit_visual_tools/cmake)
[1.927s] -- Setting assimp_DIR to: '/opt/ros/humble/share/rviz_assimp_vendor/cmake/../../../opt/rviz_assimp_vendor/lib/cmake/assimp-4.1'
[1.940s] -- Setting OGRE_DIR to: '/opt/ros/humble/share/rviz_ogre_vendor/cmake/../../../opt/rviz_ogre_vendor/lib/OGRE/cmake'
[1.941s] -- Found OGRE
[1.941s] --   static     : OFF
[1.942s] --   components : HLMS;MeshLodGenerator;Overlay;Paging;Property;RTShaderSystem;Terrain;Volume
[1.942s] --   plugins    : Plugin_BSPSceneManager;Plugin_OctreeSceneManager;Plugin_PCZSceneManager;Plugin_ParticleFX;RenderSystem_GL;RenderSystem_GL3Plus;Codec_STBI
[1.942s] --   media      : /opt/ros/humble/opt/rviz_ogre_vendor/share/OGRE/Media
[1.942s] -- OGRE_LIBRARIES: OgreHLMS;OgreMeshLodGenerator;OgreOverlay;OgrePaging;OgreProperty;OgreRTShaderSystem;OgreTerrain;OgreVolume;OgreMain
[1.942s] -- OGRE_LIBRARY_DIRS: /opt/ros/humble/opt/rviz_ogre_vendor/lib
[1.942s] -- OGRE_PLUGINS: Plugin_BSPSceneManager;Plugin_OctreeSceneManager;Plugin_PCZSceneManager;Plugin_ParticleFX;RenderSystem_GL;RenderSystem_GL3Plus;Codec_STBI
[1.942s] -- OGRE_PLUGIN_DIR: /opt/ros/humble/opt/rviz_ogre_vendor/lib/OGRE
[1.942s] -- rviz_ogre_vendor::OgreOverlay for IMPORTED_LOCATION_RELEASE: /opt/ros/humble/opt/rviz_ogre_vendor/lib/libOgreOverlay.so
[1.942s] -- rviz_ogre_vendor::OgreOverlay for IMPORTED_LOCATION_DEBUG: /opt/ros/humble/opt/rviz_ogre_vendor/lib/libOgreOverlay.so
[1.942s] -- rviz_ogre_vendor::OgreMain for IMPORTED_LOCATION_RELEASE: /opt/ros/humble/opt/rviz_ogre_vendor/lib/libOgreMain.so
[1.942s] -- rviz_ogre_vendor::OgreMain for IMPORTED_LOCATION_DEBUG: /opt/ros/humble/opt/rviz_ogre_vendor/lib/libOgreMain.so
[1.962s] -- Found ZLIB: /usr/lib/x86_64-linux-gnu/libz.so (found version "1.2.11") 
[1.968s] -- Found OpenGL: /usr/lib/x86_64-linux-gnu/libOpenGL.so   
[2.091s] -- Found X11: /usr/include   
[2.091s] -- Looking for XOpenDisplay in /usr/lib/x86_64-linux-gnu/libX11.so;/usr/lib/x86_64-linux-gnu/libXext.so
[2.161s] -- Looking for XOpenDisplay in /usr/lib/x86_64-linux-gnu/libX11.so;/usr/lib/x86_64-linux-gnu/libXext.so - found
[2.161s] -- Looking for gethostbyname
[2.220s] -- Looking for gethostbyname - found
[2.220s] -- Looking for connect
[2.284s] -- Looking for connect - found
[2.284s] -- Looking for remove
[2.353s] -- Looking for remove - found
[2.353s] -- Looking for shmat
[2.423s] -- Looking for shmat - found
[2.423s] -- Looking for IceConnectionNumber in ICE
[2.489s] -- Looking for IceConnectionNumber in ICE - found
[2.575s] -- Found ament_lint_auto: 0.12.12 (/opt/ros/humble/share/ament_lint_auto/cmake)
[2.653s] -- Added test 'cppcheck' to perform static code analysis on C / C++ code
[2.653s] -- Configured cppcheck include dirs: 
[2.653s] -- Configured cppcheck exclude dirs and/or files: 
[2.654s] -- Added test 'lint_cmake' to check CMake code style
[2.655s] -- Added test 'uncrustify' to check C / C++ code style
[2.655s] -- Configured uncrustify additional arguments: 
[2.656s] -- Added test 'xmllint' to check XML markup files
[2.658s] -- Configuring done
[2.679s] -- Generating done
[2.684s] -- Build files have been written to: /home/havard/git/vaffelgutta/collision_detection_demo/build/env_collision_checker
[2.694s] Invoked command in '/home/havard/git/vaffelgutta/collision_detection_demo/build/env_collision_checker' returned '0': CMAKE_PREFIX_PATH=${CMAKE_PREFIX_PATH}:/home/havard/ws_moveit/install/moveit_configs_utils:/home/havard/ws_moveit/install/launch_param_builder:/home/havard/interbotix_ws/install/interbotix_xs_modules:/home/havard/interbotix_ws/install/interbotix_perception_modules:/home/havard/interbotix_ws/install/interbotix_common_modules:/opt/ros/humble /usr/bin/cmake /home/havard/git/vaffelgutta/collision_detection_demo/src/env_collision_checker -DCMAKE_INSTALL_PREFIX=/home/havard/git/vaffelgutta/collision_detection_demo/install/env_collision_checker
[2.696s] Invoking command in '/home/havard/git/vaffelgutta/collision_detection_demo/build/env_collision_checker': CMAKE_PREFIX_PATH=${CMAKE_PREFIX_PATH}:/home/havard/ws_moveit/install/moveit_configs_utils:/home/havard/ws_moveit/install/launch_param_builder:/home/havard/interbotix_ws/install/interbotix_xs_modules:/home/havard/interbotix_ws/install/interbotix_perception_modules:/home/havard/interbotix_ws/install/interbotix_common_modules:/opt/ros/humble /usr/bin/cmake --build /home/havard/git/vaffelgutta/collision_detection_demo/build/env_collision_checker -- -j12 -l12
[2.749s] [ 50%] [32mBuilding CXX object CMakeFiles/collision_checker_node.dir/src/collision_checker_node.cpp.o[0m
[7.084s] [100%] [32m[1mLinking CXX executable collision_checker_node[0m
[7.866s] [100%] Built target collision_checker_node
[7.878s] Invoked command in '/home/havard/git/vaffelgutta/collision_detection_demo/build/env_collision_checker' returned '0': CMAKE_PREFIX_PATH=${CMAKE_PREFIX_PATH}:/home/havard/ws_moveit/install/moveit_configs_utils:/home/havard/ws_moveit/install/launch_param_builder:/home/havard/interbotix_ws/install/interbotix_xs_modules:/home/havard/interbotix_ws/install/interbotix_perception_modules:/home/havard/interbotix_ws/install/interbotix_common_modules:/opt/ros/humble /usr/bin/cmake --build /home/havard/git/vaffelgutta/collision_detection_demo/build/env_collision_checker -- -j12 -l12
[7.890s] Invoking command in '/home/havard/git/vaffelgutta/collision_detection_demo/build/env_collision_checker': CMAKE_PREFIX_PATH=${CMAKE_PREFIX_PATH}:/home/havard/ws_moveit/install/moveit_configs_utils:/home/havard/ws_moveit/install/launch_param_builder:/home/havard/interbotix_ws/install/interbotix_xs_modules:/home/havard/interbotix_ws/install/interbotix_perception_modules:/home/havard/interbotix_ws/install/interbotix_common_modules:/opt/ros/humble /usr/bin/cmake --install /home/havard/git/vaffelgutta/collision_detection_demo/build/env_collision_checker
[7.897s] -- Install configuration: ""
[7.897s] -- Installing: /home/havard/git/vaffelgutta/collision_detection_demo/install/env_collision_checker/lib/env_collision_checker/collision_checker_node
[7.898s] -- Set runtime path of "/home/havard/git/vaffelgutta/collision_detection_demo/install/env_collision_checker/lib/env_collision_checker/collision_checker_node" to ""
[7.898s] -- Installing: /home/havard/git/vaffelgutta/collision_detection_demo/install/env_collision_checker/share/ament_index/resource_index/package_run_dependencies/env_collision_checker
[7.898s] -- Installing: /home/havard/git/vaffelgutta/collision_detection_demo/install/env_collision_checker/share/ament_index/resource_index/parent_prefix_path/env_collision_checker
[7.898s] -- Installing: /home/havard/git/vaffelgutta/collision_detection_demo/install/env_collision_checker/share/env_collision_checker/environment/ament_prefix_path.sh
[7.898s] -- Installing: /home/havard/git/vaffelgutta/collision_detection_demo/install/env_collision_checker/share/env_collision_checker/environment/ament_prefix_path.dsv
[7.898s] -- Installing: /home/havard/git/vaffelgutta/collision_detection_demo/install/env_collision_checker/share/env_collision_checker/environment/path.sh
[7.898s] -- Installing: /home/havard/git/vaffelgutta/collision_detection_demo/install/env_collision_checker/share/env_collision_checker/environment/path.dsv
[7.898s] -- Installing: /home/havard/git/vaffelgutta/collision_detection_demo/install/env_collision_checker/share/env_collision_checker/local_setup.bash
[7.898s] -- Installing: /home/havard/git/vaffelgutta/collision_detection_demo/install/env_collision_checker/share/env_collision_checker/local_setup.sh
[7.898s] -- Installing: /home/havard/git/vaffelgutta/collision_detection_demo/install/env_collision_checker/share/env_collision_checker/local_setup.zsh
[7.899s] -- Installing: /home/havard/git/vaffelgutta/collision_detection_demo/install/env_collision_checker/share/env_collision_checker/local_setup.dsv
[7.899s] -- Installing: /home/havard/git/vaffelgutta/collision_detection_demo/install/env_collision_checker/share/env_collision_checker/package.dsv
[7.899s] -- Installing: /home/havard/git/vaffelgutta/collision_detection_demo/install/env_collision_checker/share/ament_index/resource_index/packages/env_collision_checker
[7.899s] -- Installing: /home/havard/git/vaffelgutta/collision_detection_demo/install/env_collision_checker/share/env_collision_checker/cmake/env_collision_checkerConfig.cmake
[7.899s] -- Installing: /home/havard/git/vaffelgutta/collision_detection_demo/install/env_collision_checker/share/env_collision_checker/cmake/env_collision_checkerConfig-version.cmake
[7.899s] -- Installing: /home/havard/git/vaffelgutta/collision_detection_demo/install/env_collision_checker/share/env_collision_checker/package.xml
[7.900s] Invoked command in '/home/havard/git/vaffelgutta/collision_detection_demo/build/env_collision_checker' returned '0': CMAKE_PREFIX_PATH=${CMAKE_PREFIX_PATH}:/home/havard/ws_moveit/install/moveit_configs_utils:/home/havard/ws_moveit/install/launch_param_builder:/home/havard/interbotix_ws/install/interbotix_xs_modules:/home/havard/interbotix_ws/install/interbotix_perception_modules:/home/havard/interbotix_ws/install/interbotix_common_modules:/opt/ros/humble /usr/bin/cmake --install /home/havard/git/vaffelgutta/collision_detection_demo/build/env_collision_checker
