[0.011s] Invoking command in '/home/havard/git/vaffelgutta/camera/camera_ws/build/aruco_interfaces': CMAKE_PREFIX_PATH=${CMAKE_PREFIX_PATH}:/home/havard/interbotix_ws/install/interbotix_xs_modules:/home/havard/interbotix_ws/install/interbotix_perception_modules:/home/havard/interbotix_ws/install/interbotix_common_modules:/opt/ros/humble /usr/bin/cmake /home/havard/git/vaffelgutta/camera/camera_ws/src/ros2-aruco-pose-estimation/aruco_interfaces -DAMENT_CMAKE_SYMLINK_INSTALL=1 -DCMAKE_INSTALL_PREFIX=/home/havard/git/vaffelgutta/camera/camera_ws/install/aruco_interfaces
[0.118s] -- The C compiler identification is GNU 11.4.0
[0.192s] -- The CXX compiler identification is GNU 11.4.0
[0.201s] -- Detecting C compiler ABI info
[0.264s] -- Detecting C compiler ABI info - done
[0.268s] -- Check for working C compiler: /usr/bin/cc - skipped
[0.268s] -- Detecting C compile features
[0.269s] -- Detecting C compile features - done
[0.272s] -- Detecting CXX compiler ABI info
[0.333s] -- Detecting CXX compiler ABI info - done
[0.340s] -- Check for working CXX compiler: /usr/bin/c++ - skipped
[0.340s] -- Detecting CXX compile features
[0.341s] -- Detecting CXX compile features - done
[0.350s] -- Found ament_cmake: 1.3.11 (/opt/ros/humble/share/ament_cmake/cmake)
[0.462s] -- Found Python3: /usr/bin/python3 (found version "3.10.12") found components: Interpreter 
[0.515s] -- Override CMake install command with custom implementation using symlinks instead of copying resources
[0.559s] -- Found geometry_msgs: 4.2.4 (/opt/ros/humble/share/geometry_msgs/cmake)
[0.605s] -- Found rosidl_generator_c: 3.1.6 (/opt/ros/humble/share/rosidl_generator_c/cmake)
[0.612s] -- Found rosidl_adapter: 3.1.6 (/opt/ros/humble/share/rosidl_adapter/cmake)
[0.622s] -- Found rosidl_generator_cpp: 3.1.6 (/opt/ros/humble/share/rosidl_generator_cpp/cmake)
[0.637s] -- Using all available rosidl_typesupport_c: rosidl_typesupport_fastrtps_c;rosidl_typesupport_introspection_c
[0.654s] -- Using all available rosidl_typesupport_cpp: rosidl_typesupport_fastrtps_cpp;rosidl_typesupport_introspection_cpp
[0.692s] -- Found rosidl_default_generators: 1.2.0 (/opt/ros/humble/share/rosidl_default_generators/cmake)
[0.895s] -- Found ament_cmake_ros: 0.10.0 (/opt/ros/humble/share/ament_cmake_ros/cmake)
[1.203s] -- Using all available rosidl_typesupport_c: rosidl_typesupport_fastrtps_c;rosidl_typesupport_introspection_c
[1.315s] -- Using all available rosidl_typesupport_cpp: rosidl_typesupport_fastrtps_cpp;rosidl_typesupport_introspection_cpp
[1.334s] -- Found PythonInterp: /usr/bin/python3 (found suitable version "3.10.12", minimum required is "3.6") 
[1.336s] -- Found python_cmake_module: 0.10.0 (/opt/ros/humble/share/python_cmake_module/cmake)
[1.357s] -- Found PythonLibs: /usr/lib/x86_64-linux-gnu/libpython3.10.so (found suitable version "3.10.12", minimum required is "3.5") 
[1.357s] -- Using PYTHON_EXECUTABLE: /usr/bin/python3
[1.357s] -- Using PYTHON_INCLUDE_DIRS: /usr/include/python3.10
[1.357s] -- Using PYTHON_LIBRARIES: /usr/lib/x86_64-linux-gnu/libpython3.10.so
[1.371s] -- Found PythonExtra: .so  
[1.423s] -- Found ament_lint_auto: 0.12.11 (/opt/ros/humble/share/ament_lint_auto/cmake)
[1.466s] -- Added test 'copyright' to check source files copyright and LICENSE
[1.468s] -- Added test 'lint_cmake' to check CMake code style
[1.469s] -- Added test 'xmllint' to check XML markup files
[1.471s] -- Configuring done
[1.489s] -- Generating done
[1.495s] -- Build files have been written to: /home/havard/git/vaffelgutta/camera/camera_ws/build/aruco_interfaces
[1.502s] Invoked command in '/home/havard/git/vaffelgutta/camera/camera_ws/build/aruco_interfaces' returned '0': CMAKE_PREFIX_PATH=${CMAKE_PREFIX_PATH}:/home/havard/interbotix_ws/install/interbotix_xs_modules:/home/havard/interbotix_ws/install/interbotix_perception_modules:/home/havard/interbotix_ws/install/interbotix_common_modules:/opt/ros/humble /usr/bin/cmake /home/havard/git/vaffelgutta/camera/camera_ws/src/ros2-aruco-pose-estimation/aruco_interfaces -DAMENT_CMAKE_SYMLINK_INSTALL=1 -DCMAKE_INSTALL_PREFIX=/home/havard/git/vaffelgutta/camera/camera_ws/install/aruco_interfaces
[1.502s] Invoking command in '/home/havard/git/vaffelgutta/camera/camera_ws/build/aruco_interfaces': CMAKE_PREFIX_PATH=${CMAKE_PREFIX_PATH}:/home/havard/interbotix_ws/install/interbotix_xs_modules:/home/havard/interbotix_ws/install/interbotix_perception_modules:/home/havard/interbotix_ws/install/interbotix_common_modules:/opt/ros/humble /usr/bin/cmake --build /home/havard/git/vaffelgutta/camera/camera_ws/build/aruco_interfaces -- -j12 -l12
[1.533s] [  3%] [34m[1mGenerating C code for ROS interfaces[0m
[1.540s] [  6%] [34m[1mGenerating C++ code for ROS interfaces[0m
[1.548s] [  6%] Built target ament_cmake_python_symlink_aruco_interfaces
[1.691s] [  6%] Built target aruco_interfaces__cpp
[1.691s] running egg_info
[1.692s] creating aruco_interfaces.egg-info
[1.692s] writing aruco_interfaces.egg-info/PKG-INFO
[1.692s] writing dependency_links to aruco_interfaces.egg-info/dependency_links.txt
[1.692s] writing top-level names to aruco_interfaces.egg-info/top_level.txt
[1.692s] writing manifest file 'aruco_interfaces.egg-info/SOURCES.txt'
[1.694s] reading manifest file 'aruco_interfaces.egg-info/SOURCES.txt'
[1.694s] writing manifest file 'aruco_interfaces.egg-info/SOURCES.txt'
[1.699s] [ 12%] [34m[1mGenerating C++ type support for eProsima Fast-RTPS[0m
[1.699s] [ 12%] [34m[1mGenerating C++ introspection for ROS interfaces[0m
[1.700s] [ 16%] [34m[1mGenerating C++ type support dispatch for ROS interfaces[0m
[1.701s] [ 19%] [32mBuilding C object CMakeFiles/aruco_interfaces__rosidl_generator_c.dir/rosidl_generator_c/aruco_interfaces/msg/detail/aruco_markers__functions.c.o[0m
[1.716s] [ 19%] Built target ament_cmake_python_build_aruco_interfaces_egg
[1.764s] [ 22%] [32m[1mLinking C shared library libaruco_interfaces__rosidl_generator_c.so[0m
[1.797s] [ 22%] Built target aruco_interfaces__rosidl_generator_c
[1.804s] [ 25%] [34m[1mGenerating C type support dispatch for ROS interfaces[0m
[1.806s] [ 32%] [34m[1mGenerating C type support for eProsima Fast-RTPS[0m
[1.806s] [ 32%] [34m[1mGenerating C introspection for ROS interfaces[0m
[1.838s] [ 35%] [32mBuilding CXX object CMakeFiles/aruco_interfaces__rosidl_typesupport_cpp.dir/rosidl_typesupport_cpp/aruco_interfaces/msg/aruco_markers__type_support.cpp.o[0m
[1.856s] [ 38%] [32mBuilding CXX object CMakeFiles/aruco_interfaces__rosidl_typesupport_fastrtps_cpp.dir/rosidl_typesupport_fastrtps_cpp/aruco_interfaces/msg/detail/dds_fastrtps/aruco_markers__type_support.cpp.o[0m
[1.859s] [ 41%] [32mBuilding CXX object CMakeFiles/aruco_interfaces__rosidl_typesupport_introspection_cpp.dir/rosidl_typesupport_introspection_cpp/aruco_interfaces/msg/detail/aruco_markers__type_support.cpp.o[0m
[1.963s] [ 45%] [32mBuilding CXX object CMakeFiles/aruco_interfaces__rosidl_typesupport_fastrtps_c.dir/rosidl_typesupport_fastrtps_c/aruco_interfaces/msg/detail/aruco_markers__type_support_c.cpp.o[0m
[1.974s] [ 48%] [32mBuilding C object CMakeFiles/aruco_interfaces__rosidl_typesupport_introspection_c.dir/rosidl_typesupport_introspection_c/aruco_interfaces/msg/detail/aruco_markers__type_support.c.o[0m
[2.007s] [ 51%] [32m[1mLinking C shared library libaruco_interfaces__rosidl_typesupport_introspection_c.so[0m
[2.022s] [ 54%] [32mBuilding CXX object CMakeFiles/aruco_interfaces__rosidl_typesupport_c.dir/rosidl_typesupport_c/aruco_interfaces/msg/aruco_markers__type_support.cpp.o[0m
[2.023s] [ 58%] [32m[1mLinking CXX shared library libaruco_interfaces__rosidl_typesupport_cpp.so[0m
[2.033s] [ 58%] Built target aruco_interfaces__rosidl_typesupport_introspection_c
[2.045s] [ 61%] [32m[1mLinking CXX shared library libaruco_interfaces__rosidl_typesupport_c.so[0m
[2.055s] [ 61%] Built target aruco_interfaces__rosidl_typesupport_cpp
[2.077s] [ 61%] Built target aruco_interfaces__rosidl_typesupport_c
[2.133s] [ 64%] [32m[1mLinking CXX shared library libaruco_interfaces__rosidl_typesupport_introspection_cpp.so[0m
[2.156s] [ 67%] [32m[1mLinking CXX shared library libaruco_interfaces__rosidl_typesupport_fastrtps_c.so[0m
[2.177s] [ 70%] [32m[1mLinking CXX shared library libaruco_interfaces__rosidl_typesupport_fastrtps_cpp.so[0m
[2.185s] [ 70%] Built target aruco_interfaces__rosidl_typesupport_introspection_cpp
[2.214s] [ 70%] Built target aruco_interfaces__rosidl_typesupport_fastrtps_c
[2.232s] [ 70%] Built target aruco_interfaces__rosidl_typesupport_fastrtps_cpp
[2.249s] [ 70%] Built target aruco_interfaces
[2.265s] [ 74%] [34m[1mGenerating Python code for ROS interfaces[0m
[2.434s] [ 74%] Built target aruco_interfaces__py
[2.451s] [ 77%] [32mBuilding C object CMakeFiles/aruco_interfaces__rosidl_generator_py.dir/rosidl_generator_py/aruco_interfaces/msg/_aruco_markers_s.c.o[0m
[2.537s] [ 80%] [32m[1mLinking C shared library rosidl_generator_py/aruco_interfaces/libaruco_interfaces__rosidl_generator_py.so[0m
[2.570s] [ 80%] Built target aruco_interfaces__rosidl_generator_py
[2.584s] [ 83%] [32mBuilding C object CMakeFiles/aruco_interfaces__rosidl_typesupport_introspection_c__pyext.dir/rosidl_generator_py/aruco_interfaces/_aruco_interfaces_s.ep.rosidl_typesupport_introspection_c.c.o[0m
[2.585s] [ 87%] [32mBuilding C object CMakeFiles/aruco_interfaces__rosidl_typesupport_c__pyext.dir/rosidl_generator_py/aruco_interfaces/_aruco_interfaces_s.ep.rosidl_typesupport_c.c.o[0m
[2.586s] [ 90%] [32mBuilding C object CMakeFiles/aruco_interfaces__rosidl_typesupport_fastrtps_c__pyext.dir/rosidl_generator_py/aruco_interfaces/_aruco_interfaces_s.ep.rosidl_typesupport_fastrtps_c.c.o[0m
[2.640s] [ 93%] [32m[1mLinking C shared library rosidl_generator_py/aruco_interfaces/aruco_interfaces_s__rosidl_typesupport_fastrtps_c.cpython-310-x86_64-linux-gnu.so[0m
[2.642s] [ 96%] [32m[1mLinking C shared library rosidl_generator_py/aruco_interfaces/aruco_interfaces_s__rosidl_typesupport_c.cpython-310-x86_64-linux-gnu.so[0m
[2.642s] [100%] [32m[1mLinking C shared library rosidl_generator_py/aruco_interfaces/aruco_interfaces_s__rosidl_typesupport_introspection_c.cpython-310-x86_64-linux-gnu.so[0m
[2.669s] [100%] Built target aruco_interfaces__rosidl_typesupport_fastrtps_c__pyext
[2.669s] [100%] Built target aruco_interfaces__rosidl_typesupport_introspection_c__pyext
[2.669s] [100%] Built target aruco_interfaces__rosidl_typesupport_c__pyext
[2.677s] Invoked command in '/home/havard/git/vaffelgutta/camera/camera_ws/build/aruco_interfaces' returned '0': CMAKE_PREFIX_PATH=${CMAKE_PREFIX_PATH}:/home/havard/interbotix_ws/install/interbotix_xs_modules:/home/havard/interbotix_ws/install/interbotix_perception_modules:/home/havard/interbotix_ws/install/interbotix_common_modules:/opt/ros/humble /usr/bin/cmake --build /home/havard/git/vaffelgutta/camera/camera_ws/build/aruco_interfaces -- -j12 -l12
[2.684s] Invoking command in '/home/havard/git/vaffelgutta/camera/camera_ws/build/aruco_interfaces': CMAKE_PREFIX_PATH=${CMAKE_PREFIX_PATH}:/home/havard/interbotix_ws/install/interbotix_xs_modules:/home/havard/interbotix_ws/install/interbotix_perception_modules:/home/havard/interbotix_ws/install/interbotix_common_modules:/opt/ros/humble /usr/bin/cmake --install /home/havard/git/vaffelgutta/camera/camera_ws/build/aruco_interfaces
[2.688s] -- Install configuration: ""
[2.689s] -- Execute custom install script
[2.689s] -- Symlinking: /home/havard/git/vaffelgutta/camera/camera_ws/install/aruco_interfaces/share/ament_index/resource_index/rosidl_interfaces/aruco_interfaces
[2.695s] -- Symlinking: /home/havard/git/vaffelgutta/camera/camera_ws/install/aruco_interfaces/include/aruco_interfaces/aruco_interfaces/msg/aruco_markers.h
[2.700s] -- Symlinking: /home/havard/git/vaffelgutta/camera/camera_ws/install/aruco_interfaces/include/aruco_interfaces/aruco_interfaces/msg/detail/aruco_markers__functions.h
[2.706s] -- Symlinking: /home/havard/git/vaffelgutta/camera/camera_ws/install/aruco_interfaces/include/aruco_interfaces/aruco_interfaces/msg/detail/aruco_markers__struct.h
[2.712s] -- Symlinking: /home/havard/git/vaffelgutta/camera/camera_ws/install/aruco_interfaces/include/aruco_interfaces/aruco_interfaces/msg/detail/aruco_markers__type_support.h
[2.718s] -- Symlinking: /home/havard/git/vaffelgutta/camera/camera_ws/install/aruco_interfaces/include/aruco_interfaces/aruco_interfaces/msg/rosidl_generator_c__visibility_control.h
[2.723s] -- Symlinking: /home/havard/git/vaffelgutta/camera/camera_ws/install/aruco_interfaces/share/aruco_interfaces/environment/library_path.sh
[2.729s] -- Symlinking: /home/havard/git/vaffelgutta/camera/camera_ws/install/aruco_interfaces/share/aruco_interfaces/environment/library_path.dsv
[2.735s] -- Symlinking: /home/havard/git/vaffelgutta/camera/camera_ws/install/aruco_interfaces/include/aruco_interfaces/aruco_interfaces/msg/detail/aruco_markers__rosidl_typesupport_fastrtps_c.h
[2.741s] -- Symlinking: /home/havard/git/vaffelgutta/camera/camera_ws/install/aruco_interfaces/include/aruco_interfaces/aruco_interfaces/msg/rosidl_typesupport_fastrtps_c__visibility_control.h
[2.746s] -- Symlinking: /home/havard/git/vaffelgutta/camera/camera_ws/install/aruco_interfaces/include/aruco_interfaces/aruco_interfaces/msg/aruco_markers.hpp
[2.753s] -- Symlinking: /home/havard/git/vaffelgutta/camera/camera_ws/install/aruco_interfaces/include/aruco_interfaces/aruco_interfaces/msg/detail/aruco_markers__builder.hpp
[2.760s] -- Symlinking: /home/havard/git/vaffelgutta/camera/camera_ws/install/aruco_interfaces/include/aruco_interfaces/aruco_interfaces/msg/detail/aruco_markers__struct.hpp
[2.769s] -- Symlinking: /home/havard/git/vaffelgutta/camera/camera_ws/install/aruco_interfaces/include/aruco_interfaces/aruco_interfaces/msg/detail/aruco_markers__traits.hpp
[2.776s] -- Symlinking: /home/havard/git/vaffelgutta/camera/camera_ws/install/aruco_interfaces/include/aruco_interfaces/aruco_interfaces/msg/detail/aruco_markers__type_support.hpp
[2.784s] -- Symlinking: /home/havard/git/vaffelgutta/camera/camera_ws/install/aruco_interfaces/include/aruco_interfaces/aruco_interfaces/msg/rosidl_generator_cpp__visibility_control.hpp
[2.792s] -- Symlinking: /home/havard/git/vaffelgutta/camera/camera_ws/install/aruco_interfaces/include/aruco_interfaces/aruco_interfaces/msg/detail/aruco_markers__rosidl_typesupport_fastrtps_cpp.hpp
[2.800s] -- Symlinking: /home/havard/git/vaffelgutta/camera/camera_ws/install/aruco_interfaces/include/aruco_interfaces/aruco_interfaces/msg/rosidl_typesupport_fastrtps_cpp__visibility_control.h
[2.808s] -- Symlinking: /home/havard/git/vaffelgutta/camera/camera_ws/install/aruco_interfaces/include/aruco_interfaces/aruco_interfaces/msg/detail/aruco_markers__rosidl_typesupport_introspection_c.h
[2.816s] -- Symlinking: /home/havard/git/vaffelgutta/camera/camera_ws/install/aruco_interfaces/include/aruco_interfaces/aruco_interfaces/msg/rosidl_typesupport_introspection_c__visibility_control.h
[2.825s] -- Symlinking: /home/havard/git/vaffelgutta/camera/camera_ws/install/aruco_interfaces/include/aruco_interfaces/aruco_interfaces/msg/detail/aruco_markers__rosidl_typesupport_introspection_cpp.hpp
[2.832s] -- Symlinking: /home/havard/git/vaffelgutta/camera/camera_ws/install/aruco_interfaces/share/aruco_interfaces/environment/pythonpath.sh
[2.837s] -- Symlinking: /home/havard/git/vaffelgutta/camera/camera_ws/install/aruco_interfaces/share/aruco_interfaces/environment/pythonpath.dsv
[2.846s] -- Symlinking: /home/havard/git/vaffelgutta/camera/camera_ws/install/aruco_interfaces/local/lib/python3.10/dist-packages/aruco_interfaces-0.1.0-py3.10.egg-info/PKG-INFO
[2.855s] -- Symlinking: /home/havard/git/vaffelgutta/camera/camera_ws/install/aruco_interfaces/local/lib/python3.10/dist-packages/aruco_interfaces-0.1.0-py3.10.egg-info/SOURCES.txt
[2.861s] -- Symlinking: /home/havard/git/vaffelgutta/camera/camera_ws/install/aruco_interfaces/local/lib/python3.10/dist-packages/aruco_interfaces-0.1.0-py3.10.egg-info/dependency_links.txt
[2.870s] -- Symlinking: /home/havard/git/vaffelgutta/camera/camera_ws/install/aruco_interfaces/local/lib/python3.10/dist-packages/aruco_interfaces-0.1.0-py3.10.egg-info/top_level.txt
[2.879s] -- Symlinking: /home/havard/git/vaffelgutta/camera/camera_ws/install/aruco_interfaces/local/lib/python3.10/dist-packages/aruco_interfaces/__init__.py
[2.886s] -- Symlinking: /home/havard/git/vaffelgutta/camera/camera_ws/install/aruco_interfaces/local/lib/python3.10/dist-packages/aruco_interfaces/_aruco_interfaces_s.ep.rosidl_typesupport_c.c
[2.891s] -- Symlinking: /home/havard/git/vaffelgutta/camera/camera_ws/install/aruco_interfaces/local/lib/python3.10/dist-packages/aruco_interfaces/_aruco_interfaces_s.ep.rosidl_typesupport_fastrtps_c.c
[2.896s] -- Symlinking: /home/havard/git/vaffelgutta/camera/camera_ws/install/aruco_interfaces/local/lib/python3.10/dist-packages/aruco_interfaces/_aruco_interfaces_s.ep.rosidl_typesupport_introspection_c.c
[2.902s] -- Symlinking: /home/havard/git/vaffelgutta/camera/camera_ws/install/aruco_interfaces/local/lib/python3.10/dist-packages/aruco_interfaces/aruco_interfaces_s__rosidl_typesupport_c.cpython-310-x86_64-linux-gnu.so
[2.908s] -- Symlinking: /home/havard/git/vaffelgutta/camera/camera_ws/install/aruco_interfaces/local/lib/python3.10/dist-packages/aruco_interfaces/aruco_interfaces_s__rosidl_typesupport_fastrtps_c.cpython-310-x86_64-linux-gnu.so
[2.914s] -- Symlinking: /home/havard/git/vaffelgutta/camera/camera_ws/install/aruco_interfaces/local/lib/python3.10/dist-packages/aruco_interfaces/aruco_interfaces_s__rosidl_typesupport_introspection_c.cpython-310-x86_64-linux-gnu.so
[2.919s] -- Symlinking: /home/havard/git/vaffelgutta/camera/camera_ws/install/aruco_interfaces/local/lib/python3.10/dist-packages/aruco_interfaces/libaruco_interfaces__rosidl_generator_py.so
[2.926s] -- Symlinking: /home/havard/git/vaffelgutta/camera/camera_ws/install/aruco_interfaces/local/lib/python3.10/dist-packages/aruco_interfaces/msg/__init__.py
[2.933s] -- Symlinking: /home/havard/git/vaffelgutta/camera/camera_ws/install/aruco_interfaces/local/lib/python3.10/dist-packages/aruco_interfaces/msg/_aruco_markers.py
[2.939s] -- Symlinking: /home/havard/git/vaffelgutta/camera/camera_ws/install/aruco_interfaces/local/lib/python3.10/dist-packages/aruco_interfaces/msg/_aruco_markers_s.c
[2.945s] -- Up-to-date symlink: /home/havard/git/vaffelgutta/camera/camera_ws/install/aruco_interfaces/local/lib/python3.10/dist-packages/aruco_interfaces/aruco_interfaces_s__rosidl_typesupport_fastrtps_c.cpython-310-x86_64-linux-gnu.so
[2.945s] -- Up-to-date symlink: /home/havard/git/vaffelgutta/camera/camera_ws/install/aruco_interfaces/local/lib/python3.10/dist-packages/aruco_interfaces/aruco_interfaces_s__rosidl_typesupport_introspection_c.cpython-310-x86_64-linux-gnu.so
[2.945s] -- Up-to-date symlink: /home/havard/git/vaffelgutta/camera/camera_ws/install/aruco_interfaces/local/lib/python3.10/dist-packages/aruco_interfaces/aruco_interfaces_s__rosidl_typesupport_c.cpython-310-x86_64-linux-gnu.so
[2.945s] -- Symlinking: /home/havard/git/vaffelgutta/camera/camera_ws/install/aruco_interfaces/share/aruco_interfaces/msg/ArucoMarkers.idl
[2.951s] -- Symlinking: /home/havard/git/vaffelgutta/camera/camera_ws/install/aruco_interfaces/share/aruco_interfaces/msg/ArucoMarkers.msg
[2.957s] -- Symlinking: /home/havard/git/vaffelgutta/camera/camera_ws/install/aruco_interfaces/share/ament_index/resource_index/package_run_dependencies/aruco_interfaces
[2.963s] -- Symlinking: /home/havard/git/vaffelgutta/camera/camera_ws/install/aruco_interfaces/share/ament_index/resource_index/parent_prefix_path/aruco_interfaces
[2.970s] -- Symlinking: /home/havard/git/vaffelgutta/camera/camera_ws/install/aruco_interfaces/share/aruco_interfaces/environment/ament_prefix_path.sh
[2.975s] -- Symlinking: /home/havard/git/vaffelgutta/camera/camera_ws/install/aruco_interfaces/share/aruco_interfaces/environment/ament_prefix_path.dsv
[2.981s] -- Symlinking: /home/havard/git/vaffelgutta/camera/camera_ws/install/aruco_interfaces/share/aruco_interfaces/environment/path.sh
[2.987s] -- Symlinking: /home/havard/git/vaffelgutta/camera/camera_ws/install/aruco_interfaces/share/aruco_interfaces/environment/path.dsv
[2.993s] -- Symlinking: /home/havard/git/vaffelgutta/camera/camera_ws/install/aruco_interfaces/share/aruco_interfaces/local_setup.bash
[2.999s] -- Symlinking: /home/havard/git/vaffelgutta/camera/camera_ws/install/aruco_interfaces/share/aruco_interfaces/local_setup.sh
[3.005s] -- Symlinking: /home/havard/git/vaffelgutta/camera/camera_ws/install/aruco_interfaces/share/aruco_interfaces/local_setup.zsh
[3.011s] -- Symlinking: /home/havard/git/vaffelgutta/camera/camera_ws/install/aruco_interfaces/share/aruco_interfaces/local_setup.dsv
[3.017s] -- Symlinking: /home/havard/git/vaffelgutta/camera/camera_ws/install/aruco_interfaces/share/aruco_interfaces/package.dsv
[3.022s] -- Symlinking: /home/havard/git/vaffelgutta/camera/camera_ws/install/aruco_interfaces/share/ament_index/resource_index/packages/aruco_interfaces
[3.028s] -- Symlinking: /home/havard/git/vaffelgutta/camera/camera_ws/install/aruco_interfaces/share/aruco_interfaces/cmake/rosidl_cmake-extras.cmake
[3.035s] -- Symlinking: /home/havard/git/vaffelgutta/camera/camera_ws/install/aruco_interfaces/share/aruco_interfaces/cmake/ament_cmake_export_dependencies-extras.cmake
[3.041s] -- Symlinking: /home/havard/git/vaffelgutta/camera/camera_ws/install/aruco_interfaces/share/aruco_interfaces/cmake/ament_cmake_export_include_directories-extras.cmake
[3.046s] -- Symlinking: /home/havard/git/vaffelgutta/camera/camera_ws/install/aruco_interfaces/share/aruco_interfaces/cmake/ament_cmake_export_libraries-extras.cmake
[3.052s] -- Symlinking: /home/havard/git/vaffelgutta/camera/camera_ws/install/aruco_interfaces/share/aruco_interfaces/cmake/ament_cmake_export_targets-extras.cmake
[3.059s] -- Symlinking: /home/havard/git/vaffelgutta/camera/camera_ws/install/aruco_interfaces/share/aruco_interfaces/cmake/rosidl_cmake_export_typesupport_targets-extras.cmake
[3.065s] -- Symlinking: /home/havard/git/vaffelgutta/camera/camera_ws/install/aruco_interfaces/share/aruco_interfaces/cmake/rosidl_cmake_export_typesupport_libraries-extras.cmake
[3.070s] -- Symlinking: /home/havard/git/vaffelgutta/camera/camera_ws/install/aruco_interfaces/share/aruco_interfaces/cmake/aruco_interfacesConfig.cmake
[3.075s] -- Symlinking: /home/havard/git/vaffelgutta/camera/camera_ws/install/aruco_interfaces/share/aruco_interfaces/cmake/aruco_interfacesConfig-version.cmake
[3.081s] -- Symlinking: /home/havard/git/vaffelgutta/camera/camera_ws/install/aruco_interfaces/share/aruco_interfaces/package.xml
[3.086s] -- Installing: /home/havard/git/vaffelgutta/camera/camera_ws/install/aruco_interfaces/lib/libaruco_interfaces__rosidl_generator_c.so
[3.086s] -- Set runtime path of "/home/havard/git/vaffelgutta/camera/camera_ws/install/aruco_interfaces/lib/libaruco_interfaces__rosidl_generator_c.so" to ""
[3.087s] -- Installing: /home/havard/git/vaffelgutta/camera/camera_ws/install/aruco_interfaces/lib/libaruco_interfaces__rosidl_typesupport_fastrtps_c.so
[3.087s] -- Set runtime path of "/home/havard/git/vaffelgutta/camera/camera_ws/install/aruco_interfaces/lib/libaruco_interfaces__rosidl_typesupport_fastrtps_c.so" to ""
[3.087s] -- Installing: /home/havard/git/vaffelgutta/camera/camera_ws/install/aruco_interfaces/lib/libaruco_interfaces__rosidl_typesupport_fastrtps_cpp.so
[3.087s] -- Set runtime path of "/home/havard/git/vaffelgutta/camera/camera_ws/install/aruco_interfaces/lib/libaruco_interfaces__rosidl_typesupport_fastrtps_cpp.so" to ""
[3.087s] -- Installing: /home/havard/git/vaffelgutta/camera/camera_ws/install/aruco_interfaces/lib/libaruco_interfaces__rosidl_typesupport_introspection_c.so
[3.087s] -- Set runtime path of "/home/havard/git/vaffelgutta/camera/camera_ws/install/aruco_interfaces/lib/libaruco_interfaces__rosidl_typesupport_introspection_c.so" to ""
[3.087s] -- Installing: /home/havard/git/vaffelgutta/camera/camera_ws/install/aruco_interfaces/lib/libaruco_interfaces__rosidl_typesupport_c.so
[3.087s] -- Set runtime path of "/home/havard/git/vaffelgutta/camera/camera_ws/install/aruco_interfaces/lib/libaruco_interfaces__rosidl_typesupport_c.so" to ""
[3.087s] -- Installing: /home/havard/git/vaffelgutta/camera/camera_ws/install/aruco_interfaces/lib/libaruco_interfaces__rosidl_typesupport_introspection_cpp.so
[3.087s] -- Set runtime path of "/home/havard/git/vaffelgutta/camera/camera_ws/install/aruco_interfaces/lib/libaruco_interfaces__rosidl_typesupport_introspection_cpp.so" to ""
[3.087s] -- Installing: /home/havard/git/vaffelgutta/camera/camera_ws/install/aruco_interfaces/lib/libaruco_interfaces__rosidl_typesupport_cpp.so
[3.087s] -- Set runtime path of "/home/havard/git/vaffelgutta/camera/camera_ws/install/aruco_interfaces/lib/libaruco_interfaces__rosidl_typesupport_cpp.so" to ""
[3.119s] Listing '/home/havard/git/vaffelgutta/camera/camera_ws/install/aruco_interfaces/local/lib/python3.10/dist-packages/aruco_interfaces'...
[3.119s] Compiling '/home/havard/git/vaffelgutta/camera/camera_ws/install/aruco_interfaces/local/lib/python3.10/dist-packages/aruco_interfaces/__init__.py'...
[3.119s] Listing '/home/havard/git/vaffelgutta/camera/camera_ws/install/aruco_interfaces/local/lib/python3.10/dist-packages/aruco_interfaces/msg'...
[3.119s] Compiling '/home/havard/git/vaffelgutta/camera/camera_ws/install/aruco_interfaces/local/lib/python3.10/dist-packages/aruco_interfaces/msg/__init__.py'...
[3.119s] Compiling '/home/havard/git/vaffelgutta/camera/camera_ws/install/aruco_interfaces/local/lib/python3.10/dist-packages/aruco_interfaces/msg/_aruco_markers.py'...
[3.122s] -- Installing: /home/havard/git/vaffelgutta/camera/camera_ws/install/aruco_interfaces/lib/libaruco_interfaces__rosidl_generator_py.so
[3.122s] -- Set runtime path of "/home/havard/git/vaffelgutta/camera/camera_ws/install/aruco_interfaces/lib/libaruco_interfaces__rosidl_generator_py.so" to ""
[3.122s] -- Installing: /home/havard/git/vaffelgutta/camera/camera_ws/install/aruco_interfaces/share/aruco_interfaces/cmake/export_aruco_interfaces__rosidl_generator_cExport.cmake
[3.122s] -- Installing: /home/havard/git/vaffelgutta/camera/camera_ws/install/aruco_interfaces/share/aruco_interfaces/cmake/export_aruco_interfaces__rosidl_generator_cExport-noconfig.cmake
[3.123s] -- Installing: /home/havard/git/vaffelgutta/camera/camera_ws/install/aruco_interfaces/share/aruco_interfaces/cmake/export_aruco_interfaces__rosidl_typesupport_fastrtps_cExport.cmake
[3.123s] -- Installing: /home/havard/git/vaffelgutta/camera/camera_ws/install/aruco_interfaces/share/aruco_interfaces/cmake/export_aruco_interfaces__rosidl_typesupport_fastrtps_cExport-noconfig.cmake
[3.123s] -- Installing: /home/havard/git/vaffelgutta/camera/camera_ws/install/aruco_interfaces/share/aruco_interfaces/cmake/export_aruco_interfaces__rosidl_generator_cppExport.cmake
[3.123s] -- Installing: /home/havard/git/vaffelgutta/camera/camera_ws/install/aruco_interfaces/share/aruco_interfaces/cmake/export_aruco_interfaces__rosidl_typesupport_fastrtps_cppExport.cmake
[3.123s] -- Installing: /home/havard/git/vaffelgutta/camera/camera_ws/install/aruco_interfaces/share/aruco_interfaces/cmake/export_aruco_interfaces__rosidl_typesupport_fastrtps_cppExport-noconfig.cmake
[3.123s] -- Installing: /home/havard/git/vaffelgutta/camera/camera_ws/install/aruco_interfaces/share/aruco_interfaces/cmake/aruco_interfaces__rosidl_typesupport_introspection_cExport.cmake
[3.123s] -- Installing: /home/havard/git/vaffelgutta/camera/camera_ws/install/aruco_interfaces/share/aruco_interfaces/cmake/aruco_interfaces__rosidl_typesupport_introspection_cExport-noconfig.cmake
[3.123s] -- Installing: /home/havard/git/vaffelgutta/camera/camera_ws/install/aruco_interfaces/share/aruco_interfaces/cmake/aruco_interfaces__rosidl_typesupport_cExport.cmake
[3.123s] -- Installing: /home/havard/git/vaffelgutta/camera/camera_ws/install/aruco_interfaces/share/aruco_interfaces/cmake/aruco_interfaces__rosidl_typesupport_cExport-noconfig.cmake
[3.123s] -- Installing: /home/havard/git/vaffelgutta/camera/camera_ws/install/aruco_interfaces/share/aruco_interfaces/cmake/aruco_interfaces__rosidl_typesupport_introspection_cppExport.cmake
[3.123s] -- Installing: /home/havard/git/vaffelgutta/camera/camera_ws/install/aruco_interfaces/share/aruco_interfaces/cmake/aruco_interfaces__rosidl_typesupport_introspection_cppExport-noconfig.cmake
[3.123s] -- Installing: /home/havard/git/vaffelgutta/camera/camera_ws/install/aruco_interfaces/share/aruco_interfaces/cmake/aruco_interfaces__rosidl_typesupport_cppExport.cmake
[3.123s] -- Installing: /home/havard/git/vaffelgutta/camera/camera_ws/install/aruco_interfaces/share/aruco_interfaces/cmake/aruco_interfaces__rosidl_typesupport_cppExport-noconfig.cmake
[3.123s] -- Installing: /home/havard/git/vaffelgutta/camera/camera_ws/install/aruco_interfaces/share/aruco_interfaces/cmake/export_aruco_interfaces__rosidl_generator_pyExport.cmake
[3.123s] -- Installing: /home/havard/git/vaffelgutta/camera/camera_ws/install/aruco_interfaces/share/aruco_interfaces/cmake/export_aruco_interfaces__rosidl_generator_pyExport-noconfig.cmake
[3.125s] Invoked command in '/home/havard/git/vaffelgutta/camera/camera_ws/build/aruco_interfaces' returned '0': CMAKE_PREFIX_PATH=${CMAKE_PREFIX_PATH}:/home/havard/interbotix_ws/install/interbotix_xs_modules:/home/havard/interbotix_ws/install/interbotix_perception_modules:/home/havard/interbotix_ws/install/interbotix_common_modules:/opt/ros/humble /usr/bin/cmake --install /home/havard/git/vaffelgutta/camera/camera_ws/build/aruco_interfaces
