[0.107s] DEBUG:colcon:Command line arguments: ['/usr/bin/colcon', 'build', '--symlink-install']
[0.107s] DEBUG:colcon:Parsed command line arguments: Namespace(log_base=None, log_level=None, verb_name='build', build_base='build', install_base='install', merge_install=False, symlink_install=True, test_result_base=None, continue_on_error=False, executor='parallel', parallel_workers=8, event_handlers=None, ignore_user_meta=False, metas=['./colcon.meta'], base_paths=['.'], packages_ignore=None, packages_ignore_regex=None, paths=None, packages_up_to=None, packages_up_to_regex=None, packages_above=None, packages_above_and_dependencies=None, packages_above_depth=None, packages_select_by_dep=None, packages_skip_by_dep=None, packages_skip_up_to=None, packages_select_build_failed=False, packages_skip_build_finished=False, packages_select_test_failures=False, packages_skip_test_passed=False, packages_select=None, packages_skip=None, packages_select_regex=None, packages_skip_regex=None, packages_start=None, packages_end=None, allow_overriding=[], cmake_args=None, cmake_target=None, cmake_target_skip_unavailable=False, cmake_clean_cache=False, cmake_clean_first=False, cmake_force_configure=False, ament_cmake_args=None, catkin_cmake_args=None, catkin_skip_building_tests=False, verb_parser=<colcon_defaults.argument_parser.defaults.DefaultArgumentsDecorator object at 0x7175d121a830>, verb_extension=<colcon_core.verb.build.BuildVerb object at 0x7175d121a320>, main=<bound method BuildVerb.main of <colcon_core.verb.build.BuildVerb object at 0x7175d121a320>>)
[0.273s] Level 1:colcon.colcon_core.package_discovery:discover_packages(colcon_meta) check parameters
[0.273s] Level 1:colcon.colcon_core.package_discovery:discover_packages(recursive) check parameters
[0.273s] Level 1:colcon.colcon_core.package_discovery:discover_packages(ignore) check parameters
[0.273s] Level 1:colcon.colcon_core.package_discovery:discover_packages(path) check parameters
[0.273s] Level 1:colcon.colcon_core.package_discovery:discover_packages(colcon_meta) discover
[0.273s] Level 1:colcon.colcon_core.package_discovery:discover_packages(recursive) discover
[0.273s] INFO:colcon.colcon_core.package_discovery:Crawling recursively for packages in '/home/vaffelgutta/git/vaffelgutta/camera_library/camera_ws'
[0.273s] Level 1:colcon.colcon_core.package_identification:_identify(.) by extensions ['ignore', 'ignore_ament_install']
[0.273s] Level 1:colcon.colcon_core.package_identification:_identify(.) by extension 'ignore'
[0.273s] Level 1:colcon.colcon_core.package_identification:_identify(.) by extension 'ignore_ament_install'
[0.273s] Level 1:colcon.colcon_core.package_identification:_identify(.) by extensions ['colcon_pkg']
[0.273s] Level 1:colcon.colcon_core.package_identification:_identify(.) by extension 'colcon_pkg'
[0.273s] Level 1:colcon.colcon_core.package_identification:_identify(.) by extensions ['colcon_meta']
[0.273s] Level 1:colcon.colcon_core.package_identification:_identify(.) by extension 'colcon_meta'
[0.274s] Level 1:colcon.colcon_core.package_identification:_identify(.) by extensions ['ros']
[0.274s] Level 1:colcon.colcon_core.package_identification:_identify(.) by extension 'ros'
[0.283s] Level 1:colcon.colcon_core.package_identification:_identify(.) by extensions ['cmake', 'python']
[0.283s] Level 1:colcon.colcon_core.package_identification:_identify(.) by extension 'cmake'
[0.283s] Level 1:colcon.colcon_core.package_identification:_identify(.) by extension 'python'
[0.283s] Level 1:colcon.colcon_core.package_identification:_identify(.) by extensions ['python_setup_py']
[0.283s] Level 1:colcon.colcon_core.package_identification:_identify(.) by extension 'python_setup_py'
[0.283s] Level 1:colcon.colcon_core.package_identification:_identify(build) by extensions ['ignore', 'ignore_ament_install']
[0.283s] Level 1:colcon.colcon_core.package_identification:_identify(build) by extension 'ignore'
[0.283s] Level 1:colcon.colcon_core.package_identification:_identify(build) ignored
[0.283s] Level 1:colcon.colcon_core.package_identification:_identify(install) by extensions ['ignore', 'ignore_ament_install']
[0.283s] Level 1:colcon.colcon_core.package_identification:_identify(install) by extension 'ignore'
[0.283s] Level 1:colcon.colcon_core.package_identification:_identify(install) ignored
[0.284s] Level 1:colcon.colcon_core.package_identification:_identify(log) by extensions ['ignore', 'ignore_ament_install']
[0.284s] Level 1:colcon.colcon_core.package_identification:_identify(log) by extension 'ignore'
[0.284s] Level 1:colcon.colcon_core.package_identification:_identify(log) ignored
[0.284s] Level 1:colcon.colcon_core.package_identification:_identify(src) by extensions ['ignore', 'ignore_ament_install']
[0.284s] Level 1:colcon.colcon_core.package_identification:_identify(src) by extension 'ignore'
[0.284s] Level 1:colcon.colcon_core.package_identification:_identify(src) by extension 'ignore_ament_install'
[0.284s] Level 1:colcon.colcon_core.package_identification:_identify(src) by extensions ['colcon_pkg']
[0.284s] Level 1:colcon.colcon_core.package_identification:_identify(src) by extension 'colcon_pkg'
[0.284s] Level 1:colcon.colcon_core.package_identification:_identify(src) by extensions ['colcon_meta']
[0.284s] Level 1:colcon.colcon_core.package_identification:_identify(src) by extension 'colcon_meta'
[0.284s] Level 1:colcon.colcon_core.package_identification:_identify(src) by extensions ['ros']
[0.284s] Level 1:colcon.colcon_core.package_identification:_identify(src) by extension 'ros'
[0.284s] Level 1:colcon.colcon_core.package_identification:_identify(src) by extensions ['cmake', 'python']
[0.284s] Level 1:colcon.colcon_core.package_identification:_identify(src) by extension 'cmake'
[0.284s] Level 1:colcon.colcon_core.package_identification:_identify(src) by extension 'python'
[0.284s] Level 1:colcon.colcon_core.package_identification:_identify(src) by extensions ['python_setup_py']
[0.284s] Level 1:colcon.colcon_core.package_identification:_identify(src) by extension 'python_setup_py'
[0.284s] Level 1:colcon.colcon_core.package_identification:_identify(src/ros2-aruco-pose-estimation) by extensions ['ignore', 'ignore_ament_install']
[0.284s] Level 1:colcon.colcon_core.package_identification:_identify(src/ros2-aruco-pose-estimation) by extension 'ignore'
[0.284s] Level 1:colcon.colcon_core.package_identification:_identify(src/ros2-aruco-pose-estimation) by extension 'ignore_ament_install'
[0.285s] Level 1:colcon.colcon_core.package_identification:_identify(src/ros2-aruco-pose-estimation) by extensions ['colcon_pkg']
[0.285s] Level 1:colcon.colcon_core.package_identification:_identify(src/ros2-aruco-pose-estimation) by extension 'colcon_pkg'
[0.285s] Level 1:colcon.colcon_core.package_identification:_identify(src/ros2-aruco-pose-estimation) by extensions ['colcon_meta']
[0.285s] Level 1:colcon.colcon_core.package_identification:_identify(src/ros2-aruco-pose-estimation) by extension 'colcon_meta'
[0.285s] Level 1:colcon.colcon_core.package_identification:_identify(src/ros2-aruco-pose-estimation) by extensions ['ros']
[0.285s] Level 1:colcon.colcon_core.package_identification:_identify(src/ros2-aruco-pose-estimation) by extension 'ros'
[0.285s] Level 1:colcon.colcon_core.package_identification:_identify(src/ros2-aruco-pose-estimation) by extensions ['cmake', 'python']
[0.285s] Level 1:colcon.colcon_core.package_identification:_identify(src/ros2-aruco-pose-estimation) by extension 'cmake'
[0.285s] Level 1:colcon.colcon_core.package_identification:_identify(src/ros2-aruco-pose-estimation) by extension 'python'
[0.285s] Level 1:colcon.colcon_core.package_identification:_identify(src/ros2-aruco-pose-estimation) by extensions ['python_setup_py']
[0.285s] Level 1:colcon.colcon_core.package_identification:_identify(src/ros2-aruco-pose-estimation) by extension 'python_setup_py'
[0.285s] Level 1:colcon.colcon_core.package_identification:_identify(src/ros2-aruco-pose-estimation/aruco_interfaces) by extensions ['ignore', 'ignore_ament_install']
[0.285s] Level 1:colcon.colcon_core.package_identification:_identify(src/ros2-aruco-pose-estimation/aruco_interfaces) by extension 'ignore'
[0.285s] Level 1:colcon.colcon_core.package_identification:_identify(src/ros2-aruco-pose-estimation/aruco_interfaces) by extension 'ignore_ament_install'
[0.285s] Level 1:colcon.colcon_core.package_identification:_identify(src/ros2-aruco-pose-estimation/aruco_interfaces) by extensions ['colcon_pkg']
[0.285s] Level 1:colcon.colcon_core.package_identification:_identify(src/ros2-aruco-pose-estimation/aruco_interfaces) by extension 'colcon_pkg'
[0.285s] Level 1:colcon.colcon_core.package_identification:_identify(src/ros2-aruco-pose-estimation/aruco_interfaces) by extensions ['colcon_meta']
[0.285s] Level 1:colcon.colcon_core.package_identification:_identify(src/ros2-aruco-pose-estimation/aruco_interfaces) by extension 'colcon_meta'
[0.285s] Level 1:colcon.colcon_core.package_identification:_identify(src/ros2-aruco-pose-estimation/aruco_interfaces) by extensions ['ros']
[0.285s] Level 1:colcon.colcon_core.package_identification:_identify(src/ros2-aruco-pose-estimation/aruco_interfaces) by extension 'ros'
[0.287s] DEBUG:colcon.colcon_core.package_identification:Package 'src/ros2-aruco-pose-estimation/aruco_interfaces' with type 'ros.ament_cmake' and name 'aruco_interfaces'
[0.287s] Level 1:colcon.colcon_core.package_identification:_identify(src/ros2-aruco-pose-estimation/aruco_pose_estimation) by extensions ['ignore', 'ignore_ament_install']
[0.288s] Level 1:colcon.colcon_core.package_identification:_identify(src/ros2-aruco-pose-estimation/aruco_pose_estimation) by extension 'ignore'
[0.288s] Level 1:colcon.colcon_core.package_identification:_identify(src/ros2-aruco-pose-estimation/aruco_pose_estimation) by extension 'ignore_ament_install'
[0.288s] Level 1:colcon.colcon_core.package_identification:_identify(src/ros2-aruco-pose-estimation/aruco_pose_estimation) by extensions ['colcon_pkg']
[0.288s] Level 1:colcon.colcon_core.package_identification:_identify(src/ros2-aruco-pose-estimation/aruco_pose_estimation) by extension 'colcon_pkg'
[0.288s] Level 1:colcon.colcon_core.package_identification:_identify(src/ros2-aruco-pose-estimation/aruco_pose_estimation) by extensions ['colcon_meta']
[0.288s] Level 1:colcon.colcon_core.package_identification:_identify(src/ros2-aruco-pose-estimation/aruco_pose_estimation) by extension 'colcon_meta'
[0.288s] Level 1:colcon.colcon_core.package_identification:_identify(src/ros2-aruco-pose-estimation/aruco_pose_estimation) by extensions ['ros']
[0.288s] Level 1:colcon.colcon_core.package_identification:_identify(src/ros2-aruco-pose-estimation/aruco_pose_estimation) by extension 'ros'
[0.289s] DEBUG:colcon.colcon_core.package_identification:Package 'src/ros2-aruco-pose-estimation/aruco_pose_estimation' with type 'ros.ament_cmake' and name 'aruco_pose_estimation'
[0.289s] Level 1:colcon.colcon_core.package_discovery:discover_packages(recursive) using defaults
[0.289s] Level 1:colcon.colcon_core.package_discovery:discover_packages(ignore) discover
[0.289s] Level 1:colcon.colcon_core.package_discovery:discover_packages(ignore) using defaults
[0.289s] Level 1:colcon.colcon_core.package_discovery:discover_packages(path) discover
[0.289s] Level 1:colcon.colcon_core.package_discovery:discover_packages(path) using defaults
[0.315s] Level 1:colcon.colcon_core.package_discovery:discover_packages(prefix_path) check parameters
[0.315s] Level 1:colcon.colcon_core.package_discovery:discover_packages(prefix_path) discover
[0.316s] WARNING:colcon.colcon_core.prefix_path.colcon:The path '/home/vaffelgutta/git/vaffelgutta/camera_library/camera_ws/src/install' in the environment variable COLCON_PREFIX_PATH doesn't exist
[0.316s] WARNING:colcon.colcon_core.prefix_path.colcon:The path '/home/vaffelgutta/git/vaffelgutta/camera_library/camera_library/ros2-aruco-pose-estimation/install' in the environment variable COLCON_PREFIX_PATH doesn't exist
[0.316s] WARNING:colcon.colcon_ros.prefix_path.ament:The path '/home/vaffelgutta/git/vaffelgutta/camera_library/camera_ws/src/install/aruco_pose_estimation' in the environment variable AMENT_PREFIX_PATH doesn't exist
[0.316s] WARNING:colcon.colcon_ros.prefix_path.ament:The path '/home/vaffelgutta/git/vaffelgutta/camera_library/camera_ws/src/install/aruco_interfaces' in the environment variable AMENT_PREFIX_PATH doesn't exist
[0.316s] WARNING:colcon.colcon_ros.prefix_path.ament:The path '/home/vaffelgutta/git/vaffelgutta/camera_library/camera_library/ros2-aruco-pose-estimation/install/aruco_pose_estimation' in the environment variable AMENT_PREFIX_PATH doesn't exist
[0.316s] WARNING:colcon.colcon_ros.prefix_path.ament:The path '/home/vaffelgutta/git/vaffelgutta/camera_library/camera_library/ros2-aruco-pose-estimation/install/aruco_interfaces' in the environment variable AMENT_PREFIX_PATH doesn't exist
[0.317s] WARNING:colcon.colcon_ros.prefix_path.catkin:The path '/home/vaffelgutta/git/vaffelgutta/camera_library/camera_ws/src/install/aruco_pose_estimation' in the environment variable CMAKE_PREFIX_PATH doesn't exist
[0.317s] WARNING:colcon.colcon_ros.prefix_path.catkin:The path '/home/vaffelgutta/git/vaffelgutta/camera_library/camera_ws/src/install/aruco_interfaces' in the environment variable CMAKE_PREFIX_PATH doesn't exist
[0.317s] WARNING:colcon.colcon_ros.prefix_path.catkin:The path '/home/vaffelgutta/git/vaffelgutta/camera_library/camera_library/ros2-aruco-pose-estimation/install/aruco_pose_estimation' in the environment variable CMAKE_PREFIX_PATH doesn't exist
[0.318s] WARNING:colcon.colcon_ros.prefix_path.catkin:The path '/home/vaffelgutta/git/vaffelgutta/camera_library/camera_library/ros2-aruco-pose-estimation/install/aruco_interfaces' in the environment variable CMAKE_PREFIX_PATH doesn't exist
[0.318s] DEBUG:colcon.colcon_installed_package_information.package_discovery:Found 2 installed packages in /home/vaffelgutta/git/vaffelgutta/camera_library/camera_ws/install
[0.319s] DEBUG:colcon.colcon_installed_package_information.package_discovery:Found 34 installed packages in /home/vaffelgutta/interbotix_ws/install
[0.320s] DEBUG:colcon.colcon_installed_package_information.package_discovery:Found 1 installed packages in /home/vaffelgutta/apriltag_ws/install
[0.321s] DEBUG:colcon.colcon_installed_package_information.package_discovery:Found 353 installed packages in /opt/ros/humble
[0.323s] Level 1:colcon.colcon_core.package_discovery:discover_packages(prefix_path) using defaults
[0.366s] Level 5:colcon.colcon_core.verb:set package 'aruco_interfaces' build argument 'cmake_args' from command line to 'None'
[0.366s] Level 5:colcon.colcon_core.verb:set package 'aruco_interfaces' build argument 'cmake_target' from command line to 'None'
[0.366s] Level 5:colcon.colcon_core.verb:set package 'aruco_interfaces' build argument 'cmake_target_skip_unavailable' from command line to 'False'
[0.366s] Level 5:colcon.colcon_core.verb:set package 'aruco_interfaces' build argument 'cmake_clean_cache' from command line to 'False'
[0.366s] Level 5:colcon.colcon_core.verb:set package 'aruco_interfaces' build argument 'cmake_clean_first' from command line to 'False'
[0.366s] Level 5:colcon.colcon_core.verb:set package 'aruco_interfaces' build argument 'cmake_force_configure' from command line to 'False'
[0.366s] Level 5:colcon.colcon_core.verb:set package 'aruco_interfaces' build argument 'ament_cmake_args' from command line to 'None'
[0.366s] Level 5:colcon.colcon_core.verb:set package 'aruco_interfaces' build argument 'catkin_cmake_args' from command line to 'None'
[0.366s] Level 5:colcon.colcon_core.verb:set package 'aruco_interfaces' build argument 'catkin_skip_building_tests' from command line to 'False'
[0.367s] DEBUG:colcon.colcon_core.verb:Building package 'aruco_interfaces' with the following arguments: {'ament_cmake_args': None, 'build_base': '/home/vaffelgutta/git/vaffelgutta/camera_library/camera_ws/build/aruco_interfaces', 'catkin_cmake_args': None, 'catkin_skip_building_tests': False, 'cmake_args': None, 'cmake_clean_cache': False, 'cmake_clean_first': False, 'cmake_force_configure': False, 'cmake_target': None, 'cmake_target_skip_unavailable': False, 'install_base': '/home/vaffelgutta/git/vaffelgutta/camera_library/camera_ws/install/aruco_interfaces', 'merge_install': False, 'path': '/home/vaffelgutta/git/vaffelgutta/camera_library/camera_ws/src/ros2-aruco-pose-estimation/aruco_interfaces', 'symlink_install': True, 'test_result_base': None}
[0.367s] Level 5:colcon.colcon_core.verb:set package 'aruco_pose_estimation' build argument 'cmake_args' from command line to 'None'
[0.367s] Level 5:colcon.colcon_core.verb:set package 'aruco_pose_estimation' build argument 'cmake_target' from command line to 'None'
[0.367s] Level 5:colcon.colcon_core.verb:set package 'aruco_pose_estimation' build argument 'cmake_target_skip_unavailable' from command line to 'False'
[0.367s] Level 5:colcon.colcon_core.verb:set package 'aruco_pose_estimation' build argument 'cmake_clean_cache' from command line to 'False'
[0.367s] Level 5:colcon.colcon_core.verb:set package 'aruco_pose_estimation' build argument 'cmake_clean_first' from command line to 'False'
[0.367s] Level 5:colcon.colcon_core.verb:set package 'aruco_pose_estimation' build argument 'cmake_force_configure' from command line to 'False'
[0.367s] Level 5:colcon.colcon_core.verb:set package 'aruco_pose_estimation' build argument 'ament_cmake_args' from command line to 'None'
[0.367s] Level 5:colcon.colcon_core.verb:set package 'aruco_pose_estimation' build argument 'catkin_cmake_args' from command line to 'None'
[0.367s] Level 5:colcon.colcon_core.verb:set package 'aruco_pose_estimation' build argument 'catkin_skip_building_tests' from command line to 'False'
[0.367s] DEBUG:colcon.colcon_core.verb:Building package 'aruco_pose_estimation' with the following arguments: {'ament_cmake_args': None, 'build_base': '/home/vaffelgutta/git/vaffelgutta/camera_library/camera_ws/build/aruco_pose_estimation', 'catkin_cmake_args': None, 'catkin_skip_building_tests': False, 'cmake_args': None, 'cmake_clean_cache': False, 'cmake_clean_first': False, 'cmake_force_configure': False, 'cmake_target': None, 'cmake_target_skip_unavailable': False, 'install_base': '/home/vaffelgutta/git/vaffelgutta/camera_library/camera_ws/install/aruco_pose_estimation', 'merge_install': False, 'path': '/home/vaffelgutta/git/vaffelgutta/camera_library/camera_ws/src/ros2-aruco-pose-estimation/aruco_pose_estimation', 'symlink_install': True, 'test_result_base': None}
[0.367s] INFO:colcon.colcon_core.executor:Executing jobs using 'parallel' executor
[0.368s] DEBUG:colcon.colcon_parallel_executor.executor.parallel:run_until_complete
[0.368s] INFO:colcon.colcon_ros.task.ament_cmake.build:Building ROS package in '/home/vaffelgutta/git/vaffelgutta/camera_library/camera_ws/src/ros2-aruco-pose-estimation/aruco_interfaces' with build type 'ament_cmake'
[0.368s] INFO:colcon.colcon_cmake.task.cmake.build:Building CMake package in '/home/vaffelgutta/git/vaffelgutta/camera_library/camera_ws/src/ros2-aruco-pose-estimation/aruco_interfaces'
[0.370s] INFO:colcon.colcon_core.plugin_system:Skipping extension 'colcon_core.shell.bat': Not used on non-Windows systems
[0.370s] INFO:colcon.colcon_core.shell:Skip shell extension 'powershell' for command environment: Not usable outside of PowerShell
[0.370s] DEBUG:colcon.colcon_core.shell:Skip shell extension 'dsv' for command environment
[0.381s] DEBUG:colcon.colcon_core.event_handler.log_command:Invoking command in '/home/vaffelgutta/git/vaffelgutta/camera_library/camera_ws/build/aruco_interfaces': CMAKE_PREFIX_PATH=${CMAKE_PREFIX_PATH}:/home/vaffelgutta/interbotix_ws/install/interbotix_xs_modules:/home/vaffelgutta/interbotix_ws/install/interbotix_perception_modules:/home/vaffelgutta/interbotix_ws/install/interbotix_common_modules:/opt/ros/humble /usr/bin/cmake --build /home/vaffelgutta/git/vaffelgutta/camera_library/camera_ws/build/aruco_interfaces -- -j8 -l8
[0.757s] DEBUG:colcon.colcon_core.event_handler.log_command:Invoked command in '/home/vaffelgutta/git/vaffelgutta/camera_library/camera_ws/build/aruco_interfaces' returned '0': CMAKE_PREFIX_PATH=${CMAKE_PREFIX_PATH}:/home/vaffelgutta/interbotix_ws/install/interbotix_xs_modules:/home/vaffelgutta/interbotix_ws/install/interbotix_perception_modules:/home/vaffelgutta/interbotix_ws/install/interbotix_common_modules:/opt/ros/humble /usr/bin/cmake --build /home/vaffelgutta/git/vaffelgutta/camera_library/camera_ws/build/aruco_interfaces -- -j8 -l8
[0.767s] DEBUG:colcon.colcon_core.event_handler.log_command:Invoking command in '/home/vaffelgutta/git/vaffelgutta/camera_library/camera_ws/build/aruco_interfaces': CMAKE_PREFIX_PATH=${CMAKE_PREFIX_PATH}:/home/vaffelgutta/interbotix_ws/install/interbotix_xs_modules:/home/vaffelgutta/interbotix_ws/install/interbotix_perception_modules:/home/vaffelgutta/interbotix_ws/install/interbotix_common_modules:/opt/ros/humble /usr/bin/cmake --install /home/vaffelgutta/git/vaffelgutta/camera_library/camera_ws/build/aruco_interfaces
[0.844s] Level 1:colcon.colcon_core.environment:create_environment_scripts_only(aruco_interfaces)
[0.844s] DEBUG:colcon.colcon_core.event_handler.log_command:Invoked command in '/home/vaffelgutta/git/vaffelgutta/camera_library/camera_ws/build/aruco_interfaces' returned '0': CMAKE_PREFIX_PATH=${CMAKE_PREFIX_PATH}:/home/vaffelgutta/interbotix_ws/install/interbotix_xs_modules:/home/vaffelgutta/interbotix_ws/install/interbotix_perception_modules:/home/vaffelgutta/interbotix_ws/install/interbotix_common_modules:/opt/ros/humble /usr/bin/cmake --install /home/vaffelgutta/git/vaffelgutta/camera_library/camera_ws/build/aruco_interfaces
[0.846s] Level 1:colcon.colcon_core.environment:checking '/home/vaffelgutta/git/vaffelgutta/camera_library/camera_ws/install/aruco_interfaces' for CMake module files
[0.847s] Level 1:colcon.colcon_core.environment:checking '/home/vaffelgutta/git/vaffelgutta/camera_library/camera_ws/install/aruco_interfaces' for CMake config files
[0.847s] Level 1:colcon.colcon_core.shell:create_environment_hook('aruco_interfaces', 'cmake_prefix_path')
[0.847s] INFO:colcon.colcon_core.shell:Creating environment hook '/home/vaffelgutta/git/vaffelgutta/camera_library/camera_ws/install/aruco_interfaces/share/aruco_interfaces/hook/cmake_prefix_path.ps1'
[0.848s] INFO:colcon.colcon_core.shell:Creating environment descriptor '/home/vaffelgutta/git/vaffelgutta/camera_library/camera_ws/install/aruco_interfaces/share/aruco_interfaces/hook/cmake_prefix_path.dsv'
[0.848s] INFO:colcon.colcon_core.shell:Creating environment hook '/home/vaffelgutta/git/vaffelgutta/camera_library/camera_ws/install/aruco_interfaces/share/aruco_interfaces/hook/cmake_prefix_path.sh'
[0.849s] Level 1:colcon.colcon_core.environment:checking '/home/vaffelgutta/git/vaffelgutta/camera_library/camera_ws/install/aruco_interfaces/lib'
[0.849s] Level 1:colcon.colcon_core.shell:create_environment_hook('aruco_interfaces', 'ld_library_path_lib')
[0.850s] INFO:colcon.colcon_core.shell:Creating environment hook '/home/vaffelgutta/git/vaffelgutta/camera_library/camera_ws/install/aruco_interfaces/share/aruco_interfaces/hook/ld_library_path_lib.ps1'
[0.850s] INFO:colcon.colcon_core.shell:Creating environment descriptor '/home/vaffelgutta/git/vaffelgutta/camera_library/camera_ws/install/aruco_interfaces/share/aruco_interfaces/hook/ld_library_path_lib.dsv'
[0.850s] INFO:colcon.colcon_core.shell:Creating environment hook '/home/vaffelgutta/git/vaffelgutta/camera_library/camera_ws/install/aruco_interfaces/share/aruco_interfaces/hook/ld_library_path_lib.sh'
[0.851s] Level 1:colcon.colcon_core.environment:checking '/home/vaffelgutta/git/vaffelgutta/camera_library/camera_ws/install/aruco_interfaces/bin'
[0.851s] Level 1:colcon.colcon_core.environment:checking '/home/vaffelgutta/git/vaffelgutta/camera_library/camera_ws/install/aruco_interfaces/lib/pkgconfig/aruco_interfaces.pc'
[0.851s] Level 1:colcon.colcon_core.environment:checking '/home/vaffelgutta/git/vaffelgutta/camera_library/camera_ws/install/aruco_interfaces/lib/python3.10/site-packages'
[0.851s] Level 1:colcon.colcon_core.environment:checking '/home/vaffelgutta/git/vaffelgutta/camera_library/camera_ws/install/aruco_interfaces/bin'
[0.851s] INFO:colcon.colcon_core.shell:Creating package script '/home/vaffelgutta/git/vaffelgutta/camera_library/camera_ws/install/aruco_interfaces/share/aruco_interfaces/package.ps1'
[0.852s] INFO:colcon.colcon_core.shell:Creating package descriptor '/home/vaffelgutta/git/vaffelgutta/camera_library/camera_ws/install/aruco_interfaces/share/aruco_interfaces/package.dsv'
[0.852s] INFO:colcon.colcon_core.shell:Creating package script '/home/vaffelgutta/git/vaffelgutta/camera_library/camera_ws/install/aruco_interfaces/share/aruco_interfaces/package.sh'
[0.853s] INFO:colcon.colcon_core.shell:Creating package script '/home/vaffelgutta/git/vaffelgutta/camera_library/camera_ws/install/aruco_interfaces/share/aruco_interfaces/package.bash'
[0.854s] INFO:colcon.colcon_core.shell:Creating package script '/home/vaffelgutta/git/vaffelgutta/camera_library/camera_ws/install/aruco_interfaces/share/aruco_interfaces/package.zsh'
[0.854s] Level 1:colcon.colcon_core.environment:create_file_with_runtime_dependencies(/home/vaffelgutta/git/vaffelgutta/camera_library/camera_ws/install/aruco_interfaces/share/colcon-core/packages/aruco_interfaces)
[0.855s] Level 1:colcon.colcon_core.environment:create_environment_scripts_only(aruco_interfaces)
[0.855s] Level 1:colcon.colcon_core.environment:checking '/home/vaffelgutta/git/vaffelgutta/camera_library/camera_ws/install/aruco_interfaces' for CMake module files
[0.855s] Level 1:colcon.colcon_core.environment:checking '/home/vaffelgutta/git/vaffelgutta/camera_library/camera_ws/install/aruco_interfaces' for CMake config files
[0.856s] Level 1:colcon.colcon_core.shell:create_environment_hook('aruco_interfaces', 'cmake_prefix_path')
[0.856s] INFO:colcon.colcon_core.shell:Creating environment hook '/home/vaffelgutta/git/vaffelgutta/camera_library/camera_ws/install/aruco_interfaces/share/aruco_interfaces/hook/cmake_prefix_path.ps1'
[0.856s] INFO:colcon.colcon_core.shell:Creating environment descriptor '/home/vaffelgutta/git/vaffelgutta/camera_library/camera_ws/install/aruco_interfaces/share/aruco_interfaces/hook/cmake_prefix_path.dsv'
[0.857s] INFO:colcon.colcon_core.shell:Creating environment hook '/home/vaffelgutta/git/vaffelgutta/camera_library/camera_ws/install/aruco_interfaces/share/aruco_interfaces/hook/cmake_prefix_path.sh'
[0.857s] Level 1:colcon.colcon_core.environment:checking '/home/vaffelgutta/git/vaffelgutta/camera_library/camera_ws/install/aruco_interfaces/lib'
[0.857s] Level 1:colcon.colcon_core.shell:create_environment_hook('aruco_interfaces', 'ld_library_path_lib')
[0.857s] INFO:colcon.colcon_core.shell:Creating environment hook '/home/vaffelgutta/git/vaffelgutta/camera_library/camera_ws/install/aruco_interfaces/share/aruco_interfaces/hook/ld_library_path_lib.ps1'
[0.858s] INFO:colcon.colcon_core.shell:Creating environment descriptor '/home/vaffelgutta/git/vaffelgutta/camera_library/camera_ws/install/aruco_interfaces/share/aruco_interfaces/hook/ld_library_path_lib.dsv'
[0.858s] INFO:colcon.colcon_core.shell:Creating environment hook '/home/vaffelgutta/git/vaffelgutta/camera_library/camera_ws/install/aruco_interfaces/share/aruco_interfaces/hook/ld_library_path_lib.sh'
[0.858s] Level 1:colcon.colcon_core.environment:checking '/home/vaffelgutta/git/vaffelgutta/camera_library/camera_ws/install/aruco_interfaces/bin'
[0.858s] Level 1:colcon.colcon_core.environment:checking '/home/vaffelgutta/git/vaffelgutta/camera_library/camera_ws/install/aruco_interfaces/lib/pkgconfig/aruco_interfaces.pc'
[0.858s] Level 1:colcon.colcon_core.environment:checking '/home/vaffelgutta/git/vaffelgutta/camera_library/camera_ws/install/aruco_interfaces/lib/python3.10/site-packages'
[0.859s] Level 1:colcon.colcon_core.environment:checking '/home/vaffelgutta/git/vaffelgutta/camera_library/camera_ws/install/aruco_interfaces/bin'
[0.859s] INFO:colcon.colcon_core.shell:Creating package script '/home/vaffelgutta/git/vaffelgutta/camera_library/camera_ws/install/aruco_interfaces/share/aruco_interfaces/package.ps1'
[0.859s] INFO:colcon.colcon_core.shell:Creating package descriptor '/home/vaffelgutta/git/vaffelgutta/camera_library/camera_ws/install/aruco_interfaces/share/aruco_interfaces/package.dsv'
[0.860s] INFO:colcon.colcon_core.shell:Creating package script '/home/vaffelgutta/git/vaffelgutta/camera_library/camera_ws/install/aruco_interfaces/share/aruco_interfaces/package.sh'
[0.860s] INFO:colcon.colcon_core.shell:Creating package script '/home/vaffelgutta/git/vaffelgutta/camera_library/camera_ws/install/aruco_interfaces/share/aruco_interfaces/package.bash'
[0.861s] INFO:colcon.colcon_core.shell:Creating package script '/home/vaffelgutta/git/vaffelgutta/camera_library/camera_ws/install/aruco_interfaces/share/aruco_interfaces/package.zsh'
[0.861s] Level 1:colcon.colcon_core.environment:create_file_with_runtime_dependencies(/home/vaffelgutta/git/vaffelgutta/camera_library/camera_ws/install/aruco_interfaces/share/colcon-core/packages/aruco_interfaces)
[0.861s] INFO:colcon.colcon_ros.task.ament_cmake.build:Building ROS package in '/home/vaffelgutta/git/vaffelgutta/camera_library/camera_ws/src/ros2-aruco-pose-estimation/aruco_pose_estimation' with build type 'ament_cmake'
[0.861s] INFO:colcon.colcon_cmake.task.cmake.build:Building CMake package in '/home/vaffelgutta/git/vaffelgutta/camera_library/camera_ws/src/ros2-aruco-pose-estimation/aruco_pose_estimation'
[0.861s] INFO:colcon.colcon_core.shell:Skip shell extension 'powershell' for command environment: Not usable outside of PowerShell
[0.862s] DEBUG:colcon.colcon_core.shell:Skip shell extension 'dsv' for command environment
[0.875s] DEBUG:colcon.colcon_core.event_handler.log_command:Invoking command in '/home/vaffelgutta/git/vaffelgutta/camera_library/camera_ws/build/aruco_pose_estimation': CMAKE_PREFIX_PATH=/home/vaffelgutta/git/vaffelgutta/camera_library/camera_ws/install/aruco_interfaces:/home/vaffelgutta/git/vaffelgutta/camera_library/camera_ws/install/aruco_pose_estimation:/home/vaffelgutta/git/vaffelgutta/camera_library/camera_ws/src/install/aruco_pose_estimation:/home/vaffelgutta/git/vaffelgutta/camera_library/camera_ws/src/install/aruco_interfaces:/home/vaffelgutta/git/vaffelgutta/camera_library/camera_library/ros2-aruco-pose-estimation/install/aruco_pose_estimation:/home/vaffelgutta/git/vaffelgutta/camera_library/camera_library/ros2-aruco-pose-estimation/install/aruco_interfaces:/home/vaffelgutta/interbotix_ws/install/interbotix_ros_xsarms_examples:/home/vaffelgutta/interbotix_ws/install/interbotix_xsarm_moveit_interface:/home/vaffelgutta/interbotix_ws/install/interbotix_moveit_interface:/home/vaffelgutta/interbotix_ws/install/moveit_visual_tools:/home/vaffelgutta/interbotix_ws/install/interbotix_ros_xsarms:/home/vaffelgutta/interbotix_ws/install/interbotix_xsarm_moveit:/home/vaffelgutta/interbotix_ws/install/interbotix_xsarm_sim:/home/vaffelgutta/interbotix_ws/install/interbotix_xsarm_ros_control:/home/vaffelgutta/interbotix_ws/install/interbotix_xsarm_puppet:/home/vaffelgutta/interbotix_ws/install/interbotix_xsarm_perception:/home/vaffelgutta/interbotix_ws/install/interbotix_xsarm_joy:/home/vaffelgutta/interbotix_ws/install/interbotix_xsarm_gravity_compensation:/home/vaffelgutta/interbotix_ws/install/interbotix_xsarm_dual:/home/vaffelgutta/interbotix_ws/install/interbotix_xsarm_control:/home/vaffelgutta/interbotix_ws/install/interbotix_xsarm_descriptions:/home/vaffelgutta/interbotix_ws/install/interbotix_xs_toolbox:/home/vaffelgutta/interbotix_ws/install/interbotix_xs_rviz:/home/vaffelgutta/interbotix_ws/install/interbotix_ros_xseries:/home/vaffelgutta/interbotix_ws/install/interbotix_xs_sdk:/home/vaffelgutta/interbotix_ws/install/interbotix_xs_ros_control:/home/vaffelgutta/interbotix_ws/install/interbotix_perception_toolbox:/home/vaffelgutta/interbotix_ws/install/interbotix_common_toolbox:/home/vaffelgutta/interbotix_ws/install/interbotix_gravity_compensation:/home/vaffelgutta/interbotix_ws/install/interbotix_xs_msgs:/home/vaffelgutta/interbotix_ws/install/interbotix_xs_driver:/home/vaffelgutta/interbotix_ws/install/interbotix_tf_tools:/home/vaffelgutta/interbotix_ws/install/interbotix_perception_pipelines:/home/vaffelgutta/interbotix_ws/install/interbotix_perception_msgs:/home/vaffelgutta/interbotix_ws/install/interbotix_moveit_interface_msgs:/home/vaffelgutta/interbotix_ws/install/interbotix_common_sim:/home/vaffelgutta/interbotix_ws/install/dynamixel_workbench_toolbox:/home/vaffelgutta/apriltag_ws/install/apriltag_ros:/home/vaffelgutta/interbotix_ws/install/interbotix_xs_modules:/home/vaffelgutta/interbotix_ws/install/interbotix_perception_modules:/home/vaffelgutta/interbotix_ws/install/interbotix_common_modules:/opt/ros/humble /usr/bin/cmake --build /home/vaffelgutta/git/vaffelgutta/camera_library/camera_ws/build/aruco_pose_estimation -- -j8 -l8
[1.209s] DEBUG:colcon.colcon_core.event_handler.log_command:Invoked command in '/home/vaffelgutta/git/vaffelgutta/camera_library/camera_ws/build/aruco_pose_estimation' returned '0': CMAKE_PREFIX_PATH=/home/vaffelgutta/git/vaffelgutta/camera_library/camera_ws/install/aruco_interfaces:/home/vaffelgutta/git/vaffelgutta/camera_library/camera_ws/install/aruco_pose_estimation:/home/vaffelgutta/git/vaffelgutta/camera_library/camera_ws/src/install/aruco_pose_estimation:/home/vaffelgutta/git/vaffelgutta/camera_library/camera_ws/src/install/aruco_interfaces:/home/vaffelgutta/git/vaffelgutta/camera_library/camera_library/ros2-aruco-pose-estimation/install/aruco_pose_estimation:/home/vaffelgutta/git/vaffelgutta/camera_library/camera_library/ros2-aruco-pose-estimation/install/aruco_interfaces:/home/vaffelgutta/interbotix_ws/install/interbotix_ros_xsarms_examples:/home/vaffelgutta/interbotix_ws/install/interbotix_xsarm_moveit_interface:/home/vaffelgutta/interbotix_ws/install/interbotix_moveit_interface:/home/vaffelgutta/interbotix_ws/install/moveit_visual_tools:/home/vaffelgutta/interbotix_ws/install/interbotix_ros_xsarms:/home/vaffelgutta/interbotix_ws/install/interbotix_xsarm_moveit:/home/vaffelgutta/interbotix_ws/install/interbotix_xsarm_sim:/home/vaffelgutta/interbotix_ws/install/interbotix_xsarm_ros_control:/home/vaffelgutta/interbotix_ws/install/interbotix_xsarm_puppet:/home/vaffelgutta/interbotix_ws/install/interbotix_xsarm_perception:/home/vaffelgutta/interbotix_ws/install/interbotix_xsarm_joy:/home/vaffelgutta/interbotix_ws/install/interbotix_xsarm_gravity_compensation:/home/vaffelgutta/interbotix_ws/install/interbotix_xsarm_dual:/home/vaffelgutta/interbotix_ws/install/interbotix_xsarm_control:/home/vaffelgutta/interbotix_ws/install/interbotix_xsarm_descriptions:/home/vaffelgutta/interbotix_ws/install/interbotix_xs_toolbox:/home/vaffelgutta/interbotix_ws/install/interbotix_xs_rviz:/home/vaffelgutta/interbotix_ws/install/interbotix_ros_xseries:/home/vaffelgutta/interbotix_ws/install/interbotix_xs_sdk:/home/vaffelgutta/interbotix_ws/install/interbotix_xs_ros_control:/home/vaffelgutta/interbotix_ws/install/interbotix_perception_toolbox:/home/vaffelgutta/interbotix_ws/install/interbotix_common_toolbox:/home/vaffelgutta/interbotix_ws/install/interbotix_gravity_compensation:/home/vaffelgutta/interbotix_ws/install/interbotix_xs_msgs:/home/vaffelgutta/interbotix_ws/install/interbotix_xs_driver:/home/vaffelgutta/interbotix_ws/install/interbotix_tf_tools:/home/vaffelgutta/interbotix_ws/install/interbotix_perception_pipelines:/home/vaffelgutta/interbotix_ws/install/interbotix_perception_msgs:/home/vaffelgutta/interbotix_ws/install/interbotix_moveit_interface_msgs:/home/vaffelgutta/interbotix_ws/install/interbotix_common_sim:/home/vaffelgutta/interbotix_ws/install/dynamixel_workbench_toolbox:/home/vaffelgutta/apriltag_ws/install/apriltag_ros:/home/vaffelgutta/interbotix_ws/install/interbotix_xs_modules:/home/vaffelgutta/interbotix_ws/install/interbotix_perception_modules:/home/vaffelgutta/interbotix_ws/install/interbotix_common_modules:/opt/ros/humble /usr/bin/cmake --build /home/vaffelgutta/git/vaffelgutta/camera_library/camera_ws/build/aruco_pose_estimation -- -j8 -l8
[1.211s] DEBUG:colcon.colcon_core.event_handler.log_command:Invoking command in '/home/vaffelgutta/git/vaffelgutta/camera_library/camera_ws/build/aruco_pose_estimation': CMAKE_PREFIX_PATH=/home/vaffelgutta/git/vaffelgutta/camera_library/camera_ws/install/aruco_interfaces:/home/vaffelgutta/git/vaffelgutta/camera_library/camera_ws/install/aruco_pose_estimation:/home/vaffelgutta/git/vaffelgutta/camera_library/camera_ws/src/install/aruco_pose_estimation:/home/vaffelgutta/git/vaffelgutta/camera_library/camera_ws/src/install/aruco_interfaces:/home/vaffelgutta/git/vaffelgutta/camera_library/camera_library/ros2-aruco-pose-estimation/install/aruco_pose_estimation:/home/vaffelgutta/git/vaffelgutta/camera_library/camera_library/ros2-aruco-pose-estimation/install/aruco_interfaces:/home/vaffelgutta/interbotix_ws/install/interbotix_ros_xsarms_examples:/home/vaffelgutta/interbotix_ws/install/interbotix_xsarm_moveit_interface:/home/vaffelgutta/interbotix_ws/install/interbotix_moveit_interface:/home/vaffelgutta/interbotix_ws/install/moveit_visual_tools:/home/vaffelgutta/interbotix_ws/install/interbotix_ros_xsarms:/home/vaffelgutta/interbotix_ws/install/interbotix_xsarm_moveit:/home/vaffelgutta/interbotix_ws/install/interbotix_xsarm_sim:/home/vaffelgutta/interbotix_ws/install/interbotix_xsarm_ros_control:/home/vaffelgutta/interbotix_ws/install/interbotix_xsarm_puppet:/home/vaffelgutta/interbotix_ws/install/interbotix_xsarm_perception:/home/vaffelgutta/interbotix_ws/install/interbotix_xsarm_joy:/home/vaffelgutta/interbotix_ws/install/interbotix_xsarm_gravity_compensation:/home/vaffelgutta/interbotix_ws/install/interbotix_xsarm_dual:/home/vaffelgutta/interbotix_ws/install/interbotix_xsarm_control:/home/vaffelgutta/interbotix_ws/install/interbotix_xsarm_descriptions:/home/vaffelgutta/interbotix_ws/install/interbotix_xs_toolbox:/home/vaffelgutta/interbotix_ws/install/interbotix_xs_rviz:/home/vaffelgutta/interbotix_ws/install/interbotix_ros_xseries:/home/vaffelgutta/interbotix_ws/install/interbotix_xs_sdk:/home/vaffelgutta/interbotix_ws/install/interbotix_xs_ros_control:/home/vaffelgutta/interbotix_ws/install/interbotix_perception_toolbox:/home/vaffelgutta/interbotix_ws/install/interbotix_common_toolbox:/home/vaffelgutta/interbotix_ws/install/interbotix_gravity_compensation:/home/vaffelgutta/interbotix_ws/install/interbotix_xs_msgs:/home/vaffelgutta/interbotix_ws/install/interbotix_xs_driver:/home/vaffelgutta/interbotix_ws/install/interbotix_tf_tools:/home/vaffelgutta/interbotix_ws/install/interbotix_perception_pipelines:/home/vaffelgutta/interbotix_ws/install/interbotix_perception_msgs:/home/vaffelgutta/interbotix_ws/install/interbotix_moveit_interface_msgs:/home/vaffelgutta/interbotix_ws/install/interbotix_common_sim:/home/vaffelgutta/interbotix_ws/install/dynamixel_workbench_toolbox:/home/vaffelgutta/apriltag_ws/install/apriltag_ros:/home/vaffelgutta/interbotix_ws/install/interbotix_xs_modules:/home/vaffelgutta/interbotix_ws/install/interbotix_perception_modules:/home/vaffelgutta/interbotix_ws/install/interbotix_common_modules:/opt/ros/humble /usr/bin/cmake --install /home/vaffelgutta/git/vaffelgutta/camera_library/camera_ws/build/aruco_pose_estimation
[1.269s] Level 1:colcon.colcon_core.environment:create_environment_scripts_only(aruco_pose_estimation)
[1.269s] Level 1:colcon.colcon_core.environment:checking '/home/vaffelgutta/git/vaffelgutta/camera_library/camera_ws/install/aruco_pose_estimation' for CMake module files
[1.270s] DEBUG:colcon.colcon_core.event_handler.log_command:Invoked command in '/home/vaffelgutta/git/vaffelgutta/camera_library/camera_ws/build/aruco_pose_estimation' returned '0': CMAKE_PREFIX_PATH=/home/vaffelgutta/git/vaffelgutta/camera_library/camera_ws/install/aruco_interfaces:/home/vaffelgutta/git/vaffelgutta/camera_library/camera_ws/install/aruco_pose_estimation:/home/vaffelgutta/git/vaffelgutta/camera_library/camera_ws/src/install/aruco_pose_estimation:/home/vaffelgutta/git/vaffelgutta/camera_library/camera_ws/src/install/aruco_interfaces:/home/vaffelgutta/git/vaffelgutta/camera_library/camera_library/ros2-aruco-pose-estimation/install/aruco_pose_estimation:/home/vaffelgutta/git/vaffelgutta/camera_library/camera_library/ros2-aruco-pose-estimation/install/aruco_interfaces:/home/vaffelgutta/interbotix_ws/install/interbotix_ros_xsarms_examples:/home/vaffelgutta/interbotix_ws/install/interbotix_xsarm_moveit_interface:/home/vaffelgutta/interbotix_ws/install/interbotix_moveit_interface:/home/vaffelgutta/interbotix_ws/install/moveit_visual_tools:/home/vaffelgutta/interbotix_ws/install/interbotix_ros_xsarms:/home/vaffelgutta/interbotix_ws/install/interbotix_xsarm_moveit:/home/vaffelgutta/interbotix_ws/install/interbotix_xsarm_sim:/home/vaffelgutta/interbotix_ws/install/interbotix_xsarm_ros_control:/home/vaffelgutta/interbotix_ws/install/interbotix_xsarm_puppet:/home/vaffelgutta/interbotix_ws/install/interbotix_xsarm_perception:/home/vaffelgutta/interbotix_ws/install/interbotix_xsarm_joy:/home/vaffelgutta/interbotix_ws/install/interbotix_xsarm_gravity_compensation:/home/vaffelgutta/interbotix_ws/install/interbotix_xsarm_dual:/home/vaffelgutta/interbotix_ws/install/interbotix_xsarm_control:/home/vaffelgutta/interbotix_ws/install/interbotix_xsarm_descriptions:/home/vaffelgutta/interbotix_ws/install/interbotix_xs_toolbox:/home/vaffelgutta/interbotix_ws/install/interbotix_xs_rviz:/home/vaffelgutta/interbotix_ws/install/interbotix_ros_xseries:/home/vaffelgutta/interbotix_ws/install/interbotix_xs_sdk:/home/vaffelgutta/interbotix_ws/install/interbotix_xs_ros_control:/home/vaffelgutta/interbotix_ws/install/interbotix_perception_toolbox:/home/vaffelgutta/interbotix_ws/install/interbotix_common_toolbox:/home/vaffelgutta/interbotix_ws/install/interbotix_gravity_compensation:/home/vaffelgutta/interbotix_ws/install/interbotix_xs_msgs:/home/vaffelgutta/interbotix_ws/install/interbotix_xs_driver:/home/vaffelgutta/interbotix_ws/install/interbotix_tf_tools:/home/vaffelgutta/interbotix_ws/install/interbotix_perception_pipelines:/home/vaffelgutta/interbotix_ws/install/interbotix_perception_msgs:/home/vaffelgutta/interbotix_ws/install/interbotix_moveit_interface_msgs:/home/vaffelgutta/interbotix_ws/install/interbotix_common_sim:/home/vaffelgutta/interbotix_ws/install/dynamixel_workbench_toolbox:/home/vaffelgutta/apriltag_ws/install/apriltag_ros:/home/vaffelgutta/interbotix_ws/install/interbotix_xs_modules:/home/vaffelgutta/interbotix_ws/install/interbotix_perception_modules:/home/vaffelgutta/interbotix_ws/install/interbotix_common_modules:/opt/ros/humble /usr/bin/cmake --install /home/vaffelgutta/git/vaffelgutta/camera_library/camera_ws/build/aruco_pose_estimation
[1.270s] Level 1:colcon.colcon_core.environment:checking '/home/vaffelgutta/git/vaffelgutta/camera_library/camera_ws/install/aruco_pose_estimation' for CMake config files
[1.271s] Level 1:colcon.colcon_core.shell:create_environment_hook('aruco_pose_estimation', 'cmake_prefix_path')
[1.271s] INFO:colcon.colcon_core.shell:Creating environment hook '/home/vaffelgutta/git/vaffelgutta/camera_library/camera_ws/install/aruco_pose_estimation/share/aruco_pose_estimation/hook/cmake_prefix_path.ps1'
[1.272s] INFO:colcon.colcon_core.shell:Creating environment descriptor '/home/vaffelgutta/git/vaffelgutta/camera_library/camera_ws/install/aruco_pose_estimation/share/aruco_pose_estimation/hook/cmake_prefix_path.dsv'
[1.272s] INFO:colcon.colcon_core.shell:Creating environment hook '/home/vaffelgutta/git/vaffelgutta/camera_library/camera_ws/install/aruco_pose_estimation/share/aruco_pose_estimation/hook/cmake_prefix_path.sh'
[1.273s] Level 1:colcon.colcon_core.environment:checking '/home/vaffelgutta/git/vaffelgutta/camera_library/camera_ws/install/aruco_pose_estimation/lib'
[1.273s] Level 1:colcon.colcon_core.environment:checking '/home/vaffelgutta/git/vaffelgutta/camera_library/camera_ws/install/aruco_pose_estimation/bin'
[1.273s] Level 1:colcon.colcon_core.environment:checking '/home/vaffelgutta/git/vaffelgutta/camera_library/camera_ws/install/aruco_pose_estimation/lib/pkgconfig/aruco_pose_estimation.pc'
[1.273s] Level 1:colcon.colcon_core.environment:checking '/home/vaffelgutta/git/vaffelgutta/camera_library/camera_ws/install/aruco_pose_estimation/lib/python3.10/site-packages'
[1.273s] Level 1:colcon.colcon_core.environment:checking '/home/vaffelgutta/git/vaffelgutta/camera_library/camera_ws/install/aruco_pose_estimation/bin'
[1.273s] INFO:colcon.colcon_core.shell:Creating package script '/home/vaffelgutta/git/vaffelgutta/camera_library/camera_ws/install/aruco_pose_estimation/share/aruco_pose_estimation/package.ps1'
[1.274s] INFO:colcon.colcon_core.shell:Creating package descriptor '/home/vaffelgutta/git/vaffelgutta/camera_library/camera_ws/install/aruco_pose_estimation/share/aruco_pose_estimation/package.dsv'
[1.274s] INFO:colcon.colcon_core.shell:Creating package script '/home/vaffelgutta/git/vaffelgutta/camera_library/camera_ws/install/aruco_pose_estimation/share/aruco_pose_estimation/package.sh'
[1.274s] INFO:colcon.colcon_core.shell:Creating package script '/home/vaffelgutta/git/vaffelgutta/camera_library/camera_ws/install/aruco_pose_estimation/share/aruco_pose_estimation/package.bash'
[1.275s] INFO:colcon.colcon_core.shell:Creating package script '/home/vaffelgutta/git/vaffelgutta/camera_library/camera_ws/install/aruco_pose_estimation/share/aruco_pose_estimation/package.zsh'
[1.275s] Level 1:colcon.colcon_core.environment:create_file_with_runtime_dependencies(/home/vaffelgutta/git/vaffelgutta/camera_library/camera_ws/install/aruco_pose_estimation/share/colcon-core/packages/aruco_pose_estimation)
[1.275s] Level 1:colcon.colcon_core.environment:create_environment_scripts_only(aruco_pose_estimation)
[1.276s] Level 1:colcon.colcon_core.environment:checking '/home/vaffelgutta/git/vaffelgutta/camera_library/camera_ws/install/aruco_pose_estimation' for CMake module files
[1.276s] Level 1:colcon.colcon_core.environment:checking '/home/vaffelgutta/git/vaffelgutta/camera_library/camera_ws/install/aruco_pose_estimation' for CMake config files
[1.276s] Level 1:colcon.colcon_core.shell:create_environment_hook('aruco_pose_estimation', 'cmake_prefix_path')
[1.276s] INFO:colcon.colcon_core.shell:Creating environment hook '/home/vaffelgutta/git/vaffelgutta/camera_library/camera_ws/install/aruco_pose_estimation/share/aruco_pose_estimation/hook/cmake_prefix_path.ps1'
[1.277s] INFO:colcon.colcon_core.shell:Creating environment descriptor '/home/vaffelgutta/git/vaffelgutta/camera_library/camera_ws/install/aruco_pose_estimation/share/aruco_pose_estimation/hook/cmake_prefix_path.dsv'
[1.277s] INFO:colcon.colcon_core.shell:Creating environment hook '/home/vaffelgutta/git/vaffelgutta/camera_library/camera_ws/install/aruco_pose_estimation/share/aruco_pose_estimation/hook/cmake_prefix_path.sh'
[1.277s] Level 1:colcon.colcon_core.environment:checking '/home/vaffelgutta/git/vaffelgutta/camera_library/camera_ws/install/aruco_pose_estimation/lib'
[1.278s] Level 1:colcon.colcon_core.environment:checking '/home/vaffelgutta/git/vaffelgutta/camera_library/camera_ws/install/aruco_pose_estimation/bin'
[1.278s] Level 1:colcon.colcon_core.environment:checking '/home/vaffelgutta/git/vaffelgutta/camera_library/camera_ws/install/aruco_pose_estimation/lib/pkgconfig/aruco_pose_estimation.pc'
[1.278s] Level 1:colcon.colcon_core.environment:checking '/home/vaffelgutta/git/vaffelgutta/camera_library/camera_ws/install/aruco_pose_estimation/lib/python3.10/site-packages'
[1.278s] Level 1:colcon.colcon_core.environment:checking '/home/vaffelgutta/git/vaffelgutta/camera_library/camera_ws/install/aruco_pose_estimation/bin'
[1.278s] INFO:colcon.colcon_core.shell:Creating package script '/home/vaffelgutta/git/vaffelgutta/camera_library/camera_ws/install/aruco_pose_estimation/share/aruco_pose_estimation/package.ps1'
[1.279s] INFO:colcon.colcon_core.shell:Creating package descriptor '/home/vaffelgutta/git/vaffelgutta/camera_library/camera_ws/install/aruco_pose_estimation/share/aruco_pose_estimation/package.dsv'
[1.279s] INFO:colcon.colcon_core.shell:Creating package script '/home/vaffelgutta/git/vaffelgutta/camera_library/camera_ws/install/aruco_pose_estimation/share/aruco_pose_estimation/package.sh'
[1.279s] INFO:colcon.colcon_core.shell:Creating package script '/home/vaffelgutta/git/vaffelgutta/camera_library/camera_ws/install/aruco_pose_estimation/share/aruco_pose_estimation/package.bash'
[1.280s] INFO:colcon.colcon_core.shell:Creating package script '/home/vaffelgutta/git/vaffelgutta/camera_library/camera_ws/install/aruco_pose_estimation/share/aruco_pose_estimation/package.zsh'
[1.280s] Level 1:colcon.colcon_core.environment:create_file_with_runtime_dependencies(/home/vaffelgutta/git/vaffelgutta/camera_library/camera_ws/install/aruco_pose_estimation/share/colcon-core/packages/aruco_pose_estimation)
[1.280s] DEBUG:colcon.colcon_parallel_executor.executor.parallel:closing loop
[1.281s] DEBUG:colcon.colcon_parallel_executor.executor.parallel:loop closed
[1.281s] DEBUG:colcon.colcon_parallel_executor.executor.parallel:run_until_complete finished with '0'
[1.281s] DEBUG:colcon.colcon_core.event_reactor:joining thread
[1.285s] INFO:colcon.colcon_core.plugin_system:Skipping extension 'colcon_notification.desktop_notification.terminal_notifier': Not used on non-Darwin systems
[1.285s] INFO:colcon.colcon_core.plugin_system:Skipping extension 'colcon_notification.desktop_notification.win32': Not used on non-Windows systems
[1.285s] INFO:colcon.colcon_notification.desktop_notification:Sending desktop notification using 'notify2'
[1.295s] DEBUG:colcon.colcon_core.event_reactor:joined thread
[1.295s] INFO:colcon.colcon_core.shell:Creating prefix script '/home/vaffelgutta/git/vaffelgutta/camera_library/camera_ws/install/local_setup.ps1'
[1.297s] INFO:colcon.colcon_core.shell:Creating prefix util module '/home/vaffelgutta/git/vaffelgutta/camera_library/camera_ws/install/_local_setup_util_ps1.py'
[1.299s] INFO:colcon.colcon_core.shell:Creating prefix chain script '/home/vaffelgutta/git/vaffelgutta/camera_library/camera_ws/install/setup.ps1'
[1.301s] INFO:colcon.colcon_core.shell:Creating prefix script '/home/vaffelgutta/git/vaffelgutta/camera_library/camera_ws/install/local_setup.sh'
[1.301s] INFO:colcon.colcon_core.shell:Creating prefix util module '/home/vaffelgutta/git/vaffelgutta/camera_library/camera_ws/install/_local_setup_util_sh.py'
[1.302s] INFO:colcon.colcon_core.shell:Creating prefix chain script '/home/vaffelgutta/git/vaffelgutta/camera_library/camera_ws/install/setup.sh'
[1.304s] INFO:colcon.colcon_core.shell:Creating prefix script '/home/vaffelgutta/git/vaffelgutta/camera_library/camera_ws/install/local_setup.bash'
[1.305s] INFO:colcon.colcon_core.shell:Creating prefix chain script '/home/vaffelgutta/git/vaffelgutta/camera_library/camera_ws/install/setup.bash'
[1.307s] INFO:colcon.colcon_core.shell:Creating prefix script '/home/vaffelgutta/git/vaffelgutta/camera_library/camera_ws/install/local_setup.zsh'
[1.307s] INFO:colcon.colcon_core.shell:Creating prefix chain script '/home/vaffelgutta/git/vaffelgutta/camera_library/camera_ws/install/setup.zsh'
