[0.012s] Invoking command in '/home/vaffelgutta/git/vaffelgutta/camera_library/camera_ws/build/aruco_interfaces': CMAKE_PREFIX_PATH=${CMAKE_PREFIX_PATH}:/home/vaffelgutta/interbotix_ws/install/interbotix_xs_modules:/home/vaffelgutta/interbotix_ws/install/interbotix_perception_modules:/home/vaffelgutta/interbotix_ws/install/interbotix_common_modules:/opt/ros/humble /usr/bin/cmake /home/vaffelgutta/git/vaffelgutta/camera_library/camera_ws/src/ros2-aruco-pose-estimation/aruco_interfaces -DAMENT_CMAKE_SYMLINK_INSTALL=1 -DCMAKE_INSTALL_PREFIX=/home/vaffelgutta/git/vaffelgutta/camera_library/camera_ws/install/aruco_interfaces
[0.066s] -- The C compiler identification is GNU 11.4.0
[0.117s] -- The CXX compiler identification is GNU 11.4.0
[0.123s] -- Detecting C compiler ABI info
[0.189s] -- Detecting C compiler ABI info - done
[0.196s] -- Check for working C compiler: /usr/bin/cc - skipped
[0.196s] -- Detecting C compile features
[0.196s] -- Detecting C compile features - done
[0.201s] -- Detecting CXX compiler ABI info
[0.278s] -- Detecting CXX compiler ABI info - done
[0.291s] -- Check for working CXX compiler: /usr/bin/c++ - skipped
[0.291s] -- Detecting CXX compile features
[0.291s] -- Detecting CXX compile features - done
[0.297s] -- Found ament_cmake: 1.3.11 (/opt/ros/humble/share/ament_cmake/cmake)
[0.452s] -- Found Python3: /usr/bin/python3 (found version "3.10.12") found components: Interpreter 
[0.512s] -- Override CMake install command with custom implementation using symlinks instead of copying resources
[0.583s] -- Found geometry_msgs: 4.2.4 (/opt/ros/humble/share/geometry_msgs/cmake)
[0.649s] -- Found rosidl_generator_c: 3.1.6 (/opt/ros/humble/share/rosidl_generator_c/cmake)
[0.659s] -- Found rosidl_adapter: 3.1.6 (/opt/ros/humble/share/rosidl_adapter/cmake)
[0.673s] -- Found rosidl_generator_cpp: 3.1.6 (/opt/ros/humble/share/rosidl_generator_cpp/cmake)
[0.691s] -- Using all available rosidl_typesupport_c: rosidl_typesupport_fastrtps_c;rosidl_typesupport_introspection_c
[0.716s] -- Using all available rosidl_typesupport_cpp: rosidl_typesupport_fastrtps_cpp;rosidl_typesupport_introspection_cpp
[0.764s] -- Found rosidl_default_generators: 1.2.0 (/opt/ros/humble/share/rosidl_default_generators/cmake)
[1.051s] -- Found ament_cmake_ros: 0.10.0 (/opt/ros/humble/share/ament_cmake_ros/cmake)
[1.455s] -- Using all available rosidl_typesupport_c: rosidl_typesupport_fastrtps_c;rosidl_typesupport_introspection_c
[1.610s] -- Using all available rosidl_typesupport_cpp: rosidl_typesupport_fastrtps_cpp;rosidl_typesupport_introspection_cpp
[1.633s] -- Found PythonInterp: /usr/bin/python3 (found suitable version "3.10.12", minimum required is "3.6") 
[1.638s] -- Found python_cmake_module: 0.10.0 (/opt/ros/humble/share/python_cmake_module/cmake)
[1.664s] -- Found PythonLibs: /usr/lib/x86_64-linux-gnu/libpython3.10.so (found suitable version "3.10.12", minimum required is "3.5") 
[1.664s] -- Using PYTHON_EXECUTABLE: /usr/bin/python3
[1.664s] -- Using PYTHON_INCLUDE_DIRS: /usr/include/python3.10
[1.664s] -- Using PYTHON_LIBRARIES: /usr/lib/x86_64-linux-gnu/libpython3.10.so
[1.685s] -- Found PythonExtra: .so  
[1.767s] -- Found ament_lint_auto: 0.12.11 (/opt/ros/humble/share/ament_lint_auto/cmake)
[1.814s] -- Added test 'copyright' to check source files copyright and LICENSE
[1.816s] -- Added test 'lint_cmake' to check CMake code style
[1.818s] -- Added test 'xmllint' to check XML markup files
[1.823s] -- Configuring done
[1.855s] -- Generating done
[1.866s] -- Build files have been written to: /home/vaffelgutta/git/vaffelgutta/camera_library/camera_ws/build/aruco_interfaces
[1.874s] Invoked command in '/home/vaffelgutta/git/vaffelgutta/camera_library/camera_ws/build/aruco_interfaces' returned '0': CMAKE_PREFIX_PATH=${CMAKE_PREFIX_PATH}:/home/vaffelgutta/interbotix_ws/install/interbotix_xs_modules:/home/vaffelgutta/interbotix_ws/install/interbotix_perception_modules:/home/vaffelgutta/interbotix_ws/install/interbotix_common_modules:/opt/ros/humble /usr/bin/cmake /home/vaffelgutta/git/vaffelgutta/camera_library/camera_ws/src/ros2-aruco-pose-estimation/aruco_interfaces -DAMENT_CMAKE_SYMLINK_INSTALL=1 -DCMAKE_INSTALL_PREFIX=/home/vaffelgutta/git/vaffelgutta/camera_library/camera_ws/install/aruco_interfaces
[1.876s] Invoking command in '/home/vaffelgutta/git/vaffelgutta/camera_library/camera_ws/build/aruco_interfaces': CMAKE_PREFIX_PATH=${CMAKE_PREFIX_PATH}:/home/vaffelgutta/interbotix_ws/install/interbotix_xs_modules:/home/vaffelgutta/interbotix_ws/install/interbotix_perception_modules:/home/vaffelgutta/interbotix_ws/install/interbotix_common_modules:/opt/ros/humble /usr/bin/cmake --build /home/vaffelgutta/git/vaffelgutta/camera_library/camera_ws/build/aruco_interfaces -- -j8 -l8
[1.915s] [  3%] [34m[1mGenerating C code for ROS interfaces[0m
[1.926s] [  6%] [34m[1mGenerating C++ code for ROS interfaces[0m
[1.935s] [  6%] Built target ament_cmake_python_symlink_aruco_interfaces
[2.157s] [  6%] Built target aruco_interfaces__cpp
[2.168s] [  9%] [34m[1mGenerating C++ type support dispatch for ROS interfaces[0m
[2.169s] [ 12%] [34m[1mGenerating C++ introspection for ROS interfaces[0m
[2.173s] [ 16%] [34m[1mGenerating C++ type support for eProsima Fast-RTPS[0m
[2.178s] [ 19%] [32mBuilding C object CMakeFiles/aruco_interfaces__rosidl_generator_c.dir/rosidl_generator_c/aruco_interfaces/msg/detail/aruco_markers__functions.c.o[0m
[2.187s] running egg_info
[2.188s] creating aruco_interfaces.egg-info
[2.188s] writing aruco_interfaces.egg-info/PKG-INFO
[2.188s] writing dependency_links to aruco_interfaces.egg-info/dependency_links.txt
[2.188s] writing top-level names to aruco_interfaces.egg-info/top_level.txt
[2.188s] writing manifest file 'aruco_interfaces.egg-info/SOURCES.txt'
[2.190s] reading manifest file 'aruco_interfaces.egg-info/SOURCES.txt'
[2.191s] writing manifest file 'aruco_interfaces.egg-info/SOURCES.txt'
[2.219s] [ 19%] Built target ament_cmake_python_build_aruco_interfaces_egg
[2.231s] [ 22%] [32m[1mLinking C shared library libaruco_interfaces__rosidl_generator_c.so[0m
[2.268s] [ 22%] Built target aruco_interfaces__rosidl_generator_c
[2.281s] [ 25%] [34m[1mGenerating C type support dispatch for ROS interfaces[0m
[2.283s] [ 29%] [34m[1mGenerating C introspection for ROS interfaces[0m
[2.283s] [ 32%] [34m[1mGenerating C type support for eProsima Fast-RTPS[0m
[2.404s] [ 35%] [32mBuilding CXX object CMakeFiles/aruco_interfaces__rosidl_typesupport_introspection_cpp.dir/rosidl_typesupport_introspection_cpp/aruco_interfaces/msg/detail/aruco_markers__type_support.cpp.o[0m
[2.523s] [ 38%] [32mBuilding CXX object CMakeFiles/aruco_interfaces__rosidl_typesupport_fastrtps_c.dir/rosidl_typesupport_fastrtps_c/aruco_interfaces/msg/detail/aruco_markers__type_support_c.cpp.o[0m
[2.532s] [ 41%] [32mBuilding CXX object CMakeFiles/aruco_interfaces__rosidl_typesupport_cpp.dir/rosidl_typesupport_cpp/aruco_interfaces/msg/aruco_markers__type_support.cpp.o[0m
[2.567s] [ 45%] [32mBuilding CXX object CMakeFiles/aruco_interfaces__rosidl_typesupport_fastrtps_cpp.dir/rosidl_typesupport_fastrtps_cpp/aruco_interfaces/msg/detail/dds_fastrtps/aruco_markers__type_support.cpp.o[0m
[2.633s] [ 48%] [32mBuilding CXX object CMakeFiles/aruco_interfaces__rosidl_typesupport_c.dir/rosidl_typesupport_c/aruco_interfaces/msg/aruco_markers__type_support.cpp.o[0m
[2.653s] [ 51%] [32mBuilding C object CMakeFiles/aruco_interfaces__rosidl_typesupport_introspection_c.dir/rosidl_typesupport_introspection_c/aruco_interfaces/msg/detail/aruco_markers__type_support.c.o[0m
[2.681s] [ 54%] [32m[1mLinking CXX shared library libaruco_interfaces__rosidl_typesupport_c.so[0m
[2.697s] [ 58%] [32m[1mLinking C shared library libaruco_interfaces__rosidl_typesupport_introspection_c.so[0m
[2.732s] [ 58%] Built target aruco_interfaces__rosidl_typesupport_introspection_c
[2.741s] [ 58%] Built target aruco_interfaces__rosidl_typesupport_c
[2.850s] [ 61%] [32m[1mLinking CXX shared library libaruco_interfaces__rosidl_typesupport_introspection_cpp.so[0m
[2.871s] [ 64%] [32m[1mLinking CXX shared library libaruco_interfaces__rosidl_typesupport_cpp.so[0m
[2.915s] [ 64%] Built target aruco_interfaces__rosidl_typesupport_cpp
[2.931s] [ 67%] [32m[1mLinking CXX shared library libaruco_interfaces__rosidl_typesupport_fastrtps_c.so[0m
[2.934s] [ 67%] Built target aruco_interfaces__rosidl_typesupport_introspection_cpp
[3.006s] [ 67%] Built target aruco_interfaces__rosidl_typesupport_fastrtps_c
[3.045s] [ 70%] [32m[1mLinking CXX shared library libaruco_interfaces__rosidl_typesupport_fastrtps_cpp.so[0m
[3.116s] [ 70%] Built target aruco_interfaces__rosidl_typesupport_fastrtps_cpp
[3.138s] [ 70%] Built target aruco_interfaces
[3.160s] [ 74%] [34m[1mGenerating Python code for ROS interfaces[0m
[3.429s] [ 74%] Built target aruco_interfaces__py
[3.450s] [ 77%] [32mBuilding C object CMakeFiles/aruco_interfaces__rosidl_generator_py.dir/rosidl_generator_py/aruco_interfaces/msg/_aruco_markers_s.c.o[0m
[3.551s] [ 80%] [32m[1mLinking C shared library rosidl_generator_py/aruco_interfaces/libaruco_interfaces__rosidl_generator_py.so[0m
[3.593s] [ 80%] Built target aruco_interfaces__rosidl_generator_py
[3.615s] [ 90%] [32mBuilding C object CMakeFiles/aruco_interfaces__rosidl_typesupport_introspection_c__pyext.dir/rosidl_generator_py/aruco_interfaces/_aruco_interfaces_s.ep.rosidl_typesupport_introspection_c.c.o[0m
[3.615s] [ 90%] [32mBuilding C object CMakeFiles/aruco_interfaces__rosidl_typesupport_fastrtps_c__pyext.dir/rosidl_generator_py/aruco_interfaces/_aruco_interfaces_s.ep.rosidl_typesupport_fastrtps_c.c.o[0m
[3.615s] [ 90%] [32mBuilding C object CMakeFiles/aruco_interfaces__rosidl_typesupport_c__pyext.dir/rosidl_generator_py/aruco_interfaces/_aruco_interfaces_s.ep.rosidl_typesupport_c.c.o[0m
[3.714s] [100%] [32m[1mLinking C shared library rosidl_generator_py/aruco_interfaces/aruco_interfaces_s__rosidl_typesupport_c.cpython-310-x86_64-linux-gnu.so[0m
[3.714s] [100%] [32m[1mLinking C shared library rosidl_generator_py/aruco_interfaces/aruco_interfaces_s__rosidl_typesupport_introspection_c.cpython-310-x86_64-linux-gnu.so[0m
[3.714s] [100%] [32m[1mLinking C shared library rosidl_generator_py/aruco_interfaces/aruco_interfaces_s__rosidl_typesupport_fastrtps_c.cpython-310-x86_64-linux-gnu.so[0m
[3.756s] [100%] Built target aruco_interfaces__rosidl_typesupport_introspection_c__pyext
[3.756s] [100%] Built target aruco_interfaces__rosidl_typesupport_fastrtps_c__pyext
[3.756s] [100%] Built target aruco_interfaces__rosidl_typesupport_c__pyext
[3.769s] Invoked command in '/home/vaffelgutta/git/vaffelgutta/camera_library/camera_ws/build/aruco_interfaces' returned '0': CMAKE_PREFIX_PATH=${CMAKE_PREFIX_PATH}:/home/vaffelgutta/interbotix_ws/install/interbotix_xs_modules:/home/vaffelgutta/interbotix_ws/install/interbotix_perception_modules:/home/vaffelgutta/interbotix_ws/install/interbotix_common_modules:/opt/ros/humble /usr/bin/cmake --build /home/vaffelgutta/git/vaffelgutta/camera_library/camera_ws/build/aruco_interfaces -- -j8 -l8
[3.779s] Invoking command in '/home/vaffelgutta/git/vaffelgutta/camera_library/camera_ws/build/aruco_interfaces': CMAKE_PREFIX_PATH=${CMAKE_PREFIX_PATH}:/home/vaffelgutta/interbotix_ws/install/interbotix_xs_modules:/home/vaffelgutta/interbotix_ws/install/interbotix_perception_modules:/home/vaffelgutta/interbotix_ws/install/interbotix_common_modules:/opt/ros/humble /usr/bin/cmake --install /home/vaffelgutta/git/vaffelgutta/camera_library/camera_ws/build/aruco_interfaces
[3.786s] -- Install configuration: ""
[3.787s] -- Execute custom install script
[3.787s] -- Symlinking: /home/vaffelgutta/git/vaffelgutta/camera_library/camera_ws/install/aruco_interfaces/share/ament_index/resource_index/rosidl_interfaces/aruco_interfaces
[3.796s] -- Symlinking: /home/vaffelgutta/git/vaffelgutta/camera_library/camera_ws/install/aruco_interfaces/include/aruco_interfaces/aruco_interfaces/msg/aruco_markers.h
[3.804s] -- Symlinking: /home/vaffelgutta/git/vaffelgutta/camera_library/camera_ws/install/aruco_interfaces/include/aruco_interfaces/aruco_interfaces/msg/detail/aruco_markers__functions.h
[3.813s] -- Symlinking: /home/vaffelgutta/git/vaffelgutta/camera_library/camera_ws/install/aruco_interfaces/include/aruco_interfaces/aruco_interfaces/msg/detail/aruco_markers__struct.h
[3.821s] -- Symlinking: /home/vaffelgutta/git/vaffelgutta/camera_library/camera_ws/install/aruco_interfaces/include/aruco_interfaces/aruco_interfaces/msg/detail/aruco_markers__type_support.h
[3.829s] -- Symlinking: /home/vaffelgutta/git/vaffelgutta/camera_library/camera_ws/install/aruco_interfaces/include/aruco_interfaces/aruco_interfaces/msg/rosidl_generator_c__visibility_control.h
[3.838s] -- Symlinking: /home/vaffelgutta/git/vaffelgutta/camera_library/camera_ws/install/aruco_interfaces/share/aruco_interfaces/environment/library_path.sh
[3.846s] -- Symlinking: /home/vaffelgutta/git/vaffelgutta/camera_library/camera_ws/install/aruco_interfaces/share/aruco_interfaces/environment/library_path.dsv
[3.855s] -- Symlinking: /home/vaffelgutta/git/vaffelgutta/camera_library/camera_ws/install/aruco_interfaces/include/aruco_interfaces/aruco_interfaces/msg/detail/aruco_markers__rosidl_typesupport_fastrtps_c.h
[3.863s] -- Symlinking: /home/vaffelgutta/git/vaffelgutta/camera_library/camera_ws/install/aruco_interfaces/include/aruco_interfaces/aruco_interfaces/msg/rosidl_typesupport_fastrtps_c__visibility_control.h
[3.872s] -- Symlinking: /home/vaffelgutta/git/vaffelgutta/camera_library/camera_ws/install/aruco_interfaces/include/aruco_interfaces/aruco_interfaces/msg/aruco_markers.hpp
[3.881s] -- Symlinking: /home/vaffelgutta/git/vaffelgutta/camera_library/camera_ws/install/aruco_interfaces/include/aruco_interfaces/aruco_interfaces/msg/detail/aruco_markers__builder.hpp
[3.889s] -- Symlinking: /home/vaffelgutta/git/vaffelgutta/camera_library/camera_ws/install/aruco_interfaces/include/aruco_interfaces/aruco_interfaces/msg/detail/aruco_markers__struct.hpp
[3.898s] -- Symlinking: /home/vaffelgutta/git/vaffelgutta/camera_library/camera_ws/install/aruco_interfaces/include/aruco_interfaces/aruco_interfaces/msg/detail/aruco_markers__traits.hpp
[3.906s] -- Symlinking: /home/vaffelgutta/git/vaffelgutta/camera_library/camera_ws/install/aruco_interfaces/include/aruco_interfaces/aruco_interfaces/msg/detail/aruco_markers__type_support.hpp
[3.915s] -- Symlinking: /home/vaffelgutta/git/vaffelgutta/camera_library/camera_ws/install/aruco_interfaces/include/aruco_interfaces/aruco_interfaces/msg/rosidl_generator_cpp__visibility_control.hpp
[3.924s] -- Symlinking: /home/vaffelgutta/git/vaffelgutta/camera_library/camera_ws/install/aruco_interfaces/include/aruco_interfaces/aruco_interfaces/msg/detail/aruco_markers__rosidl_typesupport_fastrtps_cpp.hpp
[3.933s] -- Symlinking: /home/vaffelgutta/git/vaffelgutta/camera_library/camera_ws/install/aruco_interfaces/include/aruco_interfaces/aruco_interfaces/msg/rosidl_typesupport_fastrtps_cpp__visibility_control.h
[3.941s] -- Symlinking: /home/vaffelgutta/git/vaffelgutta/camera_library/camera_ws/install/aruco_interfaces/include/aruco_interfaces/aruco_interfaces/msg/detail/aruco_markers__rosidl_typesupport_introspection_c.h
[3.950s] -- Symlinking: /home/vaffelgutta/git/vaffelgutta/camera_library/camera_ws/install/aruco_interfaces/include/aruco_interfaces/aruco_interfaces/msg/rosidl_typesupport_introspection_c__visibility_control.h
[3.958s] -- Symlinking: /home/vaffelgutta/git/vaffelgutta/camera_library/camera_ws/install/aruco_interfaces/include/aruco_interfaces/aruco_interfaces/msg/detail/aruco_markers__rosidl_typesupport_introspection_cpp.hpp
[3.967s] -- Symlinking: /home/vaffelgutta/git/vaffelgutta/camera_library/camera_ws/install/aruco_interfaces/share/aruco_interfaces/environment/pythonpath.sh
[3.975s] -- Symlinking: /home/vaffelgutta/git/vaffelgutta/camera_library/camera_ws/install/aruco_interfaces/share/aruco_interfaces/environment/pythonpath.dsv
[3.984s] -- Symlinking: /home/vaffelgutta/git/vaffelgutta/camera_library/camera_ws/install/aruco_interfaces/local/lib/python3.10/dist-packages/aruco_interfaces-0.1.0-py3.10.egg-info/PKG-INFO
[3.993s] -- Symlinking: /home/vaffelgutta/git/vaffelgutta/camera_library/camera_ws/install/aruco_interfaces/local/lib/python3.10/dist-packages/aruco_interfaces-0.1.0-py3.10.egg-info/SOURCES.txt
[4.001s] -- Symlinking: /home/vaffelgutta/git/vaffelgutta/camera_library/camera_ws/install/aruco_interfaces/local/lib/python3.10/dist-packages/aruco_interfaces-0.1.0-py3.10.egg-info/dependency_links.txt
[4.010s] -- Symlinking: /home/vaffelgutta/git/vaffelgutta/camera_library/camera_ws/install/aruco_interfaces/local/lib/python3.10/dist-packages/aruco_interfaces-0.1.0-py3.10.egg-info/top_level.txt
[4.019s] -- Symlinking: /home/vaffelgutta/git/vaffelgutta/camera_library/camera_ws/install/aruco_interfaces/local/lib/python3.10/dist-packages/aruco_interfaces/__init__.py
[4.027s] -- Symlinking: /home/vaffelgutta/git/vaffelgutta/camera_library/camera_ws/install/aruco_interfaces/local/lib/python3.10/dist-packages/aruco_interfaces/_aruco_interfaces_s.ep.rosidl_typesupport_c.c
[4.036s] -- Symlinking: /home/vaffelgutta/git/vaffelgutta/camera_library/camera_ws/install/aruco_interfaces/local/lib/python3.10/dist-packages/aruco_interfaces/_aruco_interfaces_s.ep.rosidl_typesupport_fastrtps_c.c
[4.044s] -- Symlinking: /home/vaffelgutta/git/vaffelgutta/camera_library/camera_ws/install/aruco_interfaces/local/lib/python3.10/dist-packages/aruco_interfaces/_aruco_interfaces_s.ep.rosidl_typesupport_introspection_c.c
[4.052s] -- Symlinking: /home/vaffelgutta/git/vaffelgutta/camera_library/camera_ws/install/aruco_interfaces/local/lib/python3.10/dist-packages/aruco_interfaces/aruco_interfaces_s__rosidl_typesupport_c.cpython-310-x86_64-linux-gnu.so
[4.061s] -- Symlinking: /home/vaffelgutta/git/vaffelgutta/camera_library/camera_ws/install/aruco_interfaces/local/lib/python3.10/dist-packages/aruco_interfaces/aruco_interfaces_s__rosidl_typesupport_fastrtps_c.cpython-310-x86_64-linux-gnu.so
[4.069s] -- Symlinking: /home/vaffelgutta/git/vaffelgutta/camera_library/camera_ws/install/aruco_interfaces/local/lib/python3.10/dist-packages/aruco_interfaces/aruco_interfaces_s__rosidl_typesupport_introspection_c.cpython-310-x86_64-linux-gnu.so
[4.077s] -- Symlinking: /home/vaffelgutta/git/vaffelgutta/camera_library/camera_ws/install/aruco_interfaces/local/lib/python3.10/dist-packages/aruco_interfaces/libaruco_interfaces__rosidl_generator_py.so
[4.085s] -- Symlinking: /home/vaffelgutta/git/vaffelgutta/camera_library/camera_ws/install/aruco_interfaces/local/lib/python3.10/dist-packages/aruco_interfaces/msg/__init__.py
[4.094s] -- Symlinking: /home/vaffelgutta/git/vaffelgutta/camera_library/camera_ws/install/aruco_interfaces/local/lib/python3.10/dist-packages/aruco_interfaces/msg/_aruco_markers.py
[4.102s] -- Symlinking: /home/vaffelgutta/git/vaffelgutta/camera_library/camera_ws/install/aruco_interfaces/local/lib/python3.10/dist-packages/aruco_interfaces/msg/_aruco_markers_s.c
[4.111s] -- Up-to-date symlink: /home/vaffelgutta/git/vaffelgutta/camera_library/camera_ws/install/aruco_interfaces/local/lib/python3.10/dist-packages/aruco_interfaces/aruco_interfaces_s__rosidl_typesupport_fastrtps_c.cpython-310-x86_64-linux-gnu.so
[4.111s] -- Up-to-date symlink: /home/vaffelgutta/git/vaffelgutta/camera_library/camera_ws/install/aruco_interfaces/local/lib/python3.10/dist-packages/aruco_interfaces/aruco_interfaces_s__rosidl_typesupport_introspection_c.cpython-310-x86_64-linux-gnu.so
[4.111s] -- Up-to-date symlink: /home/vaffelgutta/git/vaffelgutta/camera_library/camera_ws/install/aruco_interfaces/local/lib/python3.10/dist-packages/aruco_interfaces/aruco_interfaces_s__rosidl_typesupport_c.cpython-310-x86_64-linux-gnu.so
[4.112s] -- Symlinking: /home/vaffelgutta/git/vaffelgutta/camera_library/camera_ws/install/aruco_interfaces/share/aruco_interfaces/msg/ArucoMarkers.idl
[4.120s] -- Symlinking: /home/vaffelgutta/git/vaffelgutta/camera_library/camera_ws/install/aruco_interfaces/share/aruco_interfaces/msg/ArucoMarkers.msg
[4.129s] -- Symlinking: /home/vaffelgutta/git/vaffelgutta/camera_library/camera_ws/install/aruco_interfaces/share/ament_index/resource_index/package_run_dependencies/aruco_interfaces
[4.138s] -- Symlinking: /home/vaffelgutta/git/vaffelgutta/camera_library/camera_ws/install/aruco_interfaces/share/ament_index/resource_index/parent_prefix_path/aruco_interfaces
[4.146s] -- Symlinking: /home/vaffelgutta/git/vaffelgutta/camera_library/camera_ws/install/aruco_interfaces/share/aruco_interfaces/environment/ament_prefix_path.sh
[4.155s] -- Symlinking: /home/vaffelgutta/git/vaffelgutta/camera_library/camera_ws/install/aruco_interfaces/share/aruco_interfaces/environment/ament_prefix_path.dsv
[4.163s] -- Symlinking: /home/vaffelgutta/git/vaffelgutta/camera_library/camera_ws/install/aruco_interfaces/share/aruco_interfaces/environment/path.sh
[4.172s] -- Symlinking: /home/vaffelgutta/git/vaffelgutta/camera_library/camera_ws/install/aruco_interfaces/share/aruco_interfaces/environment/path.dsv
[4.181s] -- Symlinking: /home/vaffelgutta/git/vaffelgutta/camera_library/camera_ws/install/aruco_interfaces/share/aruco_interfaces/local_setup.bash
[4.189s] -- Symlinking: /home/vaffelgutta/git/vaffelgutta/camera_library/camera_ws/install/aruco_interfaces/share/aruco_interfaces/local_setup.sh
[4.197s] -- Symlinking: /home/vaffelgutta/git/vaffelgutta/camera_library/camera_ws/install/aruco_interfaces/share/aruco_interfaces/local_setup.zsh
[4.207s] -- Symlinking: /home/vaffelgutta/git/vaffelgutta/camera_library/camera_ws/install/aruco_interfaces/share/aruco_interfaces/local_setup.dsv
[4.216s] -- Symlinking: /home/vaffelgutta/git/vaffelgutta/camera_library/camera_ws/install/aruco_interfaces/share/aruco_interfaces/package.dsv
[4.224s] -- Symlinking: /home/vaffelgutta/git/vaffelgutta/camera_library/camera_ws/install/aruco_interfaces/share/ament_index/resource_index/packages/aruco_interfaces
[4.233s] -- Symlinking: /home/vaffelgutta/git/vaffelgutta/camera_library/camera_ws/install/aruco_interfaces/share/aruco_interfaces/cmake/rosidl_cmake-extras.cmake
[4.242s] -- Symlinking: /home/vaffelgutta/git/vaffelgutta/camera_library/camera_ws/install/aruco_interfaces/share/aruco_interfaces/cmake/ament_cmake_export_dependencies-extras.cmake
[4.250s] -- Symlinking: /home/vaffelgutta/git/vaffelgutta/camera_library/camera_ws/install/aruco_interfaces/share/aruco_interfaces/cmake/ament_cmake_export_include_directories-extras.cmake
[4.259s] -- Symlinking: /home/vaffelgutta/git/vaffelgutta/camera_library/camera_ws/install/aruco_interfaces/share/aruco_interfaces/cmake/ament_cmake_export_libraries-extras.cmake
[4.268s] -- Symlinking: /home/vaffelgutta/git/vaffelgutta/camera_library/camera_ws/install/aruco_interfaces/share/aruco_interfaces/cmake/ament_cmake_export_targets-extras.cmake
[4.276s] -- Symlinking: /home/vaffelgutta/git/vaffelgutta/camera_library/camera_ws/install/aruco_interfaces/share/aruco_interfaces/cmake/rosidl_cmake_export_typesupport_targets-extras.cmake
[4.285s] -- Symlinking: /home/vaffelgutta/git/vaffelgutta/camera_library/camera_ws/install/aruco_interfaces/share/aruco_interfaces/cmake/rosidl_cmake_export_typesupport_libraries-extras.cmake
[4.293s] -- Symlinking: /home/vaffelgutta/git/vaffelgutta/camera_library/camera_ws/install/aruco_interfaces/share/aruco_interfaces/cmake/aruco_interfacesConfig.cmake
[4.301s] -- Symlinking: /home/vaffelgutta/git/vaffelgutta/camera_library/camera_ws/install/aruco_interfaces/share/aruco_interfaces/cmake/aruco_interfacesConfig-version.cmake
[4.310s] -- Symlinking: /home/vaffelgutta/git/vaffelgutta/camera_library/camera_ws/install/aruco_interfaces/share/aruco_interfaces/package.xml
[4.318s] -- Installing: /home/vaffelgutta/git/vaffelgutta/camera_library/camera_ws/install/aruco_interfaces/lib/libaruco_interfaces__rosidl_generator_c.so
[4.319s] -- Set runtime path of "/home/vaffelgutta/git/vaffelgutta/camera_library/camera_ws/install/aruco_interfaces/lib/libaruco_interfaces__rosidl_generator_c.so" to ""
[4.319s] -- Installing: /home/vaffelgutta/git/vaffelgutta/camera_library/camera_ws/install/aruco_interfaces/lib/libaruco_interfaces__rosidl_typesupport_fastrtps_c.so
[4.319s] -- Set runtime path of "/home/vaffelgutta/git/vaffelgutta/camera_library/camera_ws/install/aruco_interfaces/lib/libaruco_interfaces__rosidl_typesupport_fastrtps_c.so" to ""
[4.319s] -- Installing: /home/vaffelgutta/git/vaffelgutta/camera_library/camera_ws/install/aruco_interfaces/lib/libaruco_interfaces__rosidl_typesupport_fastrtps_cpp.so
[4.320s] -- Set runtime path of "/home/vaffelgutta/git/vaffelgutta/camera_library/camera_ws/install/aruco_interfaces/lib/libaruco_interfaces__rosidl_typesupport_fastrtps_cpp.so" to ""
[4.320s] -- Installing: /home/vaffelgutta/git/vaffelgutta/camera_library/camera_ws/install/aruco_interfaces/lib/libaruco_interfaces__rosidl_typesupport_introspection_c.so
[4.320s] -- Set runtime path of "/home/vaffelgutta/git/vaffelgutta/camera_library/camera_ws/install/aruco_interfaces/lib/libaruco_interfaces__rosidl_typesupport_introspection_c.so" to ""
[4.320s] -- Installing: /home/vaffelgutta/git/vaffelgutta/camera_library/camera_ws/install/aruco_interfaces/lib/libaruco_interfaces__rosidl_typesupport_c.so
[4.321s] -- Set runtime path of "/home/vaffelgutta/git/vaffelgutta/camera_library/camera_ws/install/aruco_interfaces/lib/libaruco_interfaces__rosidl_typesupport_c.so" to ""
[4.321s] -- Installing: /home/vaffelgutta/git/vaffelgutta/camera_library/camera_ws/install/aruco_interfaces/lib/libaruco_interfaces__rosidl_typesupport_introspection_cpp.so
[4.321s] -- Set runtime path of "/home/vaffelgutta/git/vaffelgutta/camera_library/camera_ws/install/aruco_interfaces/lib/libaruco_interfaces__rosidl_typesupport_introspection_cpp.so" to ""
[4.321s] -- Installing: /home/vaffelgutta/git/vaffelgutta/camera_library/camera_ws/install/aruco_interfaces/lib/libaruco_interfaces__rosidl_typesupport_cpp.so
[4.322s] -- Set runtime path of "/home/vaffelgutta/git/vaffelgutta/camera_library/camera_ws/install/aruco_interfaces/lib/libaruco_interfaces__rosidl_typesupport_cpp.so" to ""
[4.354s] Listing '/home/vaffelgutta/git/vaffelgutta/camera_library/camera_ws/install/aruco_interfaces/local/lib/python3.10/dist-packages/aruco_interfaces'...
[4.355s] Compiling '/home/vaffelgutta/git/vaffelgutta/camera_library/camera_ws/install/aruco_interfaces/local/lib/python3.10/dist-packages/aruco_interfaces/__init__.py'...
[4.355s] Listing '/home/vaffelgutta/git/vaffelgutta/camera_library/camera_ws/install/aruco_interfaces/local/lib/python3.10/dist-packages/aruco_interfaces/msg'...
[4.355s] Compiling '/home/vaffelgutta/git/vaffelgutta/camera_library/camera_ws/install/aruco_interfaces/local/lib/python3.10/dist-packages/aruco_interfaces/msg/__init__.py'...
[4.355s] Compiling '/home/vaffelgutta/git/vaffelgutta/camera_library/camera_ws/install/aruco_interfaces/local/lib/python3.10/dist-packages/aruco_interfaces/msg/_aruco_markers.py'...
[4.358s] -- Installing: /home/vaffelgutta/git/vaffelgutta/camera_library/camera_ws/install/aruco_interfaces/lib/libaruco_interfaces__rosidl_generator_py.so
[4.359s] -- Set runtime path of "/home/vaffelgutta/git/vaffelgutta/camera_library/camera_ws/install/aruco_interfaces/lib/libaruco_interfaces__rosidl_generator_py.so" to ""
[4.359s] -- Installing: /home/vaffelgutta/git/vaffelgutta/camera_library/camera_ws/install/aruco_interfaces/share/aruco_interfaces/cmake/export_aruco_interfaces__rosidl_generator_cExport.cmake
[4.359s] -- Installing: /home/vaffelgutta/git/vaffelgutta/camera_library/camera_ws/install/aruco_interfaces/share/aruco_interfaces/cmake/export_aruco_interfaces__rosidl_generator_cExport-noconfig.cmake
[4.359s] -- Installing: /home/vaffelgutta/git/vaffelgutta/camera_library/camera_ws/install/aruco_interfaces/share/aruco_interfaces/cmake/export_aruco_interfaces__rosidl_typesupport_fastrtps_cExport.cmake
[4.359s] -- Installing: /home/vaffelgutta/git/vaffelgutta/camera_library/camera_ws/install/aruco_interfaces/share/aruco_interfaces/cmake/export_aruco_interfaces__rosidl_typesupport_fastrtps_cExport-noconfig.cmake
[4.360s] -- Installing: /home/vaffelgutta/git/vaffelgutta/camera_library/camera_ws/install/aruco_interfaces/share/aruco_interfaces/cmake/export_aruco_interfaces__rosidl_generator_cppExport.cmake
[4.360s] -- Installing: /home/vaffelgutta/git/vaffelgutta/camera_library/camera_ws/install/aruco_interfaces/share/aruco_interfaces/cmake/export_aruco_interfaces__rosidl_typesupport_fastrtps_cppExport.cmake
[4.360s] -- Installing: /home/vaffelgutta/git/vaffelgutta/camera_library/camera_ws/install/aruco_interfaces/share/aruco_interfaces/cmake/export_aruco_interfaces__rosidl_typesupport_fastrtps_cppExport-noconfig.cmake
[4.360s] -- Installing: /home/vaffelgutta/git/vaffelgutta/camera_library/camera_ws/install/aruco_interfaces/share/aruco_interfaces/cmake/aruco_interfaces__rosidl_typesupport_introspection_cExport.cmake
[4.360s] -- Installing: /home/vaffelgutta/git/vaffelgutta/camera_library/camera_ws/install/aruco_interfaces/share/aruco_interfaces/cmake/aruco_interfaces__rosidl_typesupport_introspection_cExport-noconfig.cmake
[4.360s] -- Installing: /home/vaffelgutta/git/vaffelgutta/camera_library/camera_ws/install/aruco_interfaces/share/aruco_interfaces/cmake/aruco_interfaces__rosidl_typesupport_cExport.cmake
[4.360s] -- Installing: /home/vaffelgutta/git/vaffelgutta/camera_library/camera_ws/install/aruco_interfaces/share/aruco_interfaces/cmake/aruco_interfaces__rosidl_typesupport_cExport-noconfig.cmake
[4.360s] -- Installing: /home/vaffelgutta/git/vaffelgutta/camera_library/camera_ws/install/aruco_interfaces/share/aruco_interfaces/cmake/aruco_interfaces__rosidl_typesupport_introspection_cppExport.cmake
[4.361s] -- Installing: /home/vaffelgutta/git/vaffelgutta/camera_library/camera_ws/install/aruco_interfaces/share/aruco_interfaces/cmake/aruco_interfaces__rosidl_typesupport_introspection_cppExport-noconfig.cmake
[4.361s] -- Installing: /home/vaffelgutta/git/vaffelgutta/camera_library/camera_ws/install/aruco_interfaces/share/aruco_interfaces/cmake/aruco_interfaces__rosidl_typesupport_cppExport.cmake
[4.361s] -- Installing: /home/vaffelgutta/git/vaffelgutta/camera_library/camera_ws/install/aruco_interfaces/share/aruco_interfaces/cmake/aruco_interfaces__rosidl_typesupport_cppExport-noconfig.cmake
[4.361s] -- Installing: /home/vaffelgutta/git/vaffelgutta/camera_library/camera_ws/install/aruco_interfaces/share/aruco_interfaces/cmake/export_aruco_interfaces__rosidl_generator_pyExport.cmake
[4.361s] -- Installing: /home/vaffelgutta/git/vaffelgutta/camera_library/camera_ws/install/aruco_interfaces/share/aruco_interfaces/cmake/export_aruco_interfaces__rosidl_generator_pyExport-noconfig.cmake
[4.364s] Invoked command in '/home/vaffelgutta/git/vaffelgutta/camera_library/camera_ws/build/aruco_interfaces' returned '0': CMAKE_PREFIX_PATH=${CMAKE_PREFIX_PATH}:/home/vaffelgutta/interbotix_ws/install/interbotix_xs_modules:/home/vaffelgutta/interbotix_ws/install/interbotix_perception_modules:/home/vaffelgutta/interbotix_ws/install/interbotix_common_modules:/opt/ros/humble /usr/bin/cmake --install /home/vaffelgutta/git/vaffelgutta/camera_library/camera_ws/build/aruco_interfaces
