[0.086s] DEBUG:colcon:Command line arguments: ['/usr/bin/colcon', 'build']
[0.086s] DEBUG:colcon:Parsed command line arguments: Namespace(log_base=None, log_level=None, verb_name='build', build_base='build', install_base='install', merge_install=False, symlink_install=False, test_result_base=None, continue_on_error=False, executor='parallel', parallel_workers=12, event_handlers=None, ignore_user_meta=False, metas=['./colcon.meta'], base_paths=['.'], packages_ignore=None, packages_ignore_regex=None, paths=None, packages_up_to=None, packages_up_to_regex=None, packages_above=None, packages_above_and_dependencies=None, packages_above_depth=None, packages_select_by_dep=None, packages_skip_by_dep=None, packages_skip_up_to=None, packages_select_build_failed=False, packages_skip_build_finished=False, packages_select_test_failures=False, packages_skip_test_passed=False, packages_select=None, packages_skip=None, packages_select_regex=None, packages_skip_regex=None, packages_start=None, packages_end=None, allow_overriding=[], cmake_args=None, cmake_target=None, cmake_target_skip_unavailable=False, cmake_clean_cache=False, cmake_clean_first=False, cmake_force_configure=False, ament_cmake_args=None, catkin_cmake_args=None, catkin_skip_building_tests=False, mixin_files=None, mixin=None, verb_parser=<colcon_mixin.mixin.mixin_argument.MixinArgumentDecorator object at 0x7819eb19df30>, verb_extension=<colcon_core.verb.build.BuildVerb object at 0x7819eb19d4b0>, main=<bound method BuildVerb.main of <colcon_core.verb.build.BuildVerb object at 0x7819eb19d4b0>>, mixin_verb=('build',))
[0.112s] Level 1:colcon.colcon_core.package_discovery:discover_packages(colcon_meta) check parameters
[0.112s] Level 1:colcon.colcon_core.package_discovery:discover_packages(recursive) check parameters
[0.112s] Level 1:colcon.colcon_core.package_discovery:discover_packages(ignore) check parameters
[0.112s] Level 1:colcon.colcon_core.package_discovery:discover_packages(path) check parameters
[0.112s] Level 1:colcon.colcon_core.package_discovery:discover_packages(colcon_meta) discover
[0.112s] Level 1:colcon.colcon_core.package_discovery:discover_packages(recursive) discover
[0.112s] INFO:colcon.colcon_core.package_discovery:Crawling recursively for packages in '/home/havard/git/vaffelgutta/robot/robot_controllers/Wafflebot/moveit/cpp_ws'
[0.112s] Level 1:colcon.colcon_core.package_identification:_identify(.) by extensions ['ignore', 'ignore_ament_install']
[0.112s] Level 1:colcon.colcon_core.package_identification:_identify(.) by extension 'ignore'
[0.112s] Level 1:colcon.colcon_core.package_identification:_identify(.) by extension 'ignore_ament_install'
[0.112s] Level 1:colcon.colcon_core.package_identification:_identify(.) by extensions ['colcon_pkg']
[0.112s] Level 1:colcon.colcon_core.package_identification:_identify(.) by extension 'colcon_pkg'
[0.112s] Level 1:colcon.colcon_core.package_identification:_identify(.) by extensions ['colcon_meta']
[0.112s] Level 1:colcon.colcon_core.package_identification:_identify(.) by extension 'colcon_meta'
[0.112s] Level 1:colcon.colcon_core.package_identification:_identify(.) by extensions ['ros']
[0.112s] Level 1:colcon.colcon_core.package_identification:_identify(.) by extension 'ros'
[0.123s] DEBUG:colcon.colcon_core.package_identification:Package '.' with type 'ros.ament_cmake' and name 'collision_publisher'
[0.123s] Level 1:colcon.colcon_core.package_discovery:discover_packages(recursive) using defaults
[0.123s] Level 1:colcon.colcon_core.package_discovery:discover_packages(ignore) discover
[0.123s] Level 1:colcon.colcon_core.package_discovery:discover_packages(ignore) using defaults
[0.123s] Level 1:colcon.colcon_core.package_discovery:discover_packages(path) discover
[0.123s] Level 1:colcon.colcon_core.package_discovery:discover_packages(path) using defaults
[0.136s] Level 1:colcon.colcon_core.package_discovery:discover_packages(prefix_path) check parameters
[0.136s] Level 1:colcon.colcon_core.package_discovery:discover_packages(prefix_path) discover
[0.139s] DEBUG:colcon.colcon_installed_package_information.package_discovery:Found 56 installed packages in /home/havard/ws_moveit/install
[0.140s] DEBUG:colcon.colcon_installed_package_information.package_discovery:Found 0 installed packages in /home/havard/filesforrobot/launch/install
[0.140s] DEBUG:colcon.colcon_installed_package_information.package_discovery:Found 1 installed packages in /home/havard/apriltag_ws/install
[0.140s] DEBUG:colcon.colcon_installed_package_information.package_discovery:Found 34 installed packages in /home/havard/interbotix_ws/install
[0.141s] DEBUG:colcon.colcon_installed_package_information.package_discovery:Found 357 installed packages in /opt/ros/humble
[0.142s] Level 1:colcon.colcon_core.package_discovery:discover_packages(prefix_path) using defaults
[0.169s] Level 5:colcon.colcon_core.verb:set package 'collision_publisher' build argument 'cmake_args' from command line to 'None'
[0.169s] Level 5:colcon.colcon_core.verb:set package 'collision_publisher' build argument 'cmake_target' from command line to 'None'
[0.169s] Level 5:colcon.colcon_core.verb:set package 'collision_publisher' build argument 'cmake_target_skip_unavailable' from command line to 'False'
[0.169s] Level 5:colcon.colcon_core.verb:set package 'collision_publisher' build argument 'cmake_clean_cache' from command line to 'False'
[0.169s] Level 5:colcon.colcon_core.verb:set package 'collision_publisher' build argument 'cmake_clean_first' from command line to 'False'
[0.169s] Level 5:colcon.colcon_core.verb:set package 'collision_publisher' build argument 'cmake_force_configure' from command line to 'False'
[0.169s] Level 5:colcon.colcon_core.verb:set package 'collision_publisher' build argument 'ament_cmake_args' from command line to 'None'
[0.169s] Level 5:colcon.colcon_core.verb:set package 'collision_publisher' build argument 'catkin_cmake_args' from command line to 'None'
[0.169s] Level 5:colcon.colcon_core.verb:set package 'collision_publisher' build argument 'catkin_skip_building_tests' from command line to 'False'
[0.169s] DEBUG:colcon.colcon_core.verb:Building package 'collision_publisher' with the following arguments: {'ament_cmake_args': None, 'build_base': '/home/havard/git/vaffelgutta/robot/robot_controllers/Wafflebot/moveit/cpp_ws/build/collision_publisher', 'catkin_cmake_args': None, 'catkin_skip_building_tests': False, 'cmake_args': None, 'cmake_clean_cache': False, 'cmake_clean_first': False, 'cmake_force_configure': False, 'cmake_target': None, 'cmake_target_skip_unavailable': False, 'install_base': '/home/havard/git/vaffelgutta/robot/robot_controllers/Wafflebot/moveit/cpp_ws/install/collision_publisher', 'merge_install': False, 'path': '/home/havard/git/vaffelgutta/robot/robot_controllers/Wafflebot/moveit/cpp_ws', 'symlink_install': False, 'test_result_base': None}
[0.169s] INFO:colcon.colcon_core.executor:Executing jobs using 'parallel' executor
[0.170s] DEBUG:colcon.colcon_parallel_executor.executor.parallel:run_until_complete
[0.170s] INFO:colcon.colcon_ros.task.ament_cmake.build:Building ROS package in '/home/havard/git/vaffelgutta/robot/robot_controllers/Wafflebot/moveit/cpp_ws' with build type 'ament_cmake'
[0.170s] INFO:colcon.colcon_cmake.task.cmake.build:Building CMake package in '/home/havard/git/vaffelgutta/robot/robot_controllers/Wafflebot/moveit/cpp_ws'
[0.171s] INFO:colcon.colcon_core.plugin_system:Skipping extension 'colcon_core.shell.bat': Not used on non-Windows systems
[0.172s] INFO:colcon.colcon_core.shell:Skip shell extension 'powershell' for command environment: Not usable outside of PowerShell
[0.172s] DEBUG:colcon.colcon_core.shell:Skip shell extension 'dsv' for command environment
[0.185s] DEBUG:colcon.colcon_core.event_handler.log_command:Invoking command in '/home/havard/git/vaffelgutta/robot/robot_controllers/Wafflebot/moveit/cpp_ws/build/collision_publisher': CMAKE_PREFIX_PATH=${CMAKE_PREFIX_PATH}:/home/havard/ws_moveit/install/moveit_configs_utils:/home/havard/ws_moveit/install/launch_param_builder:/home/havard/interbotix_ws/install/interbotix_xs_modules:/home/havard/interbotix_ws/install/interbotix_perception_modules:/home/havard/interbotix_ws/install/interbotix_common_modules:/opt/ros/humble /usr/bin/cmake /home/havard/git/vaffelgutta/robot/robot_controllers/Wafflebot/moveit/cpp_ws -DCMAKE_INSTALL_PREFIX=/home/havard/git/vaffelgutta/robot/robot_controllers/Wafflebot/moveit/cpp_ws/install/collision_publisher
[2.846s] DEBUG:colcon.colcon_core.event_handler.log_command:Invoked command in '/home/havard/git/vaffelgutta/robot/robot_controllers/Wafflebot/moveit/cpp_ws/build/collision_publisher' returned '0': CMAKE_PREFIX_PATH=${CMAKE_PREFIX_PATH}:/home/havard/ws_moveit/install/moveit_configs_utils:/home/havard/ws_moveit/install/launch_param_builder:/home/havard/interbotix_ws/install/interbotix_xs_modules:/home/havard/interbotix_ws/install/interbotix_perception_modules:/home/havard/interbotix_ws/install/interbotix_common_modules:/opt/ros/humble /usr/bin/cmake /home/havard/git/vaffelgutta/robot/robot_controllers/Wafflebot/moveit/cpp_ws -DCMAKE_INSTALL_PREFIX=/home/havard/git/vaffelgutta/robot/robot_controllers/Wafflebot/moveit/cpp_ws/install/collision_publisher
[2.846s] DEBUG:colcon.colcon_core.event_handler.log_command:Invoking command in '/home/havard/git/vaffelgutta/robot/robot_controllers/Wafflebot/moveit/cpp_ws/build/collision_publisher': CMAKE_PREFIX_PATH=${CMAKE_PREFIX_PATH}:/home/havard/ws_moveit/install/moveit_configs_utils:/home/havard/ws_moveit/install/launch_param_builder:/home/havard/interbotix_ws/install/interbotix_xs_modules:/home/havard/interbotix_ws/install/interbotix_perception_modules:/home/havard/interbotix_ws/install/interbotix_common_modules:/opt/ros/humble /usr/bin/cmake --build /home/havard/git/vaffelgutta/robot/robot_controllers/Wafflebot/moveit/cpp_ws/build/collision_publisher -- -j12 -l12
[8.768s] DEBUG:colcon.colcon_core.event_handler.log_command:Invoked command in '/home/havard/git/vaffelgutta/robot/robot_controllers/Wafflebot/moveit/cpp_ws/build/collision_publisher' returned '0': CMAKE_PREFIX_PATH=${CMAKE_PREFIX_PATH}:/home/havard/ws_moveit/install/moveit_configs_utils:/home/havard/ws_moveit/install/launch_param_builder:/home/havard/interbotix_ws/install/interbotix_xs_modules:/home/havard/interbotix_ws/install/interbotix_perception_modules:/home/havard/interbotix_ws/install/interbotix_common_modules:/opt/ros/humble /usr/bin/cmake --build /home/havard/git/vaffelgutta/robot/robot_controllers/Wafflebot/moveit/cpp_ws/build/collision_publisher -- -j12 -l12
[8.778s] DEBUG:colcon.colcon_core.event_handler.log_command:Invoking command in '/home/havard/git/vaffelgutta/robot/robot_controllers/Wafflebot/moveit/cpp_ws/build/collision_publisher': CMAKE_PREFIX_PATH=${CMAKE_PREFIX_PATH}:/home/havard/ws_moveit/install/moveit_configs_utils:/home/havard/ws_moveit/install/launch_param_builder:/home/havard/interbotix_ws/install/interbotix_xs_modules:/home/havard/interbotix_ws/install/interbotix_perception_modules:/home/havard/interbotix_ws/install/interbotix_common_modules:/opt/ros/humble /usr/bin/cmake --install /home/havard/git/vaffelgutta/robot/robot_controllers/Wafflebot/moveit/cpp_ws/build/collision_publisher
[8.792s] Level 1:colcon.colcon_core.environment:create_environment_scripts_only(collision_publisher)
[8.793s] DEBUG:colcon.colcon_core.event_handler.log_command:Invoked command in '/home/havard/git/vaffelgutta/robot/robot_controllers/Wafflebot/moveit/cpp_ws/build/collision_publisher' returned '0': CMAKE_PREFIX_PATH=${CMAKE_PREFIX_PATH}:/home/havard/ws_moveit/install/moveit_configs_utils:/home/havard/ws_moveit/install/launch_param_builder:/home/havard/interbotix_ws/install/interbotix_xs_modules:/home/havard/interbotix_ws/install/interbotix_perception_modules:/home/havard/interbotix_ws/install/interbotix_common_modules:/opt/ros/humble /usr/bin/cmake --install /home/havard/git/vaffelgutta/robot/robot_controllers/Wafflebot/moveit/cpp_ws/build/collision_publisher
[8.794s] Level 1:colcon.colcon_core.environment:checking '/home/havard/git/vaffelgutta/robot/robot_controllers/Wafflebot/moveit/cpp_ws/install/collision_publisher' for CMake module files
[8.794s] Level 1:colcon.colcon_core.environment:checking '/home/havard/git/vaffelgutta/robot/robot_controllers/Wafflebot/moveit/cpp_ws/install/collision_publisher' for CMake config files
[8.794s] Level 1:colcon.colcon_core.shell:create_environment_hook('collision_publisher', 'cmake_prefix_path')
[8.795s] INFO:colcon.colcon_core.shell:Creating environment hook '/home/havard/git/vaffelgutta/robot/robot_controllers/Wafflebot/moveit/cpp_ws/install/collision_publisher/share/collision_publisher/hook/cmake_prefix_path.ps1'
[8.795s] INFO:colcon.colcon_core.shell:Creating environment descriptor '/home/havard/git/vaffelgutta/robot/robot_controllers/Wafflebot/moveit/cpp_ws/install/collision_publisher/share/collision_publisher/hook/cmake_prefix_path.dsv'
[8.795s] INFO:colcon.colcon_core.shell:Creating environment hook '/home/havard/git/vaffelgutta/robot/robot_controllers/Wafflebot/moveit/cpp_ws/install/collision_publisher/share/collision_publisher/hook/cmake_prefix_path.sh'
[8.796s] Level 1:colcon.colcon_core.environment:checking '/home/havard/git/vaffelgutta/robot/robot_controllers/Wafflebot/moveit/cpp_ws/install/collision_publisher/lib'
[8.796s] Level 1:colcon.colcon_core.environment:checking '/home/havard/git/vaffelgutta/robot/robot_controllers/Wafflebot/moveit/cpp_ws/install/collision_publisher/bin'
[8.796s] Level 1:colcon.colcon_core.environment:checking '/home/havard/git/vaffelgutta/robot/robot_controllers/Wafflebot/moveit/cpp_ws/install/collision_publisher/lib/pkgconfig/collision_publisher.pc'
[8.796s] Level 1:colcon.colcon_core.environment:checking '/home/havard/git/vaffelgutta/robot/robot_controllers/Wafflebot/moveit/cpp_ws/install/collision_publisher/lib/python3.10/site-packages'
[8.796s] Level 1:colcon.colcon_core.environment:checking '/home/havard/git/vaffelgutta/robot/robot_controllers/Wafflebot/moveit/cpp_ws/install/collision_publisher/bin'
[8.796s] INFO:colcon.colcon_core.shell:Creating package script '/home/havard/git/vaffelgutta/robot/robot_controllers/Wafflebot/moveit/cpp_ws/install/collision_publisher/share/collision_publisher/package.ps1'
[8.797s] INFO:colcon.colcon_core.shell:Creating package descriptor '/home/havard/git/vaffelgutta/robot/robot_controllers/Wafflebot/moveit/cpp_ws/install/collision_publisher/share/collision_publisher/package.dsv'
[8.797s] INFO:colcon.colcon_core.shell:Creating package script '/home/havard/git/vaffelgutta/robot/robot_controllers/Wafflebot/moveit/cpp_ws/install/collision_publisher/share/collision_publisher/package.sh'
[8.797s] INFO:colcon.colcon_core.shell:Creating package script '/home/havard/git/vaffelgutta/robot/robot_controllers/Wafflebot/moveit/cpp_ws/install/collision_publisher/share/collision_publisher/package.bash'
[8.797s] INFO:colcon.colcon_core.shell:Creating package script '/home/havard/git/vaffelgutta/robot/robot_controllers/Wafflebot/moveit/cpp_ws/install/collision_publisher/share/collision_publisher/package.zsh'
[8.798s] Level 1:colcon.colcon_core.environment:create_file_with_runtime_dependencies(/home/havard/git/vaffelgutta/robot/robot_controllers/Wafflebot/moveit/cpp_ws/install/collision_publisher/share/colcon-core/packages/collision_publisher)
[8.798s] Level 1:colcon.colcon_core.environment:create_environment_scripts_only(collision_publisher)
[8.798s] Level 1:colcon.colcon_core.environment:checking '/home/havard/git/vaffelgutta/robot/robot_controllers/Wafflebot/moveit/cpp_ws/install/collision_publisher' for CMake module files
[8.799s] Level 1:colcon.colcon_core.environment:checking '/home/havard/git/vaffelgutta/robot/robot_controllers/Wafflebot/moveit/cpp_ws/install/collision_publisher' for CMake config files
[8.799s] Level 1:colcon.colcon_core.shell:create_environment_hook('collision_publisher', 'cmake_prefix_path')
[8.799s] INFO:colcon.colcon_core.shell:Creating environment hook '/home/havard/git/vaffelgutta/robot/robot_controllers/Wafflebot/moveit/cpp_ws/install/collision_publisher/share/collision_publisher/hook/cmake_prefix_path.ps1'
[8.799s] INFO:colcon.colcon_core.shell:Creating environment descriptor '/home/havard/git/vaffelgutta/robot/robot_controllers/Wafflebot/moveit/cpp_ws/install/collision_publisher/share/collision_publisher/hook/cmake_prefix_path.dsv'
[8.799s] INFO:colcon.colcon_core.shell:Creating environment hook '/home/havard/git/vaffelgutta/robot/robot_controllers/Wafflebot/moveit/cpp_ws/install/collision_publisher/share/collision_publisher/hook/cmake_prefix_path.sh'
[8.800s] Level 1:colcon.colcon_core.environment:checking '/home/havard/git/vaffelgutta/robot/robot_controllers/Wafflebot/moveit/cpp_ws/install/collision_publisher/lib'
[8.800s] Level 1:colcon.colcon_core.environment:checking '/home/havard/git/vaffelgutta/robot/robot_controllers/Wafflebot/moveit/cpp_ws/install/collision_publisher/bin'
[8.800s] Level 1:colcon.colcon_core.environment:checking '/home/havard/git/vaffelgutta/robot/robot_controllers/Wafflebot/moveit/cpp_ws/install/collision_publisher/lib/pkgconfig/collision_publisher.pc'
[8.800s] Level 1:colcon.colcon_core.environment:checking '/home/havard/git/vaffelgutta/robot/robot_controllers/Wafflebot/moveit/cpp_ws/install/collision_publisher/lib/python3.10/site-packages'
[8.800s] Level 1:colcon.colcon_core.environment:checking '/home/havard/git/vaffelgutta/robot/robot_controllers/Wafflebot/moveit/cpp_ws/install/collision_publisher/bin'
[8.800s] INFO:colcon.colcon_core.shell:Creating package script '/home/havard/git/vaffelgutta/robot/robot_controllers/Wafflebot/moveit/cpp_ws/install/collision_publisher/share/collision_publisher/package.ps1'
[8.801s] INFO:colcon.colcon_core.shell:Creating package descriptor '/home/havard/git/vaffelgutta/robot/robot_controllers/Wafflebot/moveit/cpp_ws/install/collision_publisher/share/collision_publisher/package.dsv'
[8.801s] INFO:colcon.colcon_core.shell:Creating package script '/home/havard/git/vaffelgutta/robot/robot_controllers/Wafflebot/moveit/cpp_ws/install/collision_publisher/share/collision_publisher/package.sh'
[8.801s] INFO:colcon.colcon_core.shell:Creating package script '/home/havard/git/vaffelgutta/robot/robot_controllers/Wafflebot/moveit/cpp_ws/install/collision_publisher/share/collision_publisher/package.bash'
[8.801s] INFO:colcon.colcon_core.shell:Creating package script '/home/havard/git/vaffelgutta/robot/robot_controllers/Wafflebot/moveit/cpp_ws/install/collision_publisher/share/collision_publisher/package.zsh'
[8.801s] Level 1:colcon.colcon_core.environment:create_file_with_runtime_dependencies(/home/havard/git/vaffelgutta/robot/robot_controllers/Wafflebot/moveit/cpp_ws/install/collision_publisher/share/colcon-core/packages/collision_publisher)
[8.802s] DEBUG:colcon.colcon_parallel_executor.executor.parallel:closing loop
[8.802s] DEBUG:colcon.colcon_parallel_executor.executor.parallel:loop closed
[8.802s] DEBUG:colcon.colcon_parallel_executor.executor.parallel:run_until_complete finished with '0'
[8.802s] DEBUG:colcon.colcon_core.event_reactor:joining thread
[8.805s] INFO:colcon.colcon_core.plugin_system:Skipping extension 'colcon_notification.desktop_notification.terminal_notifier': Not used on non-Darwin systems
[8.805s] INFO:colcon.colcon_core.plugin_system:Skipping extension 'colcon_notification.desktop_notification.win32': Not used on non-Windows systems
[8.805s] INFO:colcon.colcon_notification.desktop_notification:Sending desktop notification using 'notify2'
[8.813s] DEBUG:colcon.colcon_core.event_reactor:joined thread
[8.813s] INFO:colcon.colcon_core.shell:Creating prefix script '/home/havard/git/vaffelgutta/robot/robot_controllers/Wafflebot/moveit/cpp_ws/install/local_setup.ps1'
[8.814s] INFO:colcon.colcon_core.shell:Creating prefix util module '/home/havard/git/vaffelgutta/robot/robot_controllers/Wafflebot/moveit/cpp_ws/install/_local_setup_util_ps1.py'
[8.814s] INFO:colcon.colcon_core.shell:Creating prefix chain script '/home/havard/git/vaffelgutta/robot/robot_controllers/Wafflebot/moveit/cpp_ws/install/setup.ps1'
[8.817s] INFO:colcon.colcon_core.shell:Creating prefix script '/home/havard/git/vaffelgutta/robot/robot_controllers/Wafflebot/moveit/cpp_ws/install/local_setup.sh'
[8.817s] INFO:colcon.colcon_core.shell:Creating prefix util module '/home/havard/git/vaffelgutta/robot/robot_controllers/Wafflebot/moveit/cpp_ws/install/_local_setup_util_sh.py'
[8.817s] INFO:colcon.colcon_core.shell:Creating prefix chain script '/home/havard/git/vaffelgutta/robot/robot_controllers/Wafflebot/moveit/cpp_ws/install/setup.sh'
[8.819s] INFO:colcon.colcon_core.shell:Creating prefix script '/home/havard/git/vaffelgutta/robot/robot_controllers/Wafflebot/moveit/cpp_ws/install/local_setup.bash'
[8.819s] INFO:colcon.colcon_core.shell:Creating prefix chain script '/home/havard/git/vaffelgutta/robot/robot_controllers/Wafflebot/moveit/cpp_ws/install/setup.bash'
[8.821s] INFO:colcon.colcon_core.shell:Creating prefix script '/home/havard/git/vaffelgutta/robot/robot_controllers/Wafflebot/moveit/cpp_ws/install/local_setup.zsh'
[8.821s] INFO:colcon.colcon_core.shell:Creating prefix chain script '/home/havard/git/vaffelgutta/robot/robot_controllers/Wafflebot/moveit/cpp_ws/install/setup.zsh'
